<?xml version="1.0" encoding="UTF-8"?>
<testsuite name="org.waldreg.acceptance.permission.PermissionAcceptanceTest" tests="24" skipped="0" failures="0" errors="0" timestamp="2023-06-27T14:36:17" hostname="xb-apple.local" time="0.195">
  <properties/>
  <testcase name="특정 역할 조회 실패 인수테스트 - 잘못된 character-name 으로 조회" classname="org.waldreg.acceptance.permission.PermissionAcceptanceTest" time="0.007"/>
  <testcase name="선택 가능한 permission 목록 조회 실패 인수 테스트 - 최고 관리자 아님" classname="org.waldreg.acceptance.permission.PermissionAcceptanceTest" time="0.01"/>
  <testcase name="새로운 역할 추가 실패 인수 테스트 - 중복된 character_name 추가 요청" classname="org.waldreg.acceptance.permission.PermissionAcceptanceTest" time="0.018"/>
  <testcase name="역할 생성 실패 테스트 - 역할 이름에 공백이 들어옴" classname="org.waldreg.acceptance.permission.PermissionAcceptanceTest" time="0.004"/>
  <testcase name="특정 역할 수정 성공 인수테스트" classname="org.waldreg.acceptance.permission.PermissionAcceptanceTest" time="0.012"/>
  <testcase name="특정 역할 수정 실패 인수테스트 - 수정할 이름 중복" classname="org.waldreg.acceptance.permission.PermissionAcceptanceTest" time="0.011"/>
  <testcase name="특정 역할 수정 실패 인수테스트 - 최고 관리자가 아님" classname="org.waldreg.acceptance.permission.PermissionAcceptanceTest" time="0.008"/>
  <testcase name="특정 역할 수정 실패 인수테스트 - 없는 permission_name 에 대해서 요청" classname="org.waldreg.acceptance.permission.PermissionAcceptanceTest" time="0.01"/>
  <testcase name="특정 역할 수정 실패 인수테스트 - path-parameter 에 잘못된 character-name 으로 수정 요청" classname="org.waldreg.acceptance.permission.PermissionAcceptanceTest" time="0.004"/>
  <testcase name="새로운 역할 추가 성공 인수 테스트" classname="org.waldreg.acceptance.permission.PermissionAcceptanceTest" time="0.009"/>
  <testcase name="새로운 역할 추가 실패 인수 테스트 - 잘못된 permission_name 에 대해 요청" classname="org.waldreg.acceptance.permission.PermissionAcceptanceTest" time="0.008"/>
  <testcase name="역할 삭제 실패 인수 테스트 - 없는 역할에 대한 삭제 요청" classname="org.waldreg.acceptance.permission.PermissionAcceptanceTest" time="0.003"/>
  <testcase name="역할 삭제 성공 인수 테스트" classname="org.waldreg.acceptance.permission.PermissionAcceptanceTest" time="0.005"/>
  <testcase name="새로운 역할 생성 및 조회 성공 테스트 - permission에 공백" classname="org.waldreg.acceptance.permission.PermissionAcceptanceTest" time="0.008"/>
  <testcase name="역할 삭제 실패 - 최고 관리자가 아님" classname="org.waldreg.acceptance.permission.PermissionAcceptanceTest" time="0.012"/>
  <testcase name="특정 역할 조회 실패 인수테스트 - 최고 관리자가 아님" classname="org.waldreg.acceptance.permission.PermissionAcceptanceTest" time="0.007"/>
  <testcase name="역할 목록 조회 실패 인수 테스트 - 최고 관리자가 아님" classname="org.waldreg.acceptance.permission.PermissionAcceptanceTest" time="0.006"/>
  <testcase name="새로운 역할 추가 실패 인수 테스트 - 최고 관리자가 아닐때" classname="org.waldreg.acceptance.permission.PermissionAcceptanceTest" time="0.009"/>
  <testcase name="특정 역할 조회 성공 인수 테스트" classname="org.waldreg.acceptance.permission.PermissionAcceptanceTest" time="0.007"/>
  <testcase name="역할 목록 조회 성공 인수 테스트" classname="org.waldreg.acceptance.permission.PermissionAcceptanceTest" time="0.009"/>
  <testcase name="특정 역할 수정 실패 인수테스트 - 잘못된 permission_status 로 수정 요청" classname="org.waldreg.acceptance.permission.PermissionAcceptanceTest" time="0.011"/>
  <testcase name="새로운 역할 추가 실패 인수 테스트 - 잘못된 permission_status 요청" classname="org.waldreg.acceptance.permission.PermissionAcceptanceTest" time="0.007"/>
  <testcase name="역할 수정 실패 테스트 - Guest 와 Admin 역할 수정 불가" classname="org.waldreg.acceptance.permission.PermissionAcceptanceTest" time="0.004"/>
  <testcase name="선택가능한 permission 목록 조회 성공 인수 테스트" classname="org.waldreg.acceptance.permission.PermissionAcceptanceTest" time="0.004"/>
  <system-out><![CDATA[2023-06-27 23:36:17.164  INFO 90271 --- [    Test worker] .b.t.c.SpringBootTestContextBootstrapper : Neither @ContextConfiguration nor @ContextHierarchy found for test class [org.waldreg.acceptance.permission.PermissionAcceptanceTest], using SpringBootContextLoader
2023-06-27 23:36:17.165  INFO 90271 --- [    Test worker] o.s.t.c.support.AbstractContextLoader    : Could not detect default resource locations for test class [org.waldreg.acceptance.permission.PermissionAcceptanceTest]: no resource found for suffixes {-context.xml, Context.groovy}.
2023-06-27 23:36:17.165  INFO 90271 --- [    Test worker] t.c.s.AnnotationConfigContextLoaderUtils : Could not detect default configuration classes for test class [org.waldreg.acceptance.permission.PermissionAcceptanceTest]: PermissionAcceptanceTest does not declare any static, non-private, non-final, nested classes annotated with @Configuration.
2023-06-27 23:36:17.167  INFO 90271 --- [    Test worker] .b.t.c.SpringBootTestContextBootstrapper : Found @SpringBootConfiguration org.waldreg.Application for test class org.waldreg.acceptance.permission.PermissionAcceptanceTest
2023-06-27 23:36:17.167  INFO 90271 --- [    Test worker] .b.t.c.SpringBootTestContextBootstrapper : Loaded default TestExecutionListener class names from location [META-INF/spring.factories]: [org.springframework.boot.test.autoconfigure.restdocs.RestDocsTestExecutionListener, org.springframework.boot.test.autoconfigure.web.client.MockRestServiceServerResetTestExecutionListener, org.springframework.boot.test.autoconfigure.web.servlet.MockMvcPrintOnlyOnFailureTestExecutionListener, org.springframework.boot.test.autoconfigure.web.servlet.WebDriverTestExecutionListener, org.springframework.boot.test.autoconfigure.webservices.client.MockWebServiceServerTestExecutionListener, org.springframework.boot.test.mock.mockito.MockitoTestExecutionListener, org.springframework.boot.test.mock.mockito.ResetMocksTestExecutionListener, org.springframework.test.context.web.ServletTestExecutionListener, org.springframework.test.context.support.DirtiesContextBeforeModesTestExecutionListener, org.springframework.test.context.event.ApplicationEventsTestExecutionListener, org.springframework.test.context.support.DependencyInjectionTestExecutionListener, org.springframework.test.context.support.DirtiesContextTestExecutionListener, org.springframework.test.context.transaction.TransactionalTestExecutionListener, org.springframework.test.context.jdbc.SqlScriptsTestExecutionListener, org.springframework.test.context.event.EventPublishingTestExecutionListener]
2023-06-27 23:36:17.167  INFO 90271 --- [    Test worker] .b.t.c.SpringBootTestContextBootstrapper : Using TestExecutionListeners: [org.springframework.test.context.web.ServletTestExecutionListener@2eec5802, org.springframework.test.context.support.DirtiesContextBeforeModesTestExecutionListener@2cef26e4, org.springframework.test.context.event.ApplicationEventsTestExecutionListener@cdd28d1, org.springframework.boot.test.mock.mockito.MockitoTestExecutionListener@72b95ab9, org.springframework.boot.test.autoconfigure.SpringBootDependencyInjectionTestExecutionListener@3ed930a4, org.springframework.test.context.support.DirtiesContextTestExecutionListener@6bd4e99d, org.springframework.test.context.transaction.TransactionalTestExecutionListener@e2acf96, org.springframework.test.context.jdbc.SqlScriptsTestExecutionListener@36fe2078, org.springframework.test.context.event.EventPublishingTestExecutionListener@41556a13, org.springframework.boot.test.autoconfigure.restdocs.RestDocsTestExecutionListener@d81eba5, org.springframework.boot.test.autoconfigure.web.client.MockRestServiceServerResetTestExecutionListener@550fd3fc, org.springframework.boot.test.autoconfigure.web.servlet.MockMvcPrintOnlyOnFailureTestExecutionListener@1235c4c5, org.springframework.boot.test.autoconfigure.web.servlet.WebDriverTestExecutionListener@785a2162, org.springframework.boot.test.autoconfigure.webservices.client.MockWebServiceServerTestExecutionListener@7a04210f, org.springframework.boot.test.mock.mockito.ResetMocksTestExecutionListener@51bf8d80]
Hibernate: select user0_.user_id as col_0_0_ from user user0_ where user0_.user_user_id=? limit ?
Hibernate: select user0_.user_id as col_0_0_ from user user0_ where user0_.user_user_id=? limit ?
Hibernate: select U.* from USER U where U.USER_USER_ID =?
Hibernate: select character0_.character_id as characte1_6_0_, character0_.character_character_name as characte2_6_0_ from characters character0_ where character0_.character_id=?
Hibernate: select user0_.user_id as col_0_0_ from user user0_ where user0_.user_user_id=? limit ?
Hibernate: select user0_.user_id as col_0_0_ from user user0_ where user0_.user_user_id=? limit ?
Hibernate: select U.* from USER U where U.USER_USER_ID =?
Hibernate: select character0_.character_id as characte1_6_0_, character0_.character_character_name as characte2_6_0_ from characters character0_ where character0_.character_id=?
Hibernate: select user0_.user_id as col_0_0_ from user user0_ where user0_.user_user_id=? limit ?
Hibernate: select user0_.user_id as col_0_0_ from user user0_ where user0_.user_user_id=? limit ?
Hibernate: select U.* from USER U where U.USER_USER_ID =?
Hibernate: select character0_.character_id as characte1_6_0_, character0_.character_character_name as characte2_6_0_ from characters character0_ where character0_.character_id=?
Hibernate: select user0_.user_id as user_id1_20_0_, user0_.character_id as characte7_20_0_, user0_.user_created_at as user_cre2_20_0_, user0_.user_name as user_nam3_20_0_, user0_.user_phone_number as user_pho4_20_0_, user0_.user_user_id as user_use5_20_0_, user0_.user_user_password as user_use6_20_0_ from user user0_ where user0_.user_id=?
Hibernate: select character0_.character_id as characte1_6_0_, character0_.character_character_name as characte2_6_0_ from characters character0_ where character0_.character_id=?
Hibernate: select count(*) as col_0_0_ from user user0_ where user0_.user_id=?
Hibernate: select character1_.character_id as characte1_6_, character1_.character_character_name as characte2_6_ from user user0_ inner join characters character1_ on user0_.character_id=character1_.character_id where user0_.user_id=?
Hibernate: select permission0_.character_id as characte6_11_0_, permission0_.permission_id as permissi1_11_0_, permission0_.permission_id as permissi1_11_1_, permission0_.character_id as characte6_11_1_, permission0_.permission_name as permissi2_11_1_, permission0_.permission_permission_unit_id as permissi3_11_1_, permission0_.permission_service as permissi4_11_1_, permission0_.permission_status as permissi5_11_1_ from permission permission0_ where permission0_.character_id=?
Hibernate: select character0_.character_id as characte1_6_0_, permission1_.permission_id as permissi1_11_1_, character0_.character_character_name as characte2_6_0_, permission1_.character_id as characte6_11_1_, permission1_.permission_name as permissi2_11_1_, permission1_.permission_permission_unit_id as permissi3_11_1_, permission1_.permission_service as permissi4_11_1_, permission1_.permission_status as permissi5_11_1_, permission1_.character_id as characte6_11_0__, permission1_.permission_id as permissi1_11_0__ from characters character0_ inner join permission permission1_ on character0_.character_id=permission1_.character_id where character0_.character_character_name=?
Hibernate: select user0_.user_id as col_0_0_ from user user0_ where user0_.user_user_id=? limit ?
Hibernate: select user0_.user_id as col_0_0_ from user user0_ where user0_.user_user_id=? limit ?
Hibernate: select U.* from USER U where U.USER_USER_ID =?
Hibernate: select character0_.character_id as characte1_6_0_, character0_.character_character_name as characte2_6_0_ from characters character0_ where character0_.character_id=?
Hibernate: select user0_.user_id as col_0_0_ from user user0_ where user0_.user_user_id=? limit ?
Hibernate: select user0_.user_id as col_0_0_ from user user0_ where user0_.user_user_id=? limit ?
Hibernate: select U.* from USER U where U.USER_USER_ID =?
Hibernate: select character0_.character_id as characte1_6_0_, character0_.character_character_name as characte2_6_0_ from characters character0_ where character0_.character_id=?
Hibernate: select user0_.user_id as col_0_0_ from user user0_ where user0_.user_user_id=? limit ?
Hibernate: select user0_.user_id as col_0_0_ from user user0_ where user0_.user_user_id=? limit ?
Hibernate: select U.* from USER U where U.USER_USER_ID =?
Hibernate: select character0_.character_id as characte1_6_0_, character0_.character_character_name as characte2_6_0_ from characters character0_ where character0_.character_id=?
Hibernate: select user0_.user_id as col_0_0_ from user user0_ where user0_.user_user_id=? limit ?
Hibernate: select user0_.user_id as col_0_0_ from user user0_ where user0_.user_user_id=? limit ?
Hibernate: select U.* from USER U where U.USER_USER_ID =?
Hibernate: select character0_.character_id as characte1_6_0_, character0_.character_character_name as characte2_6_0_ from characters character0_ where character0_.character_id=?
Hibernate: select user0_.user_id as col_0_0_ from user user0_ where user0_.user_user_id=? limit ?
Hibernate: select user0_.user_id as col_0_0_ from user user0_ where user0_.user_user_id=? limit ?
Hibernate: select U.* from USER U where U.USER_USER_ID =?
Hibernate: select character0_.character_id as characte1_6_0_, character0_.character_character_name as characte2_6_0_ from characters character0_ where character0_.character_id=?
Hibernate: select user0_.user_id as col_0_0_ from user user0_ where user0_.user_user_id=? limit ?
Hibernate: select userjoinin0_.user_joining_pool_id as col_0_0_ from user_joining_pool userjoinin0_ where userjoinin0_.user_user_id=? limit ?
Hibernate: select character0_.character_id as col_0_0_ from characters character0_ where character0_.character_character_name=? limit ?
Hibernate: insert into user_joining_pool (user_joining_pool_id, user_created_at, user_name, user_phone_number, user_user_id, user_user_password) values (default, ?, ?, ?, ?, ?)

MockHttpServletRequest:
      HTTP Method = POST
      Request URI = /user
       Parameters = {}
          Headers = [Content-Type:"application/json;charset=UTF-8", Accept:"application/json", api-version:"1.0", Content-Length:"96"]
             Body = {"name":"hello","user_id":"hello world","user_password":"abc1234!","phone_number":"01012341234"}
    Session Attrs = {}

Handler:
             Type = org.waldreg.controller.joiningpool.JoiningPoolController
           Method = org.waldreg.controller.joiningpool.JoiningPoolController#createUser(UserRequest)

Async:
    Async started = false
     Async result = null

Resolved Exception:
             Type = null

ModelAndView:
        View name = null
             View = null
            Model = null

FlashMap:
       Attributes = null

MockHttpServletResponse:
           Status = 200
    Error message = null
          Headers = [Vary:"Origin", "Access-Control-Request-Method", "Access-Control-Request-Headers", Api-version:"1.0"]
     Content type = null
             Body = 
    Forwarded URL = null
   Redirected URL = null
          Cookies = []
Hibernate: select user0_.user_id as user_id1_20_0_, user0_.character_id as characte7_20_0_, user0_.user_created_at as user_cre2_20_0_, user0_.user_name as user_nam3_20_0_, user0_.user_phone_number as user_pho4_20_0_, user0_.user_user_id as user_use5_20_0_, user0_.user_user_password as user_use6_20_0_ from user user0_ where user0_.user_id=?
Hibernate: select character0_.character_id as characte1_6_0_, character0_.character_character_name as characte2_6_0_ from characters character0_ where character0_.character_id=?
Hibernate: select count(*) as col_0_0_ from user user0_ where user0_.user_id=?
Hibernate: select character1_.character_id as characte1_6_, character1_.character_character_name as characte2_6_ from user user0_ inner join characters character1_ on user0_.character_id=character1_.character_id where user0_.user_id=?
Hibernate: select permission0_.character_id as characte6_11_0_, permission0_.permission_id as permissi1_11_0_, permission0_.permission_id as permissi1_11_1_, permission0_.character_id as characte6_11_1_, permission0_.permission_name as permissi2_11_1_, permission0_.permission_permission_unit_id as permissi3_11_1_, permission0_.permission_service as permissi4_11_1_, permission0_.permission_status as permissi5_11_1_ from permission permission0_ where permission0_.character_id=?
Hibernate: select userjoinin0_.user_joining_pool_id as col_0_0_ from user_joining_pool userjoinin0_ where userjoinin0_.user_user_id=? limit ?
Hibernate: select userjoinin0_.user_joining_pool_id as user_joi1_21_, userjoinin0_.user_created_at as user_cre2_21_, userjoinin0_.user_name as user_nam3_21_, userjoinin0_.user_phone_number as user_pho4_21_, userjoinin0_.user_user_id as user_use5_21_, userjoinin0_.user_user_password as user_use6_21_ from user_joining_pool userjoinin0_ where userjoinin0_.user_user_id=?
Hibernate: select character0_.character_id as characte1_6_, character0_.character_character_name as characte2_6_ from characters character0_ where character0_.character_character_name=?
Hibernate: insert into user (user_id, character_id, user_created_at, user_name, user_phone_number, user_user_id, user_user_password) values (default, ?, ?, ?, ?, ?, ?)
Hibernate: DELETE FROM USER_JOINING_POOL as JU where JU.USER_USER_ID =?
Hibernate: select user0_.user_id as col_0_0_ from user user0_ where user0_.user_user_id=? limit ?
Hibernate: select user0_.user_id as col_0_0_ from user user0_ where user0_.user_user_id=? limit ?
Hibernate: select U.* from USER U where U.USER_USER_ID =?
Hibernate: select character0_.character_id as characte1_6_0_, character0_.character_character_name as characte2_6_0_ from characters character0_ where character0_.character_id=?
Hibernate: select user0_.user_id as user_id1_20_0_, user0_.character_id as characte7_20_0_, user0_.user_created_at as user_cre2_20_0_, user0_.user_name as user_nam3_20_0_, user0_.user_phone_number as user_pho4_20_0_, user0_.user_user_id as user_use5_20_0_, user0_.user_user_password as user_use6_20_0_ from user user0_ where user0_.user_id=?
Hibernate: select character0_.character_id as characte1_6_0_, character0_.character_character_name as characte2_6_0_ from characters character0_ where character0_.character_id=?
Hibernate: select count(*) as col_0_0_ from user user0_ where user0_.user_id=?
Hibernate: select character1_.character_id as characte1_6_, character1_.character_character_name as characte2_6_ from user user0_ inner join characters character1_ on user0_.character_id=character1_.character_id where user0_.user_id=?
Hibernate: select permission0_.character_id as characte6_11_0_, permission0_.permission_id as permissi1_11_0_, permission0_.permission_id as permissi1_11_1_, permission0_.character_id as characte6_11_1_, permission0_.permission_name as permissi2_11_1_, permission0_.permission_permission_unit_id as permissi3_11_1_, permission0_.permission_service as permissi4_11_1_, permission0_.permission_status as permissi5_11_1_ from permission permission0_ where permission0_.character_id=?
Hibernate: select user0_.user_id as col_0_0_ from user user0_ where user0_.user_user_id=? limit ?
Hibernate: select user0_.user_id as col_0_0_ from user user0_ where user0_.user_user_id=? limit ?
Hibernate: select U.* from USER U where U.USER_USER_ID =?
Hibernate: select character0_.character_id as characte1_6_0_, character0_.character_character_name as characte2_6_0_ from characters character0_ where character0_.character_id=?
Hibernate: select user0_.user_id as col_0_0_ from user user0_ where user0_.user_user_id=? limit ?
Hibernate: select user0_.user_id as col_0_0_ from user user0_ where user0_.user_user_id=? limit ?
Hibernate: select U.* from USER U where U.USER_USER_ID =?
Hibernate: select character0_.character_id as characte1_6_0_, character0_.character_character_name as characte2_6_0_ from characters character0_ where character0_.character_id=?
Hibernate: select user0_.user_id as col_0_0_ from user user0_ where user0_.user_user_id=? limit ?
Hibernate: select user0_.user_id as user_id1_20_, user0_.character_id as characte7_20_, user0_.user_created_at as user_cre2_20_, user0_.user_name as user_nam3_20_, user0_.user_phone_number as user_pho4_20_, user0_.user_user_id as user_use5_20_, user0_.user_user_password as user_use6_20_ from user user0_ inner join characters character1_ on user0_.character_id=character1_.character_id where user0_.user_user_id=?
Hibernate: select character0_.character_id as characte1_6_0_, character0_.character_character_name as characte2_6_0_ from characters character0_ where character0_.character_id=?
Hibernate: select rewardtagw0_.user_id as user_id4_15_0_, rewardtagw0_.reward_tag_wrapper_reward_id as reward_t1_15_0_, rewardtagw0_.reward_tag_wrapper_reward_id as reward_t1_15_1_, rewardtagw0_.reward_tag_wrapper_reward_presented_at as reward_t2_15_1_, rewardtagw0_.reward_tag_reward_tag_id as reward_t3_15_1_, rewardtagw0_.user_id as user_id4_15_1_ from reward_tag_wrapper rewardtagw0_ where rewardtagw0_.user_id=?
Hibernate: select user0_.user_id as user_id1_20_0_, user0_.character_id as characte7_20_0_, user0_.user_created_at as user_cre2_20_0_, user0_.user_name as user_nam3_20_0_, user0_.user_phone_number as user_pho4_20_0_, user0_.user_user_id as user_use5_20_0_, user0_.user_user_password as user_use6_20_0_ from user user0_ where user0_.user_id=?
Hibernate: select character0_.character_id as characte1_6_0_, character0_.character_character_name as characte2_6_0_ from characters character0_ where character0_.character_id=?
Hibernate: select count(*) as col_0_0_ from user user0_ where user0_.user_id=?
Hibernate: select character1_.character_id as characte1_6_, character1_.character_character_name as characte2_6_ from user user0_ inner join characters character1_ on user0_.character_id=character1_.character_id where user0_.user_id=?
Hibernate: select permission0_.character_id as characte6_11_0_, permission0_.permission_id as permissi1_11_0_, permission0_.permission_id as permissi1_11_1_, permission0_.character_id as characte6_11_1_, permission0_.permission_name as permissi2_11_1_, permission0_.permission_permission_unit_id as permissi3_11_1_, permission0_.permission_service as permissi4_11_1_, permission0_.permission_status as permissi5_11_1_ from permission permission0_ where permission0_.character_id=?
Hibernate: select count(*) as col_0_0_ from user user0_ where user0_.user_id=?
Hibernate: select user0_.user_id as user_id1_20_, user0_.character_id as characte7_20_, user0_.user_created_at as user_cre2_20_, user0_.user_name as user_nam3_20_, user0_.user_phone_number as user_pho4_20_, user0_.user_user_id as user_use5_20_, user0_.user_user_password as user_use6_20_ from user user0_ where user0_.user_id=?
Hibernate: select character0_.character_id as characte1_6_0_, character0_.character_character_name as characte2_6_0_ from characters character0_ where character0_.character_id=?
Hibernate: select rewardtagw0_.user_id as user_id4_15_0_, rewardtagw0_.reward_tag_wrapper_reward_id as reward_t1_15_0_, rewardtagw0_.reward_tag_wrapper_reward_id as reward_t1_15_1_, rewardtagw0_.reward_tag_wrapper_reward_presented_at as reward_t2_15_1_, rewardtagw0_.reward_tag_reward_tag_id as reward_t3_15_1_, rewardtagw0_.user_id as user_id4_15_1_ from reward_tag_wrapper rewardtagw0_ where rewardtagw0_.user_id=?
Hibernate: select attendance0_.attendance_user_attendance_user_id as col_0_0_ from attendance_user attendance0_ where attendance0_.user_id=? limit ?
Hibernate: DELETE FROM USER WHERE USER_ID = ?
Hibernate: select user0_.user_id as col_0_0_ from user user0_ where user0_.user_user_id=? limit ?
Hibernate: select user0_.user_id as col_0_0_ from user user0_ where user0_.user_user_id=? limit ?
Hibernate: select user0_.user_id as col_0_0_ from user user0_ where user0_.user_user_id=? limit ?
Hibernate: select U.* from USER U where U.USER_USER_ID =?
Hibernate: select character0_.character_id as characte1_6_0_, character0_.character_character_name as characte2_6_0_ from characters character0_ where character0_.character_id=?
Hibernate: select user0_.user_id as col_0_0_ from user user0_ where user0_.user_user_id=? limit ?
Hibernate: select user0_.user_id as col_0_0_ from user user0_ where user0_.user_user_id=? limit ?
Hibernate: select U.* from USER U where U.USER_USER_ID =?
Hibernate: select character0_.character_id as characte1_6_0_, character0_.character_character_name as characte2_6_0_ from characters character0_ where character0_.character_id=?
Hibernate: select user0_.user_id as col_0_0_ from user user0_ where user0_.user_user_id=? limit ?
Hibernate: select user0_.user_id as col_0_0_ from user user0_ where user0_.user_user_id=? limit ?
Hibernate: select U.* from USER U where U.USER_USER_ID =?
Hibernate: select character0_.character_id as characte1_6_0_, character0_.character_character_name as characte2_6_0_ from characters character0_ where character0_.character_id=?
Hibernate: select user0_.user_id as user_id1_20_0_, user0_.character_id as characte7_20_0_, user0_.user_created_at as user_cre2_20_0_, user0_.user_name as user_nam3_20_0_, user0_.user_phone_number as user_pho4_20_0_, user0_.user_user_id as user_use5_20_0_, user0_.user_user_password as user_use6_20_0_ from user user0_ where user0_.user_id=?
Hibernate: select character0_.character_id as characte1_6_0_, character0_.character_character_name as characte2_6_0_ from characters character0_ where character0_.character_id=?
Hibernate: select count(*) as col_0_0_ from user user0_ where user0_.user_id=?
Hibernate: select character1_.character_id as characte1_6_, character1_.character_character_name as characte2_6_ from user user0_ inner join characters character1_ on user0_.character_id=character1_.character_id where user0_.user_id=?
Hibernate: select permission0_.character_id as characte6_11_0_, permission0_.permission_id as permissi1_11_0_, permission0_.permission_id as permissi1_11_1_, permission0_.character_id as characte6_11_1_, permission0_.permission_name as permissi2_11_1_, permission0_.permission_permission_unit_id as permissi3_11_1_, permission0_.permission_service as permissi4_11_1_, permission0_.permission_status as permissi5_11_1_ from permission permission0_ where permission0_.character_id=?
Hibernate: select character0_.character_id as characte1_6_0_, permission1_.permission_id as permissi1_11_1_, character0_.character_character_name as characte2_6_0_, permission1_.character_id as characte6_11_1_, permission1_.permission_name as permissi2_11_1_, permission1_.permission_permission_unit_id as permissi3_11_1_, permission1_.permission_service as permissi4_11_1_, permission1_.permission_status as permissi5_11_1_, permission1_.character_id as characte6_11_0__, permission1_.permission_id as permissi1_11_0__ from characters character0_ inner join permission permission1_ on character0_.character_id=permission1_.character_id where character0_.character_character_name=?
Hibernate: insert into characters (character_id, character_character_name) values (default, ?)
Hibernate: insert into permission (permission_id, character_id, permission_name, permission_permission_unit_id, permission_service, permission_status) values (default, ?, ?, ?, ?, ?)
Hibernate: insert into permission (permission_id, character_id, permission_name, permission_permission_unit_id, permission_service, permission_status) values (default, ?, ?, ?, ?, ?)
Hibernate: insert into permission (permission_id, character_id, permission_name, permission_permission_unit_id, permission_service, permission_status) values (default, ?, ?, ?, ?, ?)
Hibernate: insert into permission (permission_id, character_id, permission_name, permission_permission_unit_id, permission_service, permission_status) values (default, ?, ?, ?, ?, ?)
Hibernate: insert into permission (permission_id, character_id, permission_name, permission_permission_unit_id, permission_service, permission_status) values (default, ?, ?, ?, ?, ?)
Hibernate: insert into permission (permission_id, character_id, permission_name, permission_permission_unit_id, permission_service, permission_status) values (default, ?, ?, ?, ?, ?)
Hibernate: insert into permission (permission_id, character_id, permission_name, permission_permission_unit_id, permission_service, permission_status) values (default, ?, ?, ?, ?, ?)
Hibernate: insert into permission (permission_id, character_id, permission_name, permission_permission_unit_id, permission_service, permission_status) values (default, ?, ?, ?, ?, ?)
Hibernate: insert into permission (permission_id, character_id, permission_name, permission_permission_unit_id, permission_service, permission_status) values (default, ?, ?, ?, ?, ?)
Hibernate: insert into permission (permission_id, character_id, permission_name, permission_permission_unit_id, permission_service, permission_status) values (default, ?, ?, ?, ?, ?)
Hibernate: insert into permission (permission_id, character_id, permission_name, permission_permission_unit_id, permission_service, permission_status) values (default, ?, ?, ?, ?, ?)
Hibernate: insert into permission (permission_id, character_id, permission_name, permission_permission_unit_id, permission_service, permission_status) values (default, ?, ?, ?, ?, ?)
Hibernate: insert into permission (permission_id, character_id, permission_name, permission_permission_unit_id, permission_service, permission_status) values (default, ?, ?, ?, ?, ?)
Hibernate: insert into permission (permission_id, character_id, permission_name, permission_permission_unit_id, permission_service, permission_status) values (default, ?, ?, ?, ?, ?)
Hibernate: insert into permission (permission_id, character_id, permission_name, permission_permission_unit_id, permission_service, permission_status) values (default, ?, ?, ?, ?, ?)
Hibernate: insert into permission (permission_id, character_id, permission_name, permission_permission_unit_id, permission_service, permission_status) values (default, ?, ?, ?, ?, ?)
Hibernate: insert into permission (permission_id, character_id, permission_name, permission_permission_unit_id, permission_service, permission_status) values (default, ?, ?, ?, ?, ?)
Hibernate: insert into permission (permission_id, character_id, permission_name, permission_permission_unit_id, permission_service, permission_status) values (default, ?, ?, ?, ?, ?)
Hibernate: insert into permission (permission_id, character_id, permission_name, permission_permission_unit_id, permission_service, permission_status) values (default, ?, ?, ?, ?, ?)
Hibernate: insert into permission (permission_id, character_id, permission_name, permission_permission_unit_id, permission_service, permission_status) values (default, ?, ?, ?, ?, ?)
Hibernate: insert into permission (permission_id, character_id, permission_name, permission_permission_unit_id, permission_service, permission_status) values (default, ?, ?, ?, ?, ?)
Hibernate: insert into permission (permission_id, character_id, permission_name, permission_permission_unit_id, permission_service, permission_status) values (default, ?, ?, ?, ?, ?)
Hibernate: insert into permission (permission_id, character_id, permission_name, permission_permission_unit_id, permission_service, permission_status) values (default, ?, ?, ?, ?, ?)
Hibernate: insert into permission (permission_id, character_id, permission_name, permission_permission_unit_id, permission_service, permission_status) values (default, ?, ?, ?, ?, ?)
Hibernate: insert into permission (permission_id, character_id, permission_name, permission_permission_unit_id, permission_service, permission_status) values (default, ?, ?, ?, ?, ?)
Hibernate: insert into permission (permission_id, character_id, permission_name, permission_permission_unit_id, permission_service, permission_status) values (default, ?, ?, ?, ?, ?)
Hibernate: select user0_.user_id as user_id1_20_0_, user0_.character_id as characte7_20_0_, user0_.user_created_at as user_cre2_20_0_, user0_.user_name as user_nam3_20_0_, user0_.user_phone_number as user_pho4_20_0_, user0_.user_user_id as user_use5_20_0_, user0_.user_user_password as user_use6_20_0_ from user user0_ where user0_.user_id=?
Hibernate: select character0_.character_id as characte1_6_0_, character0_.character_character_name as characte2_6_0_ from characters character0_ where character0_.character_id=?
Hibernate: select count(*) as col_0_0_ from user user0_ where user0_.user_id=?
Hibernate: select character1_.character_id as characte1_6_, character1_.character_character_name as characte2_6_ from user user0_ inner join characters character1_ on user0_.character_id=character1_.character_id where user0_.user_id=?
Hibernate: select permission0_.character_id as characte6_11_0_, permission0_.permission_id as permissi1_11_0_, permission0_.permission_id as permissi1_11_1_, permission0_.character_id as characte6_11_1_, permission0_.permission_name as permissi2_11_1_, permission0_.permission_permission_unit_id as permissi3_11_1_, permission0_.permission_service as permissi4_11_1_, permission0_.permission_status as permissi5_11_1_ from permission permission0_ where permission0_.character_id=?
Hibernate: select character0_.character_id as characte1_6_0_, permission1_.permission_id as permissi1_11_1_, character0_.character_character_name as characte2_6_0_, permission1_.character_id as characte6_11_1_, permission1_.permission_name as permissi2_11_1_, permission1_.permission_permission_unit_id as permissi3_11_1_, permission1_.permission_service as permissi4_11_1_, permission1_.permission_status as permissi5_11_1_, permission1_.character_id as characte6_11_0__, permission1_.permission_id as permissi1_11_0__ from characters character0_ inner join permission permission1_ on character0_.character_id=permission1_.character_id where character0_.character_character_name=?
Hibernate: select user0_.user_id as col_0_0_ from user user0_ where user0_.user_user_id=? limit ?
Hibernate: select user0_.user_id as col_0_0_ from user user0_ where user0_.user_user_id=? limit ?
Hibernate: select U.* from USER U where U.USER_USER_ID =?
Hibernate: select character0_.character_id as characte1_6_0_, character0_.character_character_name as characte2_6_0_ from characters character0_ where character0_.character_id=?
Hibernate: select user0_.user_id as user_id1_20_0_, user0_.character_id as characte7_20_0_, user0_.user_created_at as user_cre2_20_0_, user0_.user_name as user_nam3_20_0_, user0_.user_phone_number as user_pho4_20_0_, user0_.user_user_id as user_use5_20_0_, user0_.user_user_password as user_use6_20_0_ from user user0_ where user0_.user_id=?
Hibernate: select character0_.character_id as characte1_6_0_, character0_.character_character_name as characte2_6_0_ from characters character0_ where character0_.character_id=?
Hibernate: select count(*) as col_0_0_ from user user0_ where user0_.user_id=?
Hibernate: select character1_.character_id as characte1_6_, character1_.character_character_name as characte2_6_ from user user0_ inner join characters character1_ on user0_.character_id=character1_.character_id where user0_.user_id=?
Hibernate: select permission0_.character_id as characte6_11_0_, permission0_.permission_id as permissi1_11_0_, permission0_.permission_id as permissi1_11_1_, permission0_.character_id as characte6_11_1_, permission0_.permission_name as permissi2_11_1_, permission0_.permission_permission_unit_id as permissi3_11_1_, permission0_.permission_service as permissi4_11_1_, permission0_.permission_status as permissi5_11_1_ from permission permission0_ where permission0_.character_id=?
Hibernate: select character0_.character_id as characte1_6_0_, permission1_.permission_id as permissi1_11_1_, character0_.character_character_name as characte2_6_0_, permission1_.character_id as characte6_11_1_, permission1_.permission_name as permissi2_11_1_, permission1_.permission_permission_unit_id as permissi3_11_1_, permission1_.permission_service as permissi4_11_1_, permission1_.permission_status as permissi5_11_1_, permission1_.character_id as characte6_11_0__, permission1_.permission_id as permissi1_11_0__ from characters character0_ inner join permission permission1_ on character0_.character_id=permission1_.character_id where character0_.character_character_name=?
Hibernate: select character0_.character_id as characte1_6_0_, permission1_.permission_id as permissi1_11_1_, character0_.character_character_name as characte2_6_0_, permission1_.character_id as characte6_11_1_, permission1_.permission_name as permissi2_11_1_, permission1_.permission_permission_unit_id as permissi3_11_1_, permission1_.permission_service as permissi4_11_1_, permission1_.permission_status as permissi5_11_1_, permission1_.character_id as characte6_11_0__, permission1_.permission_id as permissi1_11_0__ from characters character0_ inner join permission permission1_ on character0_.character_id=permission1_.character_id where character0_.character_character_name=?
Hibernate: select character0_.character_id as characte1_6_0_, permission1_.permission_id as permissi1_11_1_, character0_.character_character_name as characte2_6_0_, permission1_.character_id as characte6_11_1_, permission1_.permission_name as permissi2_11_1_, permission1_.permission_permission_unit_id as permissi3_11_1_, permission1_.permission_service as permissi4_11_1_, permission1_.permission_status as permissi5_11_1_, permission1_.character_id as characte6_11_0__, permission1_.permission_id as permissi1_11_0__ from characters character0_ inner join permission permission1_ on character0_.character_id=permission1_.character_id where character0_.character_character_name=?
Hibernate: select user0_.user_id as user_id1_20_, user0_.character_id as characte7_20_, user0_.user_created_at as user_cre2_20_, user0_.user_name as user_nam3_20_, user0_.user_phone_number as user_pho4_20_, user0_.user_user_id as user_use5_20_, user0_.user_user_password as user_use6_20_ from user user0_ where user0_.character_id=?
Hibernate: DELETE FROM PERMISSION WHERE CHARACTER_ID = ?
Hibernate: delete from characters where character_id=?
Hibernate: select user0_.user_id as user_id1_20_0_, user0_.character_id as characte7_20_0_, user0_.user_created_at as user_cre2_20_0_, user0_.user_name as user_nam3_20_0_, user0_.user_phone_number as user_pho4_20_0_, user0_.user_user_id as user_use5_20_0_, user0_.user_user_password as user_use6_20_0_ from user user0_ where user0_.user_id=?
Hibernate: select character0_.character_id as characte1_6_0_, character0_.character_character_name as characte2_6_0_ from characters character0_ where character0_.character_id=?
Hibernate: select count(*) as col_0_0_ from user user0_ where user0_.user_id=?
Hibernate: select character1_.character_id as characte1_6_, character1_.character_character_name as characte2_6_ from user user0_ inner join characters character1_ on user0_.character_id=character1_.character_id where user0_.user_id=?
Hibernate: select permission0_.character_id as characte6_11_0_, permission0_.permission_id as permissi1_11_0_, permission0_.permission_id as permissi1_11_1_, permission0_.character_id as characte6_11_1_, permission0_.permission_name as permissi2_11_1_, permission0_.permission_permission_unit_id as permissi3_11_1_, permission0_.permission_service as permissi4_11_1_, permission0_.permission_status as permissi5_11_1_ from permission permission0_ where permission0_.character_id=?
Hibernate: select character0_.character_id as characte1_6_0_, permission1_.permission_id as permissi1_11_1_, character0_.character_character_name as characte2_6_0_, permission1_.character_id as characte6_11_1_, permission1_.permission_name as permissi2_11_1_, permission1_.permission_permission_unit_id as permissi3_11_1_, permission1_.permission_service as permissi4_11_1_, permission1_.permission_status as permissi5_11_1_, permission1_.character_id as characte6_11_0__, permission1_.permission_id as permissi1_11_0__ from characters character0_ inner join permission permission1_ on character0_.character_id=permission1_.character_id where character0_.character_character_name=?
Hibernate: select user0_.user_id as col_0_0_ from user user0_ where user0_.user_user_id=? limit ?
Hibernate: select user0_.user_id as col_0_0_ from user user0_ where user0_.user_user_id=? limit ?
Hibernate: select U.* from USER U where U.USER_USER_ID =?
Hibernate: select character0_.character_id as characte1_6_0_, character0_.character_character_name as characte2_6_0_ from characters character0_ where character0_.character_id=?
Hibernate: select user0_.user_id as col_0_0_ from user user0_ where user0_.user_user_id=? limit ?
Hibernate: select user0_.user_id as col_0_0_ from user user0_ where user0_.user_user_id=? limit ?
Hibernate: select U.* from USER U where U.USER_USER_ID =?
Hibernate: select character0_.character_id as characte1_6_0_, character0_.character_character_name as characte2_6_0_ from characters character0_ where character0_.character_id=?
Hibernate: select user0_.user_id as col_0_0_ from user user0_ where user0_.user_user_id=? limit ?
Hibernate: select user0_.user_id as col_0_0_ from user user0_ where user0_.user_user_id=? limit ?
Hibernate: select U.* from USER U where U.USER_USER_ID =?
Hibernate: select character0_.character_id as characte1_6_0_, character0_.character_character_name as characte2_6_0_ from characters character0_ where character0_.character_id=?
Hibernate: select user0_.user_id as col_0_0_ from user user0_ where user0_.user_user_id=? limit ?
Hibernate: select user0_.user_id as col_0_0_ from user user0_ where user0_.user_user_id=? limit ?
Hibernate: select U.* from USER U where U.USER_USER_ID =?
Hibernate: select character0_.character_id as characte1_6_0_, character0_.character_character_name as characte2_6_0_ from characters character0_ where character0_.character_id=?

MockHttpServletRequest:
      HTTP Method = POST
      Request URI = /character
       Parameters = {}
          Headers = [Content-Type:"application/json;charset=UTF-8", Accept:"application/json", api-version:"1.0", Authorization:"Bearer eyJhbGciOiJIUzI1NiJ9.eyJzdWIiOiIxIiwiaWF0IjoxNjg3ODc2NTc3LCJleHAiOjE2ODc4ODAxNzd9.JltoDJ9K4XvrMOmFTA5K2XrxzCY9roM1YrlJ7OpedmM", Content-Length:"39"]
             Body = {"character_name":" ","permissions":[]}
    Session Attrs = {}

Handler:
             Type = org.waldreg.controller.character.CharacterController
           Method = org.waldreg.controller.character.CharacterController#createNewCharacter(CharacterRequest)

Async:
    Async started = false
     Async result = null

Resolved Exception:
             Type = org.springframework.web.bind.MethodArgumentNotValidException

ModelAndView:
        View name = null
             View = null
            Model = null

FlashMap:
       Attributes = null

MockHttpServletResponse:
           Status = 400
    Error message = null
          Headers = [Vary:"Origin", "Access-Control-Request-Method", "Access-Control-Request-Headers", Api-version:"1.0", Content-Type:"application/json"]
     Content type = application/json
             Body = {"code":"CHARACTER-413","messages":"character_name cannot be blank","document_url":"docs.waldreg.org"}
    Forwarded URL = null
   Redirected URL = null
          Cookies = []
Hibernate: select user0_.user_id as col_0_0_ from user user0_ where user0_.user_user_id=? limit ?
Hibernate: select user0_.user_id as col_0_0_ from user user0_ where user0_.user_user_id=? limit ?
Hibernate: select U.* from USER U where U.USER_USER_ID =?
Hibernate: select character0_.character_id as characte1_6_0_, character0_.character_character_name as characte2_6_0_ from characters character0_ where character0_.character_id=?
Hibernate: select user0_.user_id as col_0_0_ from user user0_ where user0_.user_user_id=? limit ?
Hibernate: select user0_.user_id as col_0_0_ from user user0_ where user0_.user_user_id=? limit ?
Hibernate: select U.* from USER U where U.USER_USER_ID =?
Hibernate: select character0_.character_id as characte1_6_0_, character0_.character_character_name as characte2_6_0_ from characters character0_ where character0_.character_id=?
Hibernate: select user0_.user_id as col_0_0_ from user user0_ where user0_.user_user_id=? limit ?
Hibernate: select user0_.user_id as col_0_0_ from user user0_ where user0_.user_user_id=? limit ?
Hibernate: select U.* from USER U where U.USER_USER_ID =?
Hibernate: select character0_.character_id as characte1_6_0_, character0_.character_character_name as characte2_6_0_ from characters character0_ where character0_.character_id=?
Hibernate: select user0_.user_id as col_0_0_ from user user0_ where user0_.user_user_id=? limit ?
Hibernate: select user0_.user_id as col_0_0_ from user user0_ where user0_.user_user_id=? limit ?
Hibernate: select U.* from USER U where U.USER_USER_ID =?
Hibernate: select character0_.character_id as characte1_6_0_, character0_.character_character_name as characte2_6_0_ from characters character0_ where character0_.character_id=?
Hibernate: select user0_.user_id as col_0_0_ from user user0_ where user0_.user_user_id=? limit ?
Hibernate: select user0_.user_id as col_0_0_ from user user0_ where user0_.user_user_id=? limit ?
Hibernate: select U.* from USER U where U.USER_USER_ID =?
Hibernate: select character0_.character_id as characte1_6_0_, character0_.character_character_name as characte2_6_0_ from characters character0_ where character0_.character_id=?
Hibernate: select user0_.user_id as user_id1_20_0_, user0_.character_id as characte7_20_0_, user0_.user_created_at as user_cre2_20_0_, user0_.user_name as user_nam3_20_0_, user0_.user_phone_number as user_pho4_20_0_, user0_.user_user_id as user_use5_20_0_, user0_.user_user_password as user_use6_20_0_ from user user0_ where user0_.user_id=?
Hibernate: select character0_.character_id as characte1_6_0_, character0_.character_character_name as characte2_6_0_ from characters character0_ where character0_.character_id=?
Hibernate: select count(*) as col_0_0_ from user user0_ where user0_.user_id=?
Hibernate: select character1_.character_id as characte1_6_, character1_.character_character_name as characte2_6_ from user user0_ inner join characters character1_ on user0_.character_id=character1_.character_id where user0_.user_id=?
Hibernate: select permission0_.character_id as characte6_11_0_, permission0_.permission_id as permissi1_11_0_, permission0_.permission_id as permissi1_11_1_, permission0_.character_id as characte6_11_1_, permission0_.permission_name as permissi2_11_1_, permission0_.permission_permission_unit_id as permissi3_11_1_, permission0_.permission_service as permissi4_11_1_, permission0_.permission_status as permissi5_11_1_ from permission permission0_ where permission0_.character_id=?
Hibernate: select user0_.user_id as col_0_0_ from user user0_ where user0_.user_user_id=? limit ?
Hibernate: select user0_.user_id as col_0_0_ from user user0_ where user0_.user_user_id=? limit ?
Hibernate: select U.* from USER U where U.USER_USER_ID =?
Hibernate: select character0_.character_id as characte1_6_0_, character0_.character_character_name as characte2_6_0_ from characters character0_ where character0_.character_id=?
Hibernate: select user0_.user_id as user_id1_20_0_, user0_.character_id as characte7_20_0_, user0_.user_created_at as user_cre2_20_0_, user0_.user_name as user_nam3_20_0_, user0_.user_phone_number as user_pho4_20_0_, user0_.user_user_id as user_use5_20_0_, user0_.user_user_password as user_use6_20_0_ from user user0_ where user0_.user_id=?
Hibernate: select character0_.character_id as characte1_6_0_, character0_.character_character_name as characte2_6_0_ from characters character0_ where character0_.character_id=?
Hibernate: select count(*) as col_0_0_ from user user0_ where user0_.user_id=?
Hibernate: select character1_.character_id as characte1_6_, character1_.character_character_name as characte2_6_ from user user0_ inner join characters character1_ on user0_.character_id=character1_.character_id where user0_.user_id=?
Hibernate: select permission0_.character_id as characte6_11_0_, permission0_.permission_id as permissi1_11_0_, permission0_.permission_id as permissi1_11_1_, permission0_.character_id as characte6_11_1_, permission0_.permission_name as permissi2_11_1_, permission0_.permission_permission_unit_id as permissi3_11_1_, permission0_.permission_service as permissi4_11_1_, permission0_.permission_status as permissi5_11_1_ from permission permission0_ where permission0_.character_id=?
Hibernate: select character0_.character_id as characte1_6_0_, permission1_.permission_id as permissi1_11_1_, character0_.character_character_name as characte2_6_0_, permission1_.character_id as characte6_11_1_, permission1_.permission_name as permissi2_11_1_, permission1_.permission_permission_unit_id as permissi3_11_1_, permission1_.permission_service as permissi4_11_1_, permission1_.permission_status as permissi5_11_1_, permission1_.character_id as characte6_11_0__, permission1_.permission_id as permissi1_11_0__ from characters character0_ inner join permission permission1_ on character0_.character_id=permission1_.character_id where character0_.character_character_name=?
Hibernate: insert into characters (character_id, character_character_name) values (default, ?)
Hibernate: insert into permission (permission_id, character_id, permission_name, permission_permission_unit_id, permission_service, permission_status) values (default, ?, ?, ?, ?, ?)
Hibernate: insert into permission (permission_id, character_id, permission_name, permission_permission_unit_id, permission_service, permission_status) values (default, ?, ?, ?, ?, ?)
Hibernate: insert into permission (permission_id, character_id, permission_name, permission_permission_unit_id, permission_service, permission_status) values (default, ?, ?, ?, ?, ?)
Hibernate: insert into permission (permission_id, character_id, permission_name, permission_permission_unit_id, permission_service, permission_status) values (default, ?, ?, ?, ?, ?)
Hibernate: insert into permission (permission_id, character_id, permission_name, permission_permission_unit_id, permission_service, permission_status) values (default, ?, ?, ?, ?, ?)
Hibernate: insert into permission (permission_id, character_id, permission_name, permission_permission_unit_id, permission_service, permission_status) values (default, ?, ?, ?, ?, ?)
Hibernate: insert into permission (permission_id, character_id, permission_name, permission_permission_unit_id, permission_service, permission_status) values (default, ?, ?, ?, ?, ?)
Hibernate: insert into permission (permission_id, character_id, permission_name, permission_permission_unit_id, permission_service, permission_status) values (default, ?, ?, ?, ?, ?)
Hibernate: insert into permission (permission_id, character_id, permission_name, permission_permission_unit_id, permission_service, permission_status) values (default, ?, ?, ?, ?, ?)
Hibernate: insert into permission (permission_id, character_id, permission_name, permission_permission_unit_id, permission_service, permission_status) values (default, ?, ?, ?, ?, ?)
Hibernate: insert into permission (permission_id, character_id, permission_name, permission_permission_unit_id, permission_service, permission_status) values (default, ?, ?, ?, ?, ?)
Hibernate: insert into permission (permission_id, character_id, permission_name, permission_permission_unit_id, permission_service, permission_status) values (default, ?, ?, ?, ?, ?)
Hibernate: insert into permission (permission_id, character_id, permission_name, permission_permission_unit_id, permission_service, permission_status) values (default, ?, ?, ?, ?, ?)
Hibernate: insert into permission (permission_id, character_id, permission_name, permission_permission_unit_id, permission_service, permission_status) values (default, ?, ?, ?, ?, ?)
Hibernate: insert into permission (permission_id, character_id, permission_name, permission_permission_unit_id, permission_service, permission_status) values (default, ?, ?, ?, ?, ?)
Hibernate: insert into permission (permission_id, character_id, permission_name, permission_permission_unit_id, permission_service, permission_status) values (default, ?, ?, ?, ?, ?)
Hibernate: insert into permission (permission_id, character_id, permission_name, permission_permission_unit_id, permission_service, permission_status) values (default, ?, ?, ?, ?, ?)
Hibernate: insert into permission (permission_id, character_id, permission_name, permission_permission_unit_id, permission_service, permission_status) values (default, ?, ?, ?, ?, ?)
Hibernate: insert into permission (permission_id, character_id, permission_name, permission_permission_unit_id, permission_service, permission_status) values (default, ?, ?, ?, ?, ?)
Hibernate: insert into permission (permission_id, character_id, permission_name, permission_permission_unit_id, permission_service, permission_status) values (default, ?, ?, ?, ?, ?)
Hibernate: insert into permission (permission_id, character_id, permission_name, permission_permission_unit_id, permission_service, permission_status) values (default, ?, ?, ?, ?, ?)
Hibernate: insert into permission (permission_id, character_id, permission_name, permission_permission_unit_id, permission_service, permission_status) values (default, ?, ?, ?, ?, ?)
Hibernate: insert into permission (permission_id, character_id, permission_name, permission_permission_unit_id, permission_service, permission_status) values (default, ?, ?, ?, ?, ?)
Hibernate: insert into permission (permission_id, character_id, permission_name, permission_permission_unit_id, permission_service, permission_status) values (default, ?, ?, ?, ?, ?)
Hibernate: insert into permission (permission_id, character_id, permission_name, permission_permission_unit_id, permission_service, permission_status) values (default, ?, ?, ?, ?, ?)
Hibernate: insert into permission (permission_id, character_id, permission_name, permission_permission_unit_id, permission_service, permission_status) values (default, ?, ?, ?, ?, ?)

MockHttpServletRequest:
      HTTP Method = POST
      Request URI = /character
       Parameters = {}
          Headers = [Content-Type:"application/json;charset=UTF-8", Accept:"application/json", api-version:"1.0", Authorization:"Bearer eyJhbGciOiJIUzI1NiJ9.eyJzdWIiOiIxIiwiaWF0IjoxNjg3ODc2NTc3LCJleHAiOjE2ODc4ODAxNzd9.JltoDJ9K4XvrMOmFTA5K2XrxzCY9roM1YrlJ7OpedmM", Content-Length:"170"]
             Body = {"character_name":"mock_character_name","permissions":[{"permission_id":54,"permission_service":"User","permission_name":"User fire manager","permission_status":"true"}]}
    Session Attrs = {}

Handler:
             Type = org.waldreg.controller.character.CharacterController
           Method = org.waldreg.controller.character.CharacterController#createNewCharacter(CharacterRequest)

Async:
    Async started = false
     Async result = null

Resolved Exception:
             Type = null

ModelAndView:
        View name = null
             View = null
            Model = null

FlashMap:
       Attributes = null

MockHttpServletResponse:
           Status = 200
    Error message = null
          Headers = [Vary:"Origin", "Access-Control-Request-Method", "Access-Control-Request-Headers", Api-version:"1.0"]
     Content type = null
             Body = 
    Forwarded URL = null
   Redirected URL = null
          Cookies = []
Hibernate: select user0_.user_id as user_id1_20_0_, user0_.character_id as characte7_20_0_, user0_.user_created_at as user_cre2_20_0_, user0_.user_name as user_nam3_20_0_, user0_.user_phone_number as user_pho4_20_0_, user0_.user_user_id as user_use5_20_0_, user0_.user_user_password as user_use6_20_0_ from user user0_ where user0_.user_id=?
Hibernate: select character0_.character_id as characte1_6_0_, character0_.character_character_name as characte2_6_0_ from characters character0_ where character0_.character_id=?
Hibernate: select count(*) as col_0_0_ from user user0_ where user0_.user_id=?
Hibernate: select character1_.character_id as characte1_6_, character1_.character_character_name as characte2_6_ from user user0_ inner join characters character1_ on user0_.character_id=character1_.character_id where user0_.user_id=?
Hibernate: select permission0_.character_id as characte6_11_0_, permission0_.permission_id as permissi1_11_0_, permission0_.permission_id as permissi1_11_1_, permission0_.character_id as characte6_11_1_, permission0_.permission_name as permissi2_11_1_, permission0_.permission_permission_unit_id as permissi3_11_1_, permission0_.permission_service as permissi4_11_1_, permission0_.permission_status as permissi5_11_1_ from permission permission0_ where permission0_.character_id=?
Hibernate: select character0_.character_id as characte1_6_0_, permission1_.permission_id as permissi1_11_1_, character0_.character_character_name as characte2_6_0_, permission1_.character_id as characte6_11_1_, permission1_.permission_name as permissi2_11_1_, permission1_.permission_permission_unit_id as permissi3_11_1_, permission1_.permission_service as permissi4_11_1_, permission1_.permission_status as permissi5_11_1_, permission1_.character_id as characte6_11_0__, permission1_.permission_id as permissi1_11_0__ from characters character0_ inner join permission permission1_ on character0_.character_id=permission1_.character_id where character0_.character_character_name=?
Hibernate: select character0_.character_id as characte1_6_0_, permission1_.permission_id as permissi1_11_1_, character0_.character_character_name as characte2_6_0_, permission1_.character_id as characte6_11_1_, permission1_.permission_name as permissi2_11_1_, permission1_.permission_permission_unit_id as permissi3_11_1_, permission1_.permission_service as permissi4_11_1_, permission1_.permission_status as permissi5_11_1_, permission1_.character_id as characte6_11_0__, permission1_.permission_id as permissi1_11_0__ from characters character0_ inner join permission permission1_ on character0_.character_id=permission1_.character_id where character0_.character_character_name=?
Hibernate: select character0_.character_id as characte1_6_0_, permission1_.permission_id as permissi1_11_1_, character0_.character_character_name as characte2_6_0_, permission1_.character_id as characte6_11_1_, permission1_.permission_name as permissi2_11_1_, permission1_.permission_permission_unit_id as permissi3_11_1_, permission1_.permission_service as permissi4_11_1_, permission1_.permission_status as permissi5_11_1_, permission1_.character_id as characte6_11_0__, permission1_.permission_id as permissi1_11_0__ from characters character0_ inner join permission permission1_ on character0_.character_id=permission1_.character_id where character0_.character_character_name=?
Hibernate: update characters set character_character_name=? where character_id=?
Hibernate: update permission set character_id=?, permission_name=?, permission_permission_unit_id=?, permission_service=?, permission_status=? where permission_id=?
Hibernate: select user0_.user_id as col_0_0_ from user user0_ where user0_.user_user_id=? limit ?
Hibernate: select user0_.user_id as col_0_0_ from user user0_ where user0_.user_user_id=? limit ?
Hibernate: select U.* from USER U where U.USER_USER_ID =?
Hibernate: select character0_.character_id as characte1_6_0_, character0_.character_character_name as characte2_6_0_ from characters character0_ where character0_.character_id=?
Hibernate: select user0_.user_id as user_id1_20_0_, user0_.character_id as characte7_20_0_, user0_.user_created_at as user_cre2_20_0_, user0_.user_name as user_nam3_20_0_, user0_.user_phone_number as user_pho4_20_0_, user0_.user_user_id as user_use5_20_0_, user0_.user_user_password as user_use6_20_0_ from user user0_ where user0_.user_id=?
Hibernate: select character0_.character_id as characte1_6_0_, character0_.character_character_name as characte2_6_0_ from characters character0_ where character0_.character_id=?
Hibernate: select count(*) as col_0_0_ from user user0_ where user0_.user_id=?
Hibernate: select character1_.character_id as characte1_6_, character1_.character_character_name as characte2_6_ from user user0_ inner join characters character1_ on user0_.character_id=character1_.character_id where user0_.user_id=?
Hibernate: select permission0_.character_id as characte6_11_0_, permission0_.permission_id as permissi1_11_0_, permission0_.permission_id as permissi1_11_1_, permission0_.character_id as characte6_11_1_, permission0_.permission_name as permissi2_11_1_, permission0_.permission_permission_unit_id as permissi3_11_1_, permission0_.permission_service as permissi4_11_1_, permission0_.permission_status as permissi5_11_1_ from permission permission0_ where permission0_.character_id=?
Hibernate: select character0_.character_id as characte1_6_0_, permission1_.permission_id as permissi1_11_1_, character0_.character_character_name as characte2_6_0_, permission1_.character_id as characte6_11_1_, permission1_.permission_name as permissi2_11_1_, permission1_.permission_permission_unit_id as permissi3_11_1_, permission1_.permission_service as permissi4_11_1_, permission1_.permission_status as permissi5_11_1_, permission1_.character_id as characte6_11_0__, permission1_.permission_id as permissi1_11_0__ from characters character0_ inner join permission permission1_ on character0_.character_id=permission1_.character_id where character0_.character_character_name=?
Hibernate: select character0_.character_id as characte1_6_0_, permission1_.permission_id as permissi1_11_1_, character0_.character_character_name as characte2_6_0_, permission1_.character_id as characte6_11_1_, permission1_.permission_name as permissi2_11_1_, permission1_.permission_permission_unit_id as permissi3_11_1_, permission1_.permission_service as permissi4_11_1_, permission1_.permission_status as permissi5_11_1_, permission1_.character_id as characte6_11_0__, permission1_.permission_id as permissi1_11_0__ from characters character0_ inner join permission permission1_ on character0_.character_id=permission1_.character_id where character0_.character_character_name=?
Hibernate: select character0_.character_id as characte1_6_0_, permission1_.permission_id as permissi1_11_1_, character0_.character_character_name as characte2_6_0_, permission1_.character_id as characte6_11_1_, permission1_.permission_name as permissi2_11_1_, permission1_.permission_permission_unit_id as permissi3_11_1_, permission1_.permission_service as permissi4_11_1_, permission1_.permission_status as permissi5_11_1_, permission1_.character_id as characte6_11_0__, permission1_.permission_id as permissi1_11_0__ from characters character0_ inner join permission permission1_ on character0_.character_id=permission1_.character_id where character0_.character_character_name=?
Hibernate: select user0_.user_id as user_id1_20_, user0_.character_id as characte7_20_, user0_.user_created_at as user_cre2_20_, user0_.user_name as user_nam3_20_, user0_.user_phone_number as user_pho4_20_, user0_.user_user_id as user_use5_20_, user0_.user_user_password as user_use6_20_ from user user0_ where user0_.character_id=?
Hibernate: DELETE FROM PERMISSION WHERE CHARACTER_ID = ?
Hibernate: delete from characters where character_id=?
Hibernate: select user0_.user_id as user_id1_20_0_, user0_.character_id as characte7_20_0_, user0_.user_created_at as user_cre2_20_0_, user0_.user_name as user_nam3_20_0_, user0_.user_phone_number as user_pho4_20_0_, user0_.user_user_id as user_use5_20_0_, user0_.user_user_password as user_use6_20_0_ from user user0_ where user0_.user_id=?
Hibernate: select character0_.character_id as characte1_6_0_, character0_.character_character_name as characte2_6_0_ from characters character0_ where character0_.character_id=?
Hibernate: select count(*) as col_0_0_ from user user0_ where user0_.user_id=?
Hibernate: select character1_.character_id as characte1_6_, character1_.character_character_name as characte2_6_ from user user0_ inner join characters character1_ on user0_.character_id=character1_.character_id where user0_.user_id=?
Hibernate: select permission0_.character_id as characte6_11_0_, permission0_.permission_id as permissi1_11_0_, permission0_.permission_id as permissi1_11_1_, permission0_.character_id as characte6_11_1_, permission0_.permission_name as permissi2_11_1_, permission0_.permission_permission_unit_id as permissi3_11_1_, permission0_.permission_service as permissi4_11_1_, permission0_.permission_status as permissi5_11_1_ from permission permission0_ where permission0_.character_id=?
Hibernate: select character0_.character_id as characte1_6_0_, permission1_.permission_id as permissi1_11_1_, character0_.character_character_name as characte2_6_0_, permission1_.character_id as characte6_11_1_, permission1_.permission_name as permissi2_11_1_, permission1_.permission_permission_unit_id as permissi3_11_1_, permission1_.permission_service as permissi4_11_1_, permission1_.permission_status as permissi5_11_1_, permission1_.character_id as characte6_11_0__, permission1_.permission_id as permissi1_11_0__ from characters character0_ inner join permission permission1_ on character0_.character_id=permission1_.character_id where character0_.character_character_name=?
Hibernate: select user0_.user_id as col_0_0_ from user user0_ where user0_.user_user_id=? limit ?
Hibernate: select user0_.user_id as col_0_0_ from user user0_ where user0_.user_user_id=? limit ?
Hibernate: select U.* from USER U where U.USER_USER_ID =?
Hibernate: select character0_.character_id as characte1_6_0_, character0_.character_character_name as characte2_6_0_ from characters character0_ where character0_.character_id=?
Hibernate: select user0_.user_id as col_0_0_ from user user0_ where user0_.user_user_id=? limit ?
Hibernate: select user0_.user_id as col_0_0_ from user user0_ where user0_.user_user_id=? limit ?
Hibernate: select U.* from USER U where U.USER_USER_ID =?
Hibernate: select character0_.character_id as characte1_6_0_, character0_.character_character_name as characte2_6_0_ from characters character0_ where character0_.character_id=?
Hibernate: select user0_.user_id as col_0_0_ from user user0_ where user0_.user_user_id=? limit ?
Hibernate: select user0_.user_id as col_0_0_ from user user0_ where user0_.user_user_id=? limit ?
Hibernate: select U.* from USER U where U.USER_USER_ID =?
Hibernate: select character0_.character_id as characte1_6_0_, character0_.character_character_name as characte2_6_0_ from characters character0_ where character0_.character_id=?
Hibernate: select user0_.user_id as col_0_0_ from user user0_ where user0_.user_user_id=? limit ?
Hibernate: select user0_.user_id as col_0_0_ from user user0_ where user0_.user_user_id=? limit ?
Hibernate: select U.* from USER U where U.USER_USER_ID =?
Hibernate: select character0_.character_id as characte1_6_0_, character0_.character_character_name as characte2_6_0_ from characters character0_ where character0_.character_id=?
Hibernate: select user0_.user_id as user_id1_20_0_, user0_.character_id as characte7_20_0_, user0_.user_created_at as user_cre2_20_0_, user0_.user_name as user_nam3_20_0_, user0_.user_phone_number as user_pho4_20_0_, user0_.user_user_id as user_use5_20_0_, user0_.user_user_password as user_use6_20_0_ from user user0_ where user0_.user_id=?
Hibernate: select character0_.character_id as characte1_6_0_, character0_.character_character_name as characte2_6_0_ from characters character0_ where character0_.character_id=?
Hibernate: select count(*) as col_0_0_ from user user0_ where user0_.user_id=?
Hibernate: select character1_.character_id as characte1_6_, character1_.character_character_name as characte2_6_ from user user0_ inner join characters character1_ on user0_.character_id=character1_.character_id where user0_.user_id=?
Hibernate: select permission0_.character_id as characte6_11_0_, permission0_.permission_id as permissi1_11_0_, permission0_.permission_id as permissi1_11_1_, permission0_.character_id as characte6_11_1_, permission0_.permission_name as permissi2_11_1_, permission0_.permission_permission_unit_id as permissi3_11_1_, permission0_.permission_service as permissi4_11_1_, permission0_.permission_status as permissi5_11_1_ from permission permission0_ where permission0_.character_id=?
Hibernate: select character0_.character_id as characte1_6_0_, permission1_.permission_id as permissi1_11_1_, character0_.character_character_name as characte2_6_0_, permission1_.character_id as characte6_11_1_, permission1_.permission_name as permissi2_11_1_, permission1_.permission_permission_unit_id as permissi3_11_1_, permission1_.permission_service as permissi4_11_1_, permission1_.permission_status as permissi5_11_1_, permission1_.character_id as characte6_11_0__, permission1_.permission_id as permissi1_11_0__ from characters character0_ inner join permission permission1_ on character0_.character_id=permission1_.character_id where character0_.character_character_name=?
Hibernate: insert into characters (character_id, character_character_name) values (default, ?)
Hibernate: insert into permission (permission_id, character_id, permission_name, permission_permission_unit_id, permission_service, permission_status) values (default, ?, ?, ?, ?, ?)
Hibernate: insert into permission (permission_id, character_id, permission_name, permission_permission_unit_id, permission_service, permission_status) values (default, ?, ?, ?, ?, ?)
Hibernate: insert into permission (permission_id, character_id, permission_name, permission_permission_unit_id, permission_service, permission_status) values (default, ?, ?, ?, ?, ?)
Hibernate: insert into permission (permission_id, character_id, permission_name, permission_permission_unit_id, permission_service, permission_status) values (default, ?, ?, ?, ?, ?)
Hibernate: insert into permission (permission_id, character_id, permission_name, permission_permission_unit_id, permission_service, permission_status) values (default, ?, ?, ?, ?, ?)
Hibernate: insert into permission (permission_id, character_id, permission_name, permission_permission_unit_id, permission_service, permission_status) values (default, ?, ?, ?, ?, ?)
Hibernate: insert into permission (permission_id, character_id, permission_name, permission_permission_unit_id, permission_service, permission_status) values (default, ?, ?, ?, ?, ?)
Hibernate: insert into permission (permission_id, character_id, permission_name, permission_permission_unit_id, permission_service, permission_status) values (default, ?, ?, ?, ?, ?)
Hibernate: insert into permission (permission_id, character_id, permission_name, permission_permission_unit_id, permission_service, permission_status) values (default, ?, ?, ?, ?, ?)
Hibernate: insert into permission (permission_id, character_id, permission_name, permission_permission_unit_id, permission_service, permission_status) values (default, ?, ?, ?, ?, ?)
Hibernate: insert into permission (permission_id, character_id, permission_name, permission_permission_unit_id, permission_service, permission_status) values (default, ?, ?, ?, ?, ?)
Hibernate: insert into permission (permission_id, character_id, permission_name, permission_permission_unit_id, permission_service, permission_status) values (default, ?, ?, ?, ?, ?)
Hibernate: insert into permission (permission_id, character_id, permission_name, permission_permission_unit_id, permission_service, permission_status) values (default, ?, ?, ?, ?, ?)
Hibernate: insert into permission (permission_id, character_id, permission_name, permission_permission_unit_id, permission_service, permission_status) values (default, ?, ?, ?, ?, ?)
Hibernate: insert into permission (permission_id, character_id, permission_name, permission_permission_unit_id, permission_service, permission_status) values (default, ?, ?, ?, ?, ?)
Hibernate: insert into permission (permission_id, character_id, permission_name, permission_permission_unit_id, permission_service, permission_status) values (default, ?, ?, ?, ?, ?)
Hibernate: insert into permission (permission_id, character_id, permission_name, permission_permission_unit_id, permission_service, permission_status) values (default, ?, ?, ?, ?, ?)
Hibernate: insert into permission (permission_id, character_id, permission_name, permission_permission_unit_id, permission_service, permission_status) values (default, ?, ?, ?, ?, ?)
Hibernate: insert into permission (permission_id, character_id, permission_name, permission_permission_unit_id, permission_service, permission_status) values (default, ?, ?, ?, ?, ?)
Hibernate: insert into permission (permission_id, character_id, permission_name, permission_permission_unit_id, permission_service, permission_status) values (default, ?, ?, ?, ?, ?)
Hibernate: insert into permission (permission_id, character_id, permission_name, permission_permission_unit_id, permission_service, permission_status) values (default, ?, ?, ?, ?, ?)
Hibernate: insert into permission (permission_id, character_id, permission_name, permission_permission_unit_id, permission_service, permission_status) values (default, ?, ?, ?, ?, ?)
Hibernate: insert into permission (permission_id, character_id, permission_name, permission_permission_unit_id, permission_service, permission_status) values (default, ?, ?, ?, ?, ?)
Hibernate: insert into permission (permission_id, character_id, permission_name, permission_permission_unit_id, permission_service, permission_status) values (default, ?, ?, ?, ?, ?)
Hibernate: insert into permission (permission_id, character_id, permission_name, permission_permission_unit_id, permission_service, permission_status) values (default, ?, ?, ?, ?, ?)
Hibernate: insert into permission (permission_id, character_id, permission_name, permission_permission_unit_id, permission_service, permission_status) values (default, ?, ?, ?, ?, ?)
Hibernate: select user0_.user_id as user_id1_20_0_, user0_.character_id as characte7_20_0_, user0_.user_created_at as user_cre2_20_0_, user0_.user_name as user_nam3_20_0_, user0_.user_phone_number as user_pho4_20_0_, user0_.user_user_id as user_use5_20_0_, user0_.user_user_password as user_use6_20_0_ from user user0_ where user0_.user_id=?
Hibernate: select character0_.character_id as characte1_6_0_, character0_.character_character_name as characte2_6_0_ from characters character0_ where character0_.character_id=?
Hibernate: select count(*) as col_0_0_ from user user0_ where user0_.user_id=?
Hibernate: select character1_.character_id as characte1_6_, character1_.character_character_name as characte2_6_ from user user0_ inner join characters character1_ on user0_.character_id=character1_.character_id where user0_.user_id=?
Hibernate: select permission0_.character_id as characte6_11_0_, permission0_.permission_id as permissi1_11_0_, permission0_.permission_id as permissi1_11_1_, permission0_.character_id as characte6_11_1_, permission0_.permission_name as permissi2_11_1_, permission0_.permission_permission_unit_id as permissi3_11_1_, permission0_.permission_service as permissi4_11_1_, permission0_.permission_status as permissi5_11_1_ from permission permission0_ where permission0_.character_id=?
Hibernate: select character0_.character_id as characte1_6_0_, permission1_.permission_id as permissi1_11_1_, character0_.character_character_name as characte2_6_0_, permission1_.character_id as characte6_11_1_, permission1_.permission_name as permissi2_11_1_, permission1_.permission_permission_unit_id as permissi3_11_1_, permission1_.permission_service as permissi4_11_1_, permission1_.permission_status as permissi5_11_1_, permission1_.character_id as characte6_11_0__, permission1_.permission_id as permissi1_11_0__ from characters character0_ inner join permission permission1_ on character0_.character_id=permission1_.character_id where character0_.character_character_name=?
Hibernate: insert into characters (character_id, character_character_name) values (default, ?)
Hibernate: insert into permission (permission_id, character_id, permission_name, permission_permission_unit_id, permission_service, permission_status) values (default, ?, ?, ?, ?, ?)
Hibernate: insert into permission (permission_id, character_id, permission_name, permission_permission_unit_id, permission_service, permission_status) values (default, ?, ?, ?, ?, ?)
Hibernate: insert into permission (permission_id, character_id, permission_name, permission_permission_unit_id, permission_service, permission_status) values (default, ?, ?, ?, ?, ?)
Hibernate: insert into permission (permission_id, character_id, permission_name, permission_permission_unit_id, permission_service, permission_status) values (default, ?, ?, ?, ?, ?)
Hibernate: insert into permission (permission_id, character_id, permission_name, permission_permission_unit_id, permission_service, permission_status) values (default, ?, ?, ?, ?, ?)
Hibernate: insert into permission (permission_id, character_id, permission_name, permission_permission_unit_id, permission_service, permission_status) values (default, ?, ?, ?, ?, ?)
Hibernate: insert into permission (permission_id, character_id, permission_name, permission_permission_unit_id, permission_service, permission_status) values (default, ?, ?, ?, ?, ?)
Hibernate: insert into permission (permission_id, character_id, permission_name, permission_permission_unit_id, permission_service, permission_status) values (default, ?, ?, ?, ?, ?)
Hibernate: insert into permission (permission_id, character_id, permission_name, permission_permission_unit_id, permission_service, permission_status) values (default, ?, ?, ?, ?, ?)
Hibernate: insert into permission (permission_id, character_id, permission_name, permission_permission_unit_id, permission_service, permission_status) values (default, ?, ?, ?, ?, ?)
Hibernate: insert into permission (permission_id, character_id, permission_name, permission_permission_unit_id, permission_service, permission_status) values (default, ?, ?, ?, ?, ?)
Hibernate: insert into permission (permission_id, character_id, permission_name, permission_permission_unit_id, permission_service, permission_status) values (default, ?, ?, ?, ?, ?)
Hibernate: insert into permission (permission_id, character_id, permission_name, permission_permission_unit_id, permission_service, permission_status) values (default, ?, ?, ?, ?, ?)
Hibernate: insert into permission (permission_id, character_id, permission_name, permission_permission_unit_id, permission_service, permission_status) values (default, ?, ?, ?, ?, ?)
Hibernate: insert into permission (permission_id, character_id, permission_name, permission_permission_unit_id, permission_service, permission_status) values (default, ?, ?, ?, ?, ?)
Hibernate: insert into permission (permission_id, character_id, permission_name, permission_permission_unit_id, permission_service, permission_status) values (default, ?, ?, ?, ?, ?)
Hibernate: insert into permission (permission_id, character_id, permission_name, permission_permission_unit_id, permission_service, permission_status) values (default, ?, ?, ?, ?, ?)
Hibernate: insert into permission (permission_id, character_id, permission_name, permission_permission_unit_id, permission_service, permission_status) values (default, ?, ?, ?, ?, ?)
Hibernate: insert into permission (permission_id, character_id, permission_name, permission_permission_unit_id, permission_service, permission_status) values (default, ?, ?, ?, ?, ?)
Hibernate: insert into permission (permission_id, character_id, permission_name, permission_permission_unit_id, permission_service, permission_status) values (default, ?, ?, ?, ?, ?)
Hibernate: insert into permission (permission_id, character_id, permission_name, permission_permission_unit_id, permission_service, permission_status) values (default, ?, ?, ?, ?, ?)
Hibernate: insert into permission (permission_id, character_id, permission_name, permission_permission_unit_id, permission_service, permission_status) values (default, ?, ?, ?, ?, ?)
Hibernate: insert into permission (permission_id, character_id, permission_name, permission_permission_unit_id, permission_service, permission_status) values (default, ?, ?, ?, ?, ?)
Hibernate: insert into permission (permission_id, character_id, permission_name, permission_permission_unit_id, permission_service, permission_status) values (default, ?, ?, ?, ?, ?)
[...]
Hibernate: select user0_.user_id as col_0_0_ from user user0_ where user0_.user_user_id=? limit ?
Hibernate: select user0_.user_id as col_0_0_ from user user0_ where user0_.user_user_id=? limit ?
Hibernate: select U.* from USER U where U.USER_USER_ID =?
Hibernate: select character0_.character_id as characte1_6_0_, character0_.character_character_name as characte2_6_0_ from characters character0_ where character0_.character_id=?
Hibernate: select user0_.user_id as user_id1_20_0_, user0_.character_id as characte7_20_0_, user0_.user_created_at as user_cre2_20_0_, user0_.user_name as user_nam3_20_0_, user0_.user_phone_number as user_pho4_20_0_, user0_.user_user_id as user_use5_20_0_, user0_.user_user_password as user_use6_20_0_ from user user0_ where user0_.user_id=?
Hibernate: select character0_.character_id as characte1_6_0_, character0_.character_character_name as characte2_6_0_ from characters character0_ where character0_.character_id=?
Hibernate: select count(*) as col_0_0_ from user user0_ where user0_.user_id=?
Hibernate: select character1_.character_id as characte1_6_, character1_.character_character_name as characte2_6_ from user user0_ inner join characters character1_ on user0_.character_id=character1_.character_id where user0_.user_id=?
Hibernate: select permission0_.character_id as characte6_11_0_, permission0_.permission_id as permissi1_11_0_, permission0_.permission_id as permissi1_11_1_, permission0_.character_id as characte6_11_1_, permission0_.permission_name as permissi2_11_1_, permission0_.permission_permission_unit_id as permissi3_11_1_, permission0_.permission_service as permissi4_11_1_, permission0_.permission_status as permissi5_11_1_ from permission permission0_ where permission0_.character_id=?
Hibernate: select character0_.character_id as characte1_6_0_, permission1_.permission_id as permissi1_11_1_, character0_.character_character_name as characte2_6_0_, permission1_.character_id as characte6_11_1_, permission1_.permission_name as permissi2_11_1_, permission1_.permission_permission_unit_id as permissi3_11_1_, permission1_.permission_service as permissi4_11_1_, permission1_.permission_status as permissi5_11_1_, permission1_.character_id as characte6_11_0__, permission1_.permission_id as permissi1_11_0__ from characters character0_ inner join permission permission1_ on character0_.character_id=permission1_.character_id where character0_.character_character_name=?
Hibernate: select user0_.user_id as user_id1_20_0_, user0_.character_id as characte7_20_0_, user0_.user_created_at as user_cre2_20_0_, user0_.user_name as user_nam3_20_0_, user0_.user_phone_number as user_pho4_20_0_, user0_.user_user_id as user_use5_20_0_, user0_.user_user_password as user_use6_20_0_ from user user0_ where user0_.user_id=?
Hibernate: select character0_.character_id as characte1_6_0_, character0_.character_character_name as characte2_6_0_ from characters character0_ where character0_.character_id=?
Hibernate: select count(*) as col_0_0_ from user user0_ where user0_.user_id=?
Hibernate: select character1_.character_id as characte1_6_, character1_.character_character_name as characte2_6_ from user user0_ inner join characters character1_ on user0_.character_id=character1_.character_id where user0_.user_id=?
Hibernate: select permission0_.character_id as characte6_11_0_, permission0_.permission_id as permissi1_11_0_, permission0_.permission_id as permissi1_11_1_, permission0_.character_id as characte6_11_1_, permission0_.permission_name as permissi2_11_1_, permission0_.permission_permission_unit_id as permissi3_11_1_, permission0_.permission_service as permissi4_11_1_, permission0_.permission_status as permissi5_11_1_ from permission permission0_ where permission0_.character_id=?
Hibernate: select character0_.character_id as characte1_6_0_, permission1_.permission_id as permissi1_11_1_, character0_.character_character_name as characte2_6_0_, permission1_.character_id as characte6_11_1_, permission1_.permission_name as permissi2_11_1_, permission1_.permission_permission_unit_id as permissi3_11_1_, permission1_.permission_service as permissi4_11_1_, permission1_.permission_status as permissi5_11_1_, permission1_.character_id as characte6_11_0__, permission1_.permission_id as permissi1_11_0__ from characters character0_ inner join permission permission1_ on character0_.character_id=permission1_.character_id where character0_.character_character_name=?
Hibernate: select user0_.user_id as col_0_0_ from user user0_ where user0_.user_user_id=? limit ?
Hibernate: select user0_.user_id as col_0_0_ from user user0_ where user0_.user_user_id=? limit ?
Hibernate: select U.* from USER U where U.USER_USER_ID =?
Hibernate: select character0_.character_id as characte1_6_0_, character0_.character_character_name as characte2_6_0_ from characters character0_ where character0_.character_id=?
Hibernate: select user0_.user_id as col_0_0_ from user user0_ where user0_.user_user_id=? limit ?
Hibernate: select user0_.user_id as col_0_0_ from user user0_ where user0_.user_user_id=? limit ?
Hibernate: select U.* from USER U where U.USER_USER_ID =?
Hibernate: select character0_.character_id as characte1_6_0_, character0_.character_character_name as characte2_6_0_ from characters character0_ where character0_.character_id=?
Hibernate: select user0_.user_id as col_0_0_ from user user0_ where user0_.user_user_id=? limit ?
Hibernate: select user0_.user_id as col_0_0_ from user user0_ where user0_.user_user_id=? limit ?
Hibernate: select U.* from USER U where U.USER_USER_ID =?
Hibernate: select character0_.character_id as characte1_6_0_, character0_.character_character_name as characte2_6_0_ from characters character0_ where character0_.character_id=?
Hibernate: select user0_.user_id as col_0_0_ from user user0_ where user0_.user_user_id=? limit ?
Hibernate: select user0_.user_id as col_0_0_ from user user0_ where user0_.user_user_id=? limit ?
Hibernate: select U.* from USER U where U.USER_USER_ID =?
Hibernate: select character0_.character_id as characte1_6_0_, character0_.character_character_name as characte2_6_0_ from characters character0_ where character0_.character_id=?
Hibernate: select user0_.user_id as user_id1_20_0_, user0_.character_id as characte7_20_0_, user0_.user_created_at as user_cre2_20_0_, user0_.user_name as user_nam3_20_0_, user0_.user_phone_number as user_pho4_20_0_, user0_.user_user_id as user_use5_20_0_, user0_.user_user_password as user_use6_20_0_ from user user0_ where user0_.user_id=?
Hibernate: select character0_.character_id as characte1_6_0_, character0_.character_character_name as characte2_6_0_ from characters character0_ where character0_.character_id=?
Hibernate: select count(*) as col_0_0_ from user user0_ where user0_.user_id=?
Hibernate: select character1_.character_id as characte1_6_, character1_.character_character_name as characte2_6_ from user user0_ inner join characters character1_ on user0_.character_id=character1_.character_id where user0_.user_id=?
Hibernate: select permission0_.character_id as characte6_11_0_, permission0_.permission_id as permissi1_11_0_, permission0_.permission_id as permissi1_11_1_, permission0_.character_id as characte6_11_1_, permission0_.permission_name as permissi2_11_1_, permission0_.permission_permission_unit_id as permissi3_11_1_, permission0_.permission_service as permissi4_11_1_, permission0_.permission_status as permissi5_11_1_ from permission permission0_ where permission0_.character_id=?
Hibernate: select character0_.character_id as characte1_6_0_, permission1_.permission_id as permissi1_11_1_, character0_.character_character_name as characte2_6_0_, permission1_.character_id as characte6_11_1_, permission1_.permission_name as permissi2_11_1_, permission1_.permission_permission_unit_id as permissi3_11_1_, permission1_.permission_service as permissi4_11_1_, permission1_.permission_status as permissi5_11_1_, permission1_.character_id as characte6_11_0__, permission1_.permission_id as permissi1_11_0__ from characters character0_ inner join permission permission1_ on character0_.character_id=permission1_.character_id where character0_.character_character_name=?
Hibernate: select character0_.character_id as characte1_6_0_, permission1_.permission_id as permissi1_11_1_, character0_.character_character_name as characte2_6_0_, permission1_.character_id as characte6_11_1_, permission1_.permission_name as permissi2_11_1_, permission1_.permission_permission_unit_id as permissi3_11_1_, permission1_.permission_service as permissi4_11_1_, permission1_.permission_status as permissi5_11_1_, permission1_.character_id as characte6_11_0__, permission1_.permission_id as permissi1_11_0__ from characters character0_ inner join permission permission1_ on character0_.character_id=permission1_.character_id where character0_.character_character_name=?
Hibernate: select user0_.user_id as col_0_0_ from user user0_ where user0_.user_user_id=? limit ?
Hibernate: select user0_.user_id as col_0_0_ from user user0_ where user0_.user_user_id=? limit ?
Hibernate: select U.* from USER U where U.USER_USER_ID =?
Hibernate: select character0_.character_id as characte1_6_0_, character0_.character_character_name as characte2_6_0_ from characters character0_ where character0_.character_id=?
Hibernate: select user0_.user_id as col_0_0_ from user user0_ where user0_.user_user_id=? limit ?
Hibernate: select user0_.user_id as col_0_0_ from user user0_ where user0_.user_user_id=? limit ?
Hibernate: select U.* from USER U where U.USER_USER_ID =?
Hibernate: select character0_.character_id as characte1_6_0_, character0_.character_character_name as characte2_6_0_ from characters character0_ where character0_.character_id=?
Hibernate: select user0_.user_id as col_0_0_ from user user0_ where user0_.user_user_id=? limit ?
Hibernate: select user0_.user_id as col_0_0_ from user user0_ where user0_.user_user_id=? limit ?
Hibernate: select U.* from USER U where U.USER_USER_ID =?
Hibernate: select character0_.character_id as characte1_6_0_, character0_.character_character_name as characte2_6_0_ from characters character0_ where character0_.character_id=?
Hibernate: select user0_.user_id as col_0_0_ from user user0_ where user0_.user_user_id=? limit ?
Hibernate: select user0_.user_id as col_0_0_ from user user0_ where user0_.user_user_id=? limit ?
Hibernate: select U.* from USER U where U.USER_USER_ID =?
Hibernate: select character0_.character_id as characte1_6_0_, character0_.character_character_name as characte2_6_0_ from characters character0_ where character0_.character_id=?
Hibernate: select user0_.user_id as col_0_0_ from user user0_ where user0_.user_user_id=? limit ?
Hibernate: select user0_.user_id as col_0_0_ from user user0_ where user0_.user_user_id=? limit ?
Hibernate: select U.* from USER U where U.USER_USER_ID =?
Hibernate: select character0_.character_id as characte1_6_0_, character0_.character_character_name as characte2_6_0_ from characters character0_ where character0_.character_id=?
Hibernate: select user0_.user_id as user_id1_20_0_, user0_.character_id as characte7_20_0_, user0_.user_created_at as user_cre2_20_0_, user0_.user_name as user_nam3_20_0_, user0_.user_phone_number as user_pho4_20_0_, user0_.user_user_id as user_use5_20_0_, user0_.user_user_password as user_use6_20_0_ from user user0_ where user0_.user_id=?
Hibernate: select character0_.character_id as characte1_6_0_, character0_.character_character_name as characte2_6_0_ from characters character0_ where character0_.character_id=?
Hibernate: select count(*) as col_0_0_ from user user0_ where user0_.user_id=?
Hibernate: select character1_.character_id as characte1_6_, character1_.character_character_name as characte2_6_ from user user0_ inner join characters character1_ on user0_.character_id=character1_.character_id where user0_.user_id=?
Hibernate: select permission0_.character_id as characte6_11_0_, permission0_.permission_id as permissi1_11_0_, permission0_.permission_id as permissi1_11_1_, permission0_.character_id as characte6_11_1_, permission0_.permission_name as permissi2_11_1_, permission0_.permission_permission_unit_id as permissi3_11_1_, permission0_.permission_service as permissi4_11_1_, permission0_.permission_status as permissi5_11_1_ from permission permission0_ where permission0_.character_id=?

MockHttpServletRequest:
      HTTP Method = GET
      Request URI = /permission
       Parameters = {}
          Headers = [Accept:"application/json", api-version:"1.0", Authorization:"Bearer eyJhbGciOiJIUzI1NiJ9.eyJzdWIiOiIxIiwiaWF0IjoxNjg3ODc2NTc3LCJleHAiOjE2ODc4ODAxNzd9.JltoDJ9K4XvrMOmFTA5K2XrxzCY9roM1YrlJ7OpedmM"]
             Body = null
    Session Attrs = {}

Handler:
             Type = org.waldreg.controller.character.CharacterController
           Method = org.waldreg.controller.character.CharacterController#getAllPermissions()

Async:
    Async started = false
     Async result = null

Resolved Exception:
             Type = null

ModelAndView:
        View name = null
             View = null
            Model = null

FlashMap:
       Attributes = null

MockHttpServletResponse:
           Status = 200
    Error message = null
          Headers = [Vary:"Origin", "Access-Control-Request-Method", "Access-Control-Request-Headers", Api-version:"1.0", Content-Type:"application/json"]
     Content type = application/json
             Body = {"permissions":[{"permission_id":54,"permission_service":"User","permission_name":"User fire manager","permission_info":"If set true, can fire other user","permission_status":["true","false"]},{"permission_id":77,"permission_service":"Home","permission_name":"Home Update manager","permission_info":"If set true, can update home content","permission_status":["true","false"]},{"permission_id":71,"permission_service":"Schedule","permission_name":"Schedule update manager","permission_info":"If set true, can update schedule","permission_status":["true","false"]},{"permission_id":60,"permission_service":"Board","permission_name":"Board modify manager","permission_info":"If set true, can modify board","permission_status":["true","false"]},{"permission_id":53,"permission_service":"Attendance","permission_name":"Attendance manager","permission_info":"If set to true, you can start and manage attendance.","permission_status":["true","false"]},{"permission_id":73,"permission_service":"Reward","permission_name":"Reward manager","permission_info":"If set true, all permissions related to the reward are accessible.","permission_status":["true","false"]},{"permission_id":65,"permission_service":"Board","permission_name":"Comment read manager","permission_info":"If set true, can read comments.","permission_status":["true","false"]},{"permission_id":56,"permission_service":"User","permission_name":"User info read manager","permission_info":"If set true, can read other user's information","permission_status":["true","false"]},{"permission_id":64,"permission_service":"Board","permission_name":"Comment modify manager","permission_info":"If set true, can modify comments.","permission_status":["true","false"]},{"permission_id":57,"permission_service":"User","permission_name":"User join manager","permission_info":"If set true, can handle other user's join request","permission_status":["true","false"]},{"permission_id":72,"permission_service":"Schedule","permission_name":"Schedule delete manager","permission_info":"If set true, can delete schedule","permission_status":["true","false"]},{"permission_id":58,"permission_service":"Board","permission_name":"Board create manager","permission_info":"If set true, can create board","permission_status":["true","false"]},{"permission_id":68,"permission_service":"Board","permission_name":"File download manager","permission_info":"If set true, can download file.","permission_status":["true","false"]},{"permission_id":63,"permission_service":"Board","permission_name":"Comment create manager","permission_info":"If set true, can create comments.","permission_status":["true","false"]},{"permission_id":74,"permission_service":"Teambuilding","permission_name":"Teambuilding create manager","permission_info":"If set true, can create new team building or team","permission_status":["true","false"]},{"permission_id":76,"permission_service":"Teambuilding","permission_name":"Teambuilding delete manager","permission_info":"If set true, can delete team building or team","permission_status":["true","false"]},{"permission_id":59,"permission_service":"Board","permission_name":"Board read manager","permission_info":"If set true, can read board","permission_status":["true","false"]},{"permission_id":70,"permission_service":"Schedule","permission_name":"Schedule create manager","permission_info":"If set true, can create new schedule","permission_status":["true","false"]},{"permission_id":67,"permission_service":"Board","permission_name":"Image manager","permission_info":"If set true, can load Image.","permission_status":["true","false"]},{"permission_id":69,"permission_service":"Board","permission_name":"Reaction manager","permission_info":"If set true, can reaction to board.","permission_status":["true","false"]},{"permission_id":78,"permission_service":"Character","permission_name":"Character manager","permission_info":"If set true, Permission to edit, delete, or create new characters.","permission_status":["true","false"]},{"permission_id":61,"permission_service":"Board","permission_name":"Board delete manager","permission_info":"If set true, can delete board","permission_status":["true","false"]},{"permission_id":62,"permission_service":"Board","permission_name":"Category manager","permission_info":"If set true, all permissions related to the category are accessible.","permission_status":["true","false"]},{"permission_id":66,"permission_service":"Board","permission_name":"Comment delete manager","permission_info":"If set true, can delete comments.","permission_status":["true","false"]},{"permission_id":75,"permission_service":"Teambuilding","permission_name":"Teambuilding update manager","permission_info":"If set true, can update team building or team","permission_status":["true","false"]},{"permission_id":55,"permission_service":"User","permission_name":"User's character update manager","permission_info":"If set true, can update user's character","permission_status":["true","false"]}]}
    Forwarded URL = null
   Redirected URL = null
          Cookies = []
Hibernate: select user0_.user_id as col_0_0_ from user user0_ where user0_.user_user_id=? limit ?
Hibernate: select user0_.user_id as col_0_0_ from user user0_ where user0_.user_user_id=? limit ?
Hibernate: select U.* from USER U where U.USER_USER_ID =?
Hibernate: select character0_.character_id as characte1_6_0_, character0_.character_character_name as characte2_6_0_ from characters character0_ where character0_.character_id=?
Hibernate: select user0_.user_id as col_0_0_ from user user0_ where user0_.user_user_id=? limit ?
Hibernate: select user0_.user_id as col_0_0_ from user user0_ where user0_.user_user_id=? limit ?
Hibernate: select U.* from USER U where U.USER_USER_ID =?
Hibernate: select character0_.character_id as characte1_6_0_, character0_.character_character_name as characte2_6_0_ from characters character0_ where character0_.character_id=?
]]></system-out>
  <system-err><![CDATA[]]></system-err>
</testsuite>
