<?xml version="1.0" encoding="UTF-8"?>
<testsuite name="org.waldreg.acceptance.user.UserAcceptanceTest" tests="50" skipped="0" failures="0" errors="0" timestamp="2023-06-27T14:51:09" hostname="xb-apple.local" time="0.458">
  <properties/>
  <testcase name="유저 가입 승인 실패 테스트 - 잘못된 대기열 아이디" classname="org.waldreg.acceptance.user.UserAcceptanceTest" time="0.016"/>
  <testcase name="특정 유저 조회 실패 인수 테스트 - 없는 유저" classname="org.waldreg.acceptance.user.UserAcceptanceTest" time="0.005"/>
  <testcase name="유저 수정 실패 인수 테스트 - user_Name 50자 초과" classname="org.waldreg.acceptance.user.UserAcceptanceTest" time="0.012"/>
  <testcase name="유저 생성 성공 인수 테스트" classname="org.waldreg.acceptance.user.UserAcceptanceTest" time="0.006"/>
  <testcase name="유저 가입 승인 실패 테스트 - 권한 없음" classname="org.waldreg.acceptance.user.UserAcceptanceTest" time="0.012"/>
  <testcase name="로그인된 유저 조회 성공 인수 테스트" classname="org.waldreg.acceptance.user.UserAcceptanceTest" time="0.004"/>
  <testcase name="유저 가입 승인 성공 테스트" classname="org.waldreg.acceptance.user.UserAcceptanceTest" time="0.008"/>
  <testcase name="유저 강퇴 성공 인수 테스트" classname="org.waldreg.acceptance.user.UserAcceptanceTest" time="0.008"/>
  <testcase name="유저 생성 실패 인수 테스트 - 잘못된 이름 입력" classname="org.waldreg.acceptance.user.UserAcceptanceTest" time="0.006"/>
  <testcase name="유저 수정 실패 인수 테스트 - 잘못된 토큰" classname="org.waldreg.acceptance.user.UserAcceptanceTest" time="0.007"/>
  <testcase name="전체 유저 조회 성공 인수테스트 - 토큰 없을 때" classname="org.waldreg.acceptance.user.UserAcceptanceTest" time="0.016"/>
  <testcase name="유저 보안 삭제 실패 인수 테스트 - 없는 토큰" classname="org.waldreg.acceptance.user.UserAcceptanceTest" time="0.008"/>
  <testcase name="유저 역할 수정 성공 인수 테스트" classname="org.waldreg.acceptance.user.UserAcceptanceTest" time="0.016"/>
  <testcase name="로그인된 유저 조회 실패 인수 테스트 - 없는 토큰" classname="org.waldreg.acceptance.user.UserAcceptanceTest" time="0.004"/>
  <testcase name="유저 가입 거절 성공 테스트" classname="org.waldreg.acceptance.user.UserAcceptanceTest" time="0.007"/>
  <testcase name="특정 유저 목록 조회 성공 인수테스트 - 2명" classname="org.waldreg.acceptance.user.UserAcceptanceTest" time="0.018"/>
  <testcase name="유저 역할 수정 시 동기화 성공 인수 테스트" classname="org.waldreg.acceptance.user.UserAcceptanceTest" time="0.024"/>
  <testcase name="유저 생성 실패 인수 테스트 - 잘못된 전화번호 입력" classname="org.waldreg.acceptance.user.UserAcceptanceTest" time="0.006"/>
  <testcase name="로그인된 유저 조회 실패 인수 테스트 - 잘못된 토큰" classname="org.waldreg.acceptance.user.UserAcceptanceTest" time="0.004"/>
  <testcase name="가입 대기열 조회 실패 - 잘못된 범위" classname="org.waldreg.acceptance.user.UserAcceptanceTest" time="0.009"/>
  <testcase name="유저 보안 삭제 성공 인수 테스트" classname="org.waldreg.acceptance.user.UserAcceptanceTest" time="0.008"/>
  <testcase name="유저 역할 수정 실패 인수 테스트 - 없는 역할" classname="org.waldreg.acceptance.user.UserAcceptanceTest" time="0.009"/>
  <testcase name="유저 역할 수정 실패 인수 테스트 - 없는 id" classname="org.waldreg.acceptance.user.UserAcceptanceTest" time="0.011"/>
  <testcase name="유저 가입 거절 실패 테스트 - 잘못된 대기열 아이디" classname="org.waldreg.acceptance.user.UserAcceptanceTest" time="0.008"/>
  <testcase name="가입 대기열 전체조회 테스트" classname="org.waldreg.acceptance.user.UserAcceptanceTest" time="0.007"/>
  <testcase name="가입 대기열 조회 실패 - 권한 없음" classname="org.waldreg.acceptance.user.UserAcceptanceTest" time="0.014"/>
  <testcase name="유저 강퇴 실패 인수 테스트 - 권한 없음" classname="org.waldreg.acceptance.user.UserAcceptanceTest" time="0.011"/>
  <testcase name="유저 수정 실패 인수 테스트 - 보안 기준 미달 비밀번호로 수정 시도" classname="org.waldreg.acceptance.user.UserAcceptanceTest" time="0.009"/>
  <testcase name="유저 역할 수정 실패 인수 테스트 - 권한 없음" classname="org.waldreg.acceptance.user.UserAcceptanceTest" time="0.011"/>
  <testcase name="특정 유저 조회 성공 인수 테스트 - 토큰 없을 때" classname="org.waldreg.acceptance.user.UserAcceptanceTest" time="0.008"/>
  <testcase name="유저 보안 삭제 실패 인수 테스트 - 잘못된 비밀번호" classname="org.waldreg.acceptance.user.UserAcceptanceTest" time="0.008"/>
  <testcase name="전체 유저 조회 실패 인수테스트 - 잘못된 범위" classname="org.waldreg.acceptance.user.UserAcceptanceTest" time="0.009"/>
  <testcase name="유저 생성 실패 인수 테스트 - 중복 아이디" classname="org.waldreg.acceptance.user.UserAcceptanceTest" time="0.008"/>
  <testcase name="전체 유저 조회 성공 인수테스트 - 토큰 있을 때, 범위 없이" classname="org.waldreg.acceptance.user.UserAcceptanceTest" time="0.013"/>
  <testcase name="유저 수정 성공 인수 테스트" classname="org.waldreg.acceptance.user.UserAcceptanceTest" time="0.009"/>
  <testcase name="특정 유저 조회 성공 인수 테스트 - 토큰 있을 때" classname="org.waldreg.acceptance.user.UserAcceptanceTest" time="0.008"/>
  <testcase name="유저 수정 실패 인수 테스트 - 헤더에 있는 비밀번호가 저장된 비밀번호 다름" classname="org.waldreg.acceptance.user.UserAcceptanceTest" time="0.008"/>
  <testcase name="유저 생성 실패 인수 테스트 - 비밀번호 보안 기준 미달" classname="org.waldreg.acceptance.user.UserAcceptanceTest" time="0.006"/>
  <testcase name="유저 가입 거절 실패 테스트 - 권한 없음" classname="org.waldreg.acceptance.user.UserAcceptanceTest" time="0.013"/>
  <testcase name="유저 수정 실패 인수 테스트 - 없는 토큰" classname="org.waldreg.acceptance.user.UserAcceptanceTest" time="0.006"/>
  <testcase name="전체 유저 조회 성공 인수테스트 - 토큰 있을 때" classname="org.waldreg.acceptance.user.UserAcceptanceTest" time="0.013"/>
  <testcase name="유저 강퇴 실패 인수 테스트 - 잘못된 토큰" classname="org.waldreg.acceptance.user.UserAcceptanceTest" time="0.008"/>
  <testcase name="유저 보안 삭제 실패 인수 테스트 - 잘못된 토큰" classname="org.waldreg.acceptance.user.UserAcceptanceTest" time="0.007"/>
  <testcase name="유저 생성 실패 인수 테스트 - user_Name 50자 초과" classname="org.waldreg.acceptance.user.UserAcceptanceTest" time="0.005"/>
  <testcase name="유저 생성 실패 인수 테스트 - user_Id 50자 초과" classname="org.waldreg.acceptance.user.UserAcceptanceTest" time="0.005"/>
  <testcase name="유저 생성 실패 인수 테스트 - 잘못된 user_id 입력" classname="org.waldreg.acceptance.user.UserAcceptanceTest" time="0.006"/>
  <testcase name="유저 강퇴 실패 인수 테스트 - 없는 토큰" classname="org.waldreg.acceptance.user.UserAcceptanceTest" time="0.007"/>
  <testcase name="특정 유저 목록 조회 실패 인수테스트 - 없는 id" classname="org.waldreg.acceptance.user.UserAcceptanceTest" time="0.005"/>
  <testcase name="유저 강퇴 실패 인수 테스트 - 없는 id" classname="org.waldreg.acceptance.user.UserAcceptanceTest" time="0.007"/>
  <testcase name="관리자 수정 성공 인수 테스트" classname="org.waldreg.acceptance.user.UserAcceptanceTest" time="0.005"/>
  <system-out><![CDATA[2023-06-27 23:51:09.788  INFO 92687 --- [    Test worker] .b.t.c.SpringBootTestContextBootstrapper : Neither @ContextConfiguration nor @ContextHierarchy found for test class [org.waldreg.acceptance.user.UserAcceptanceTest], using SpringBootContextLoader
2023-06-27 23:51:09.788  INFO 92687 --- [    Test worker] o.s.t.c.support.AbstractContextLoader    : Could not detect default resource locations for test class [org.waldreg.acceptance.user.UserAcceptanceTest]: no resource found for suffixes {-context.xml, Context.groovy}.
2023-06-27 23:51:09.788  INFO 92687 --- [    Test worker] t.c.s.AnnotationConfigContextLoaderUtils : Could not detect default configuration classes for test class [org.waldreg.acceptance.user.UserAcceptanceTest]: UserAcceptanceTest does not declare any static, non-private, non-final, nested classes annotated with @Configuration.
2023-06-27 23:51:09.794  INFO 92687 --- [    Test worker] .b.t.c.SpringBootTestContextBootstrapper : Found @SpringBootConfiguration org.waldreg.Application for test class org.waldreg.acceptance.user.UserAcceptanceTest
2023-06-27 23:51:09.794  INFO 92687 --- [    Test worker] .b.t.c.SpringBootTestContextBootstrapper : Loaded default TestExecutionListener class names from location [META-INF/spring.factories]: [org.springframework.boot.test.autoconfigure.restdocs.RestDocsTestExecutionListener, org.springframework.boot.test.autoconfigure.web.client.MockRestServiceServerResetTestExecutionListener, org.springframework.boot.test.autoconfigure.web.servlet.MockMvcPrintOnlyOnFailureTestExecutionListener, org.springframework.boot.test.autoconfigure.web.servlet.WebDriverTestExecutionListener, org.springframework.boot.test.autoconfigure.webservices.client.MockWebServiceServerTestExecutionListener, org.springframework.boot.test.mock.mockito.MockitoTestExecutionListener, org.springframework.boot.test.mock.mockito.ResetMocksTestExecutionListener, org.springframework.test.context.web.ServletTestExecutionListener, org.springframework.test.context.support.DirtiesContextBeforeModesTestExecutionListener, org.springframework.test.context.event.ApplicationEventsTestExecutionListener, org.springframework.test.context.support.DependencyInjectionTestExecutionListener, org.springframework.test.context.support.DirtiesContextTestExecutionListener, org.springframework.test.context.transaction.TransactionalTestExecutionListener, org.springframework.test.context.jdbc.SqlScriptsTestExecutionListener, org.springframework.test.context.event.EventPublishingTestExecutionListener]
2023-06-27 23:51:09.795  INFO 92687 --- [    Test worker] .b.t.c.SpringBootTestContextBootstrapper : Using TestExecutionListeners: [org.springframework.test.context.web.ServletTestExecutionListener@7846edb2, org.springframework.test.context.support.DirtiesContextBeforeModesTestExecutionListener@24fdb767, org.springframework.test.context.event.ApplicationEventsTestExecutionListener@49cba925, org.springframework.boot.test.mock.mockito.MockitoTestExecutionListener@1beb4a74, org.springframework.boot.test.autoconfigure.SpringBootDependencyInjectionTestExecutionListener@540f0fc6, org.springframework.test.context.support.DirtiesContextTestExecutionListener@1d80ccaf, org.springframework.test.context.transaction.TransactionalTestExecutionListener@996dcbb, org.springframework.test.context.jdbc.SqlScriptsTestExecutionListener@48ef8f17, org.springframework.test.context.event.EventPublishingTestExecutionListener@64b2d8f3, org.springframework.boot.test.autoconfigure.restdocs.RestDocsTestExecutionListener@7fcc957e, org.springframework.boot.test.autoconfigure.web.client.MockRestServiceServerResetTestExecutionListener@4000ed38, org.springframework.boot.test.autoconfigure.web.servlet.MockMvcPrintOnlyOnFailureTestExecutionListener@74235518, org.springframework.boot.test.autoconfigure.web.servlet.WebDriverTestExecutionListener@6246e2f, org.springframework.boot.test.autoconfigure.webservices.client.MockWebServiceServerTestExecutionListener@1d586cf0, org.springframework.boot.test.mock.mockito.ResetMocksTestExecutionListener@5af62b4e]
Hibernate: select user0_.user_id as col_0_0_ from user user0_ where user0_.user_user_id=? limit ?
Hibernate: select user0_.user_id as col_0_0_ from user user0_ where user0_.user_user_id=? limit ?
Hibernate: select U.* from USER U where U.USER_USER_ID =?
Hibernate: select character0_.character_id as characte1_6_0_, character0_.character_character_name as characte2_6_0_ from characters character0_ where character0_.character_id=?
Hibernate: select user0_.user_id as user_id1_21_0_, user0_.character_id as characte7_21_0_, user0_.user_created_at as user_cre2_21_0_, user0_.user_name as user_nam3_21_0_, user0_.user_phone_number as user_pho4_21_0_, user0_.user_user_id as user_use5_21_0_, user0_.user_user_password as user_use6_21_0_ from user user0_ where user0_.user_id=?
Hibernate: select character0_.character_id as characte1_6_0_, character0_.character_character_name as characte2_6_0_ from characters character0_ where character0_.character_id=?
Hibernate: select count(*) as col_0_0_ from user user0_ where user0_.user_id=?
Hibernate: select character1_.character_id as characte1_6_, character1_.character_character_name as characte2_6_ from user user0_ inner join characters character1_ on user0_.character_id=character1_.character_id where user0_.user_id=?
Hibernate: select permission0_.character_id as characte6_12_0_, permission0_.permission_id as permissi1_12_0_, permission0_.permission_id as permissi1_12_1_, permission0_.character_id as characte6_12_1_, permission0_.permission_name as permissi2_12_1_, permission0_.permission_permission_unit_id as permissi3_12_1_, permission0_.permission_service as permissi4_12_1_, permission0_.permission_status as permissi5_12_1_ from permission permission0_ where permission0_.character_id=?
Hibernate: select count(*) as col_0_0_ from user_joining_pool userjoinin0_
Hibernate: select count(*) as col_0_0_ from user_joining_pool userjoinin0_
2023-06-27 23:51:09.799  INFO 92687 --- [    Test worker] DefaultJoiningPoolManager                : adjust endIdx "20" to "1" maxIdx is "1"
2023-06-27 23:51:09.800  INFO 92687 --- [    Test worker] JoiningPoolCommander                     : startIdx "1"
2023-06-27 23:51:09.800  INFO 92687 --- [    Test worker] JoiningPoolCommander                     : endIdx "1"
Hibernate: select userjoinin0_.user_joining_pool_id as user_joi1_22_, userjoinin0_.user_created_at as user_cre2_22_, userjoinin0_.user_name as user_nam3_22_, userjoinin0_.user_phone_number as user_pho4_22_, userjoinin0_.user_user_id as user_use5_22_, userjoinin0_.user_user_password as user_use6_22_ from user_joining_pool userjoinin0_ limit ?
Hibernate: select user0_.user_id as user_id1_21_0_, user0_.character_id as characte7_21_0_, user0_.user_created_at as user_cre2_21_0_, user0_.user_name as user_nam3_21_0_, user0_.user_phone_number as user_pho4_21_0_, user0_.user_user_id as user_use5_21_0_, user0_.user_user_password as user_use6_21_0_ from user user0_ where user0_.user_id=?
Hibernate: select character0_.character_id as characte1_6_0_, character0_.character_character_name as characte2_6_0_ from characters character0_ where character0_.character_id=?
Hibernate: select count(*) as col_0_0_ from user user0_ where user0_.user_id=?
Hibernate: select character1_.character_id as characte1_6_, character1_.character_character_name as characte2_6_ from user user0_ inner join characters character1_ on user0_.character_id=character1_.character_id where user0_.user_id=?
Hibernate: select permission0_.character_id as characte6_12_0_, permission0_.permission_id as permissi1_12_0_, permission0_.permission_id as permissi1_12_1_, permission0_.character_id as characte6_12_1_, permission0_.permission_name as permissi2_12_1_, permission0_.permission_permission_unit_id as permissi3_12_1_, permission0_.permission_service as permissi4_12_1_, permission0_.permission_status as permissi5_12_1_ from permission permission0_ where permission0_.character_id=?
Hibernate: select userjoinin0_.user_joining_pool_id as col_0_0_ from user_joining_pool userjoinin0_ where userjoinin0_.user_user_id=? limit ?
Hibernate: DELETE FROM USER_JOINING_POOL as JU where JU.USER_USER_ID =?
Hibernate: select user0_.user_id as col_0_0_ from user user0_ where user0_.user_user_id=? limit ?
Hibernate: select user0_.user_id as col_0_0_ from user user0_ where user0_.user_user_id=? limit ?
Hibernate: select U.* from USER U where U.USER_USER_ID =?
Hibernate: select character0_.character_id as characte1_6_0_, character0_.character_character_name as characte2_6_0_ from characters character0_ where character0_.character_id=?
Hibernate: select user0_.user_id as col_0_0_ from user user0_ where user0_.user_user_id=? limit ?
Hibernate: select user0_.user_id as col_0_0_ from user user0_ where user0_.user_user_id=? limit ?
Hibernate: select U.* from USER U where U.USER_USER_ID =?
Hibernate: select character0_.character_id as characte1_6_0_, character0_.character_character_name as characte2_6_0_ from characters character0_ where character0_.character_id=?
Hibernate: select user0_.user_id as col_0_0_ from user user0_ where user0_.user_user_id=? limit ?
Hibernate: select user0_.user_id as col_0_0_ from user user0_ where user0_.user_user_id=? limit ?
Hibernate: select U.* from USER U where U.USER_USER_ID =?
Hibernate: select character0_.character_id as characte1_6_0_, character0_.character_character_name as characte2_6_0_ from characters character0_ where character0_.character_id=?
Hibernate: select user0_.user_id as col_0_0_ from user user0_ where user0_.user_user_id=? limit ?
Hibernate: select userjoinin0_.user_joining_pool_id as col_0_0_ from user_joining_pool userjoinin0_ where userjoinin0_.user_user_id=? limit ?
Hibernate: select character0_.character_id as col_0_0_ from characters character0_ where character0_.character_character_name=? limit ?
Hibernate: insert into user_joining_pool (user_joining_pool_id, user_created_at, user_name, user_phone_number, user_user_id, user_user_password) values (default, ?, ?, ?, ?, ?)
Hibernate: select user0_.user_id as user_id1_21_0_, user0_.character_id as characte7_21_0_, user0_.user_created_at as user_cre2_21_0_, user0_.user_name as user_nam3_21_0_, user0_.user_phone_number as user_pho4_21_0_, user0_.user_user_id as user_use5_21_0_, user0_.user_user_password as user_use6_21_0_ from user user0_ where user0_.user_id=?
Hibernate: select character0_.character_id as characte1_6_0_, character0_.character_character_name as characte2_6_0_ from characters character0_ where character0_.character_id=?
Hibernate: select count(*) as col_0_0_ from user user0_ where user0_.user_id=?
Hibernate: select character1_.character_id as characte1_6_, character1_.character_character_name as characte2_6_ from user user0_ inner join characters character1_ on user0_.character_id=character1_.character_id where user0_.user_id=?
Hibernate: select permission0_.character_id as characte6_12_0_, permission0_.permission_id as permissi1_12_0_, permission0_.permission_id as permissi1_12_1_, permission0_.character_id as characte6_12_1_, permission0_.permission_name as permissi2_12_1_, permission0_.permission_permission_unit_id as permissi3_12_1_, permission0_.permission_service as permissi4_12_1_, permission0_.permission_status as permissi5_12_1_ from permission permission0_ where permission0_.character_id=?
Hibernate: select count(*) as col_0_0_ from user_joining_pool userjoinin0_
Hibernate: select count(*) as col_0_0_ from user_joining_pool userjoinin0_
2023-06-27 23:51:09.806  INFO 92687 --- [    Test worker] DefaultJoiningPoolManager                : adjust endIdx "2" to "1" maxIdx is "1"
2023-06-27 23:51:09.806  INFO 92687 --- [    Test worker] JoiningPoolCommander                     : startIdx "1"
2023-06-27 23:51:09.806  INFO 92687 --- [    Test worker] JoiningPoolCommander                     : endIdx "1"
Hibernate: select userjoinin0_.user_joining_pool_id as user_joi1_22_, userjoinin0_.user_created_at as user_cre2_22_, userjoinin0_.user_name as user_nam3_22_, userjoinin0_.user_phone_number as user_pho4_22_, userjoinin0_.user_user_id as user_use5_22_, userjoinin0_.user_user_password as user_use6_22_ from user_joining_pool userjoinin0_ limit ?
Hibernate: select user0_.user_id as user_id1_21_0_, user0_.character_id as characte7_21_0_, user0_.user_created_at as user_cre2_21_0_, user0_.user_name as user_nam3_21_0_, user0_.user_phone_number as user_pho4_21_0_, user0_.user_user_id as user_use5_21_0_, user0_.user_user_password as user_use6_21_0_ from user user0_ where user0_.user_id=?
Hibernate: select character0_.character_id as characte1_6_0_, character0_.character_character_name as characte2_6_0_ from characters character0_ where character0_.character_id=?
Hibernate: select count(*) as col_0_0_ from user user0_ where user0_.user_id=?
Hibernate: select character1_.character_id as characte1_6_, character1_.character_character_name as characte2_6_ from user user0_ inner join characters character1_ on user0_.character_id=character1_.character_id where user0_.user_id=?
Hibernate: select permission0_.character_id as characte6_12_0_, permission0_.permission_id as permissi1_12_0_, permission0_.permission_id as permissi1_12_1_, permission0_.character_id as characte6_12_1_, permission0_.permission_name as permissi2_12_1_, permission0_.permission_permission_unit_id as permissi3_12_1_, permission0_.permission_service as permissi4_12_1_, permission0_.permission_status as permissi5_12_1_ from permission permission0_ where permission0_.character_id=?
Hibernate: select userjoinin0_.user_joining_pool_id as col_0_0_ from user_joining_pool userjoinin0_ where userjoinin0_.user_user_id=? limit ?
Hibernate: select user0_.user_id as col_0_0_ from user user0_ where user0_.user_user_id=? limit ?
Hibernate: select user0_.user_id as col_0_0_ from user user0_ where user0_.user_user_id=? limit ?
Hibernate: select U.* from USER U where U.USER_USER_ID =?
Hibernate: select character0_.character_id as characte1_6_0_, character0_.character_character_name as characte2_6_0_ from characters character0_ where character0_.character_id=?
Hibernate: select user0_.user_id as user_id1_21_0_, user0_.character_id as characte7_21_0_, user0_.user_created_at as user_cre2_21_0_, user0_.user_name as user_nam3_21_0_, user0_.user_phone_number as user_pho4_21_0_, user0_.user_user_id as user_use5_21_0_, user0_.user_user_password as user_use6_21_0_ from user user0_ where user0_.user_id=?
Hibernate: select character0_.character_id as characte1_6_0_, character0_.character_character_name as characte2_6_0_ from characters character0_ where character0_.character_id=?
Hibernate: select count(*) as col_0_0_ from user user0_ where user0_.user_id=?
Hibernate: select character1_.character_id as characte1_6_, character1_.character_character_name as characte2_6_ from user user0_ inner join characters character1_ on user0_.character_id=character1_.character_id where user0_.user_id=?
Hibernate: select permission0_.character_id as characte6_12_0_, permission0_.permission_id as permissi1_12_0_, permission0_.permission_id as permissi1_12_1_, permission0_.character_id as characte6_12_1_, permission0_.permission_name as permissi2_12_1_, permission0_.permission_permission_unit_id as permissi3_12_1_, permission0_.permission_service as permissi4_12_1_, permission0_.permission_status as permissi5_12_1_ from permission permission0_ where permission0_.character_id=?
Hibernate: select count(*) as col_0_0_ from user_joining_pool userjoinin0_
Hibernate: select count(*) as col_0_0_ from user_joining_pool userjoinin0_
2023-06-27 23:51:09.808  INFO 92687 --- [    Test worker] DefaultJoiningPoolManager                : adjust endIdx "20" to "1" maxIdx is "1"
2023-06-27 23:51:09.808  INFO 92687 --- [    Test worker] JoiningPoolCommander                     : startIdx "1"
2023-06-27 23:51:09.808  INFO 92687 --- [    Test worker] JoiningPoolCommander                     : endIdx "1"
Hibernate: select userjoinin0_.user_joining_pool_id as user_joi1_22_, userjoinin0_.user_created_at as user_cre2_22_, userjoinin0_.user_name as user_nam3_22_, userjoinin0_.user_phone_number as user_pho4_22_, userjoinin0_.user_user_id as user_use5_22_, userjoinin0_.user_user_password as user_use6_22_ from user_joining_pool userjoinin0_ limit ?
Hibernate: select user0_.user_id as user_id1_21_0_, user0_.character_id as characte7_21_0_, user0_.user_created_at as user_cre2_21_0_, user0_.user_name as user_nam3_21_0_, user0_.user_phone_number as user_pho4_21_0_, user0_.user_user_id as user_use5_21_0_, user0_.user_user_password as user_use6_21_0_ from user user0_ where user0_.user_id=?
Hibernate: select character0_.character_id as characte1_6_0_, character0_.character_character_name as characte2_6_0_ from characters character0_ where character0_.character_id=?
Hibernate: select count(*) as col_0_0_ from user user0_ where user0_.user_id=?
Hibernate: select character1_.character_id as characte1_6_, character1_.character_character_name as characte2_6_ from user user0_ inner join characters character1_ on user0_.character_id=character1_.character_id where user0_.user_id=?
Hibernate: select permission0_.character_id as characte6_12_0_, permission0_.permission_id as permissi1_12_0_, permission0_.permission_id as permissi1_12_1_, permission0_.character_id as characte6_12_1_, permission0_.permission_name as permissi2_12_1_, permission0_.permission_permission_unit_id as permissi3_12_1_, permission0_.permission_service as permissi4_12_1_, permission0_.permission_status as permissi5_12_1_ from permission permission0_ where permission0_.character_id=?
Hibernate: select userjoinin0_.user_joining_pool_id as col_0_0_ from user_joining_pool userjoinin0_ where userjoinin0_.user_user_id=? limit ?
Hibernate: DELETE FROM USER_JOINING_POOL as JU where JU.USER_USER_ID =?
Hibernate: select user0_.user_id as col_0_0_ from user user0_ where user0_.user_user_id=? limit ?
Hibernate: select user0_.user_id as col_0_0_ from user user0_ where user0_.user_user_id=? limit ?
Hibernate: select U.* from USER U where U.USER_USER_ID =?
Hibernate: select character0_.character_id as characte1_6_0_, character0_.character_character_name as characte2_6_0_ from characters character0_ where character0_.character_id=?
Hibernate: select user0_.user_id as col_0_0_ from user user0_ where user0_.user_user_id=? limit ?
Hibernate: select user0_.user_id as col_0_0_ from user user0_ where user0_.user_user_id=? limit ?
Hibernate: select U.* from USER U where U.USER_USER_ID =?
Hibernate: select character0_.character_id as characte1_6_0_, character0_.character_character_name as characte2_6_0_ from characters character0_ where character0_.character_id=?
Hibernate: select user0_.user_id as col_0_0_ from user user0_ where user0_.user_user_id=? limit ?
Hibernate: select user0_.user_id as user_id1_21_0_, user0_.character_id as characte7_21_0_, user0_.user_created_at as user_cre2_21_0_, user0_.user_name as user_nam3_21_0_, user0_.user_phone_number as user_pho4_21_0_, user0_.user_user_id as user_use5_21_0_, user0_.user_user_password as user_use6_21_0_ from user user0_ where user0_.user_id=?
Hibernate: select character0_.character_id as characte1_6_0_, character0_.character_character_name as characte2_6_0_ from characters character0_ where character0_.character_id=?
Hibernate: select count(*) as col_0_0_ from user user0_ where user0_.user_id=?
Hibernate: select character1_.character_id as characte1_6_, character1_.character_character_name as characte2_6_ from user user0_ inner join characters character1_ on user0_.character_id=character1_.character_id where user0_.user_id=?
Hibernate: select permission0_.character_id as characte6_12_0_, permission0_.permission_id as permissi1_12_0_, permission0_.permission_id as permissi1_12_1_, permission0_.character_id as characte6_12_1_, permission0_.permission_name as permissi2_12_1_, permission0_.permission_permission_unit_id as permissi3_12_1_, permission0_.permission_service as permissi4_12_1_, permission0_.permission_status as permissi5_12_1_ from permission permission0_ where permission0_.character_id=?
Hibernate: select count(*) as col_0_0_ from user user0_ where user0_.user_id=?
Hibernate: select user0_.user_id as col_0_0_ from user user0_ where user0_.user_user_id=? limit ?
Hibernate: select user0_.user_id as col_0_0_ from user user0_ where user0_.user_user_id=? limit ?
Hibernate: select user0_.user_id as col_0_0_ from user user0_ where user0_.user_user_id=? limit ?
Hibernate: select U.* from USER U where U.USER_USER_ID =?
Hibernate: select character0_.character_id as characte1_6_0_, character0_.character_character_name as characte2_6_0_ from characters character0_ where character0_.character_id=?
Hibernate: select user0_.user_id as user_id1_21_0_, user0_.character_id as characte7_21_0_, user0_.user_created_at as user_cre2_21_0_, user0_.user_name as user_nam3_21_0_, user0_.user_phone_number as user_pho4_21_0_, user0_.user_user_id as user_use5_21_0_, user0_.user_user_password as user_use6_21_0_ from user user0_ where user0_.user_id=?
Hibernate: select character0_.character_id as characte1_6_0_, character0_.character_character_name as characte2_6_0_ from characters character0_ where character0_.character_id=?
Hibernate: select count(*) as col_0_0_ from user user0_ where user0_.user_id=?
Hibernate: select character1_.character_id as characte1_6_, character1_.character_character_name as characte2_6_ from user user0_ inner join characters character1_ on user0_.character_id=character1_.character_id where user0_.user_id=?
Hibernate: select permission0_.character_id as characte6_12_0_, permission0_.permission_id as permissi1_12_0_, permission0_.permission_id as permissi1_12_1_, permission0_.character_id as characte6_12_1_, permission0_.permission_name as permissi2_12_1_, permission0_.permission_permission_unit_id as permissi3_12_1_, permission0_.permission_service as permissi4_12_1_, permission0_.permission_status as permissi5_12_1_ from permission permission0_ where permission0_.character_id=?
Hibernate: select count(*) as col_0_0_ from user_joining_pool userjoinin0_
Hibernate: select count(*) as col_0_0_ from user_joining_pool userjoinin0_
2023-06-27 23:51:09.813  INFO 92687 --- [    Test worker] DefaultJoiningPoolManager                : adjust endIdx "20" to "0" maxIdx is "0"
2023-06-27 23:51:09.813  INFO 92687 --- [    Test worker] JoiningPoolCommander                     : startIdx "1"
2023-06-27 23:51:09.813  INFO 92687 --- [    Test worker] JoiningPoolCommander                     : endIdx "0"
Hibernate: select user0_.user_id as col_0_0_ from user user0_ where user0_.user_user_id=? limit ?
Hibernate: select user0_.user_id as col_0_0_ from user user0_ where user0_.user_user_id=? limit ?
Hibernate: select U.* from USER U where U.USER_USER_ID =?
Hibernate: select character0_.character_id as characte1_6_0_, character0_.character_character_name as characte2_6_0_ from characters character0_ where character0_.character_id=?
Hibernate: select user0_.user_id as col_0_0_ from user user0_ where user0_.user_user_id=? limit ?
Hibernate: select user0_.user_id as col_0_0_ from user user0_ where user0_.user_user_id=? limit ?
Hibernate: select U.* from USER U where U.USER_USER_ID =?
Hibernate: select character0_.character_id as characte1_6_0_, character0_.character_character_name as characte2_6_0_ from characters character0_ where character0_.character_id=?
Hibernate: select user0_.user_id as col_0_0_ from user user0_ where user0_.user_user_id=? limit ?

MockHttpServletRequest:
      HTTP Method = GET
      Request URI = /user/unknown_id
       Parameters = {}
          Headers = [Accept:"application/json", api-version:"1.0"]
             Body = null
    Session Attrs = {}

Handler:
             Type = org.waldreg.controller.user.UserController
           Method = org.waldreg.controller.user.UserController#readSpecificUser(String, PermissionVerifyState)

Async:
    Async started = false
     Async result = null

Resolved Exception:
             Type = org.waldreg.user.exception.UnknownUserIdException

ModelAndView:
        View name = null
             View = null
            Model = null

FlashMap:
       Attributes = null

MockHttpServletResponse:
           Status = 400
    Error message = null
          Headers = [Vary:"Origin", "Access-Control-Request-Method", "Access-Control-Request-Headers", Api-version:"1.0", Content-Type:"application/json"]
     Content type = application/json
             Body = {"code":"USER-406","messages":"Unknown user_id \"unknown_id\"","document_url":"docs.waldreg.org"}
    Forwarded URL = null
   Redirected URL = null
          Cookies = []
Hibernate: select user0_.user_id as col_0_0_ from user user0_ where user0_.user_user_id=? limit ?
Hibernate: select user0_.user_id as col_0_0_ from user user0_ where user0_.user_user_id=? limit ?
Hibernate: select U.* from USER U where U.USER_USER_ID =?
Hibernate: select character0_.character_id as characte1_6_0_, character0_.character_character_name as characte2_6_0_ from characters character0_ where character0_.character_id=?
Hibernate: select user0_.user_id as user_id1_21_0_, user0_.character_id as characte7_21_0_, user0_.user_created_at as user_cre2_21_0_, user0_.user_name as user_nam3_21_0_, user0_.user_phone_number as user_pho4_21_0_, user0_.user_user_id as user_use5_21_0_, user0_.user_user_password as user_use6_21_0_ from user user0_ where user0_.user_id=?
Hibernate: select character0_.character_id as characte1_6_0_, character0_.character_character_name as characte2_6_0_ from characters character0_ where character0_.character_id=?
Hibernate: select count(*) as col_0_0_ from user user0_ where user0_.user_id=?
Hibernate: select character1_.character_id as characte1_6_, character1_.character_character_name as characte2_6_ from user user0_ inner join characters character1_ on user0_.character_id=character1_.character_id where user0_.user_id=?
Hibernate: select permission0_.character_id as characte6_12_0_, permission0_.permission_id as permissi1_12_0_, permission0_.permission_id as permissi1_12_1_, permission0_.character_id as characte6_12_1_, permission0_.permission_name as permissi2_12_1_, permission0_.permission_permission_unit_id as permissi3_12_1_, permission0_.permission_service as permissi4_12_1_, permission0_.permission_status as permissi5_12_1_ from permission permission0_ where permission0_.character_id=?
Hibernate: select count(*) as col_0_0_ from user_joining_pool userjoinin0_
Hibernate: select count(*) as col_0_0_ from user_joining_pool userjoinin0_
2023-06-27 23:51:09.815  INFO 92687 --- [    Test worker] DefaultJoiningPoolManager                : adjust endIdx "20" to "0" maxIdx is "0"
2023-06-27 23:51:09.815  INFO 92687 --- [    Test worker] JoiningPoolCommander                     : startIdx "1"
2023-06-27 23:51:09.815  INFO 92687 --- [    Test worker] JoiningPoolCommander                     : endIdx "0"
Hibernate: select user0_.user_id as col_0_0_ from user user0_ where user0_.user_user_id=? limit ?
Hibernate: select user0_.user_id as col_0_0_ from user user0_ where user0_.user_user_id=? limit ?
Hibernate: select U.* from USER U where U.USER_USER_ID =?
Hibernate: select character0_.character_id as characte1_6_0_, character0_.character_character_name as characte2_6_0_ from characters character0_ where character0_.character_id=?
Hibernate: select user0_.user_id as col_0_0_ from user user0_ where user0_.user_user_id=? limit ?
Hibernate: select user0_.user_id as col_0_0_ from user user0_ where user0_.user_user_id=? limit ?
Hibernate: select U.* from USER U where U.USER_USER_ID =?
Hibernate: select character0_.character_id as characte1_6_0_, character0_.character_character_name as characte2_6_0_ from characters character0_ where character0_.character_id=?
Hibernate: select user0_.user_id as col_0_0_ from user user0_ where user0_.user_user_id=? limit ?
Hibernate: select user0_.user_id as col_0_0_ from user user0_ where user0_.user_user_id=? limit ?
Hibernate: select U.* from USER U where U.USER_USER_ID =?
Hibernate: select character0_.character_id as characte1_6_0_, character0_.character_character_name as characte2_6_0_ from characters character0_ where character0_.character_id=?
Hibernate: select user0_.user_id as user_id1_21_0_, user0_.character_id as characte7_21_0_, user0_.user_created_at as user_cre2_21_0_, user0_.user_name as user_nam3_21_0_, user0_.user_phone_number as user_pho4_21_0_, user0_.user_user_id as user_use5_21_0_, user0_.user_user_password as user_use6_21_0_ from user user0_ where user0_.user_id=?
Hibernate: select character0_.character_id as characte1_6_0_, character0_.character_character_name as characte2_6_0_ from characters character0_ where character0_.character_id=?
Hibernate: select count(*) as col_0_0_ from user user0_ where user0_.user_id=?
Hibernate: select character1_.character_id as characte1_6_, character1_.character_character_name as characte2_6_ from user user0_ inner join characters character1_ on user0_.character_id=character1_.character_id where user0_.user_id=?
Hibernate: select permission0_.character_id as characte6_12_0_, permission0_.permission_id as permissi1_12_0_, permission0_.permission_id as permissi1_12_1_, permission0_.character_id as characte6_12_1_, permission0_.permission_name as permissi2_12_1_, permission0_.permission_permission_unit_id as permissi3_12_1_, permission0_.permission_service as permissi4_12_1_, permission0_.permission_status as permissi5_12_1_ from permission permission0_ where permission0_.character_id=?
Hibernate: select count(*) as col_0_0_ from user_joining_pool userjoinin0_
Hibernate: select count(*) as col_0_0_ from user_joining_pool userjoinin0_
2023-06-27 23:51:09.817  INFO 92687 --- [    Test worker] DefaultJoiningPoolManager                : adjust endIdx "20" to "0" maxIdx is "0"
2023-06-27 23:51:09.817  INFO 92687 --- [    Test worker] JoiningPoolCommander                     : startIdx "1"
2023-06-27 23:51:09.818  INFO 92687 --- [    Test worker] JoiningPoolCommander                     : endIdx "0"
Hibernate: select user0_.user_id as col_0_0_ from user user0_ where user0_.user_user_id=? limit ?
Hibernate: select user0_.user_id as col_0_0_ from user user0_ where user0_.user_user_id=? limit ?
Hibernate: select U.* from USER U where U.USER_USER_ID =?
Hibernate: select character0_.character_id as characte1_6_0_, character0_.character_character_name as characte2_6_0_ from characters character0_ where character0_.character_id=?
Hibernate: select user0_.user_id as col_0_0_ from user user0_ where user0_.user_user_id=? limit ?
Hibernate: select user0_.user_id as col_0_0_ from user user0_ where user0_.user_user_id=? limit ?
Hibernate: select U.* from USER U where U.USER_USER_ID =?
Hibernate: select character0_.character_id as characte1_6_0_, character0_.character_character_name as characte2_6_0_ from characters character0_ where character0_.character_id=?
Hibernate: select user0_.user_id as col_0_0_ from user user0_ where user0_.user_user_id=? limit ?
Hibernate: select userjoinin0_.user_joining_pool_id as col_0_0_ from user_joining_pool userjoinin0_ where userjoinin0_.user_user_id=? limit ?
Hibernate: select character0_.character_id as col_0_0_ from characters character0_ where character0_.character_character_name=? limit ?
Hibernate: insert into user_joining_pool (user_joining_pool_id, user_created_at, user_name, user_phone_number, user_user_id, user_user_password) values (default, ?, ?, ?, ?, ?)
Hibernate: select user0_.user_id as col_0_0_ from user user0_ where user0_.user_user_id=? limit ?
Hibernate: select user0_.user_id as col_0_0_ from user user0_ where user0_.user_user_id=? limit ?
Hibernate: select U.* from USER U where U.USER_USER_ID =?
Hibernate: select character0_.character_id as characte1_6_0_, character0_.character_character_name as characte2_6_0_ from characters character0_ where character0_.character_id=?
Hibernate: select user0_.user_id as user_id1_21_0_, user0_.character_id as characte7_21_0_, user0_.user_created_at as user_cre2_21_0_, user0_.user_name as user_nam3_21_0_, user0_.user_phone_number as user_pho4_21_0_, user0_.user_user_id as user_use5_21_0_, user0_.user_user_password as user_use6_21_0_ from user user0_ where user0_.user_id=?
Hibernate: select character0_.character_id as characte1_6_0_, character0_.character_character_name as characte2_6_0_ from characters character0_ where character0_.character_id=?
Hibernate: select count(*) as col_0_0_ from user user0_ where user0_.user_id=?
Hibernate: select character1_.character_id as characte1_6_, character1_.character_character_name as characte2_6_ from user user0_ inner join characters character1_ on user0_.character_id=character1_.character_id where user0_.user_id=?
Hibernate: select permission0_.character_id as characte6_12_0_, permission0_.permission_id as permissi1_12_0_, permission0_.permission_id as permissi1_12_1_, permission0_.character_id as characte6_12_1_, permission0_.permission_name as permissi2_12_1_, permission0_.permission_permission_unit_id as permissi3_12_1_, permission0_.permission_service as permissi4_12_1_, permission0_.permission_status as permissi5_12_1_ from permission permission0_ where permission0_.character_id=?
Hibernate: select count(*) as col_0_0_ from user_joining_pool userjoinin0_
Hibernate: select count(*) as col_0_0_ from user_joining_pool userjoinin0_
2023-06-27 23:51:09.820  INFO 92687 --- [    Test worker] DefaultJoiningPoolManager                : adjust endIdx "5" to "1" maxIdx is "1"
2023-06-27 23:51:09.820  INFO 92687 --- [    Test worker] JoiningPoolCommander                     : startIdx "1"
2023-06-27 23:51:09.820  INFO 92687 --- [    Test worker] JoiningPoolCommander                     : endIdx "1"
Hibernate: select userjoinin0_.user_joining_pool_id as user_joi1_22_, userjoinin0_.user_created_at as user_cre2_22_, userjoinin0_.user_name as user_nam3_22_, userjoinin0_.user_phone_number as user_pho4_22_, userjoinin0_.user_user_id as user_use5_22_, userjoinin0_.user_user_password as user_use6_22_ from user_joining_pool userjoinin0_ limit ?
Hibernate: select user0_.user_id as user_id1_21_0_, user0_.character_id as characte7_21_0_, user0_.user_created_at as user_cre2_21_0_, user0_.user_name as user_nam3_21_0_, user0_.user_phone_number as user_pho4_21_0_, user0_.user_user_id as user_use5_21_0_, user0_.user_user_password as user_use6_21_0_ from user user0_ where user0_.user_id=?
Hibernate: select character0_.character_id as characte1_6_0_, character0_.character_character_name as characte2_6_0_ from characters character0_ where character0_.character_id=?
Hibernate: select count(*) as col_0_0_ from user user0_ where user0_.user_id=?
Hibernate: select character1_.character_id as characte1_6_, character1_.character_character_name as characte2_6_ from user user0_ inner join characters character1_ on user0_.character_id=character1_.character_id where user0_.user_id=?
Hibernate: select permission0_.character_id as characte6_12_0_, permission0_.permission_id as permissi1_12_0_, permission0_.permission_id as permissi1_12_1_, permission0_.character_id as characte6_12_1_, permission0_.permission_name as permissi2_12_1_, permission0_.permission_permission_unit_id as permissi3_12_1_, permission0_.permission_service as permissi4_12_1_, permission0_.permission_status as permissi5_12_1_ from permission permission0_ where permission0_.character_id=?
Hibernate: select userjoinin0_.user_joining_pool_id as col_0_0_ from user_joining_pool userjoinin0_ where userjoinin0_.user_user_id=? limit ?
Hibernate: select userjoinin0_.user_joining_pool_id as user_joi1_22_, userjoinin0_.user_created_at as user_cre2_22_, userjoinin0_.user_name as user_nam3_22_, userjoinin0_.user_phone_number as user_pho4_22_, userjoinin0_.user_user_id as user_use5_22_, userjoinin0_.user_user_password as user_use6_22_ from user_joining_pool userjoinin0_ where userjoinin0_.user_user_id=?
Hibernate: select character0_.character_id as characte1_6_, character0_.character_character_name as characte2_6_ from characters character0_ where character0_.character_character_name=?
Hibernate: insert into user (user_id, character_id, user_created_at, user_name, user_phone_number, user_user_id, user_user_password) values (default, ?, ?, ?, ?, ?, ?)
Hibernate: DELETE FROM USER_JOINING_POOL as JU where JU.USER_USER_ID =?
Hibernate: select user0_.user_id as col_0_0_ from user user0_ where user0_.user_user_id=? limit ?
Hibernate: select user0_.user_id as col_0_0_ from user user0_ where user0_.user_user_id=? limit ?
Hibernate: select U.* from USER U where U.USER_USER_ID =?
Hibernate: select character0_.character_id as characte1_6_0_, character0_.character_character_name as characte2_6_0_ from characters character0_ where character0_.character_id=?
Hibernate: select user0_.user_id as user_id1_21_0_, user0_.character_id as characte7_21_0_, user0_.user_created_at as user_cre2_21_0_, user0_.user_name as user_nam3_21_0_, user0_.user_phone_number as user_pho4_21_0_, user0_.user_user_id as user_use5_21_0_, user0_.user_user_password as user_use6_21_0_ from user user0_ where user0_.user_id=?
Hibernate: select character0_.character_id as characte1_6_0_, character0_.character_character_name as characte2_6_0_ from characters character0_ where character0_.character_id=?
Hibernate: select count(*) as col_0_0_ from user user0_ where user0_.user_id=?

MockHttpServletRequest:
      HTTP Method = PUT
      Request URI = /user
       Parameters = {}
          Headers = [Content-Type:"application/json;charset=UTF-8", Accept:"application/json", api-version:"1.0", Authorization:"Bearer eyJhbGciOiJIUzI1NiJ9.eyJzdWIiOiIyODYiLCJpYXQiOjE2ODc4Nzc0NjksImV4cCI6MTY4Nzg4MTA2OX0.-gL4J60fG2dJpbK6N30WbSwGL3TrJGV-Gs-6iWBN5n8", password:"2gdddddd!", Content-Length:"129"]
             Body = {"name":"alcukalcukalcukalcukalcukalcukalcukalcukalcukalcukalcukalcuk","user_password":"alcud2234!","phone_number":"01012341234"}
    Session Attrs = {}

Handler:
             Type = org.waldreg.controller.user.UserController
           Method = org.waldreg.controller.user.UserController#updateUser(UpdateUserRequest)

Async:
    Async started = false
     Async result = null

Resolved Exception:
             Type = org.waldreg.user.exception.ContentOverflowException

ModelAndView:
        View name = null
             View = null
            Model = null

FlashMap:
       Attributes = null

MockHttpServletResponse:
           Status = 400
    Error message = null
          Headers = [Vary:"Origin", "Access-Control-Request-Method", "Access-Control-Request-Headers", Api-version:"1.0", Content-Type:"application/json"]
     Content type = application/json
             Body = {"code":"USER-412","messages":"User name length cannot be over 50 current length \"60\"","document_url":"docs.waldreg.org"}
    Forwarded URL = null
   Redirected URL = null
          Cookies = []
Hibernate: select user0_.user_id as col_0_0_ from user user0_ where user0_.user_user_id=? limit ?
Hibernate: select user0_.user_id as col_0_0_ from user user0_ where user0_.user_user_id=? limit ?
Hibernate: select U.* from USER U where U.USER_USER_ID =?
Hibernate: select character0_.character_id as characte1_6_0_, character0_.character_character_name as characte2_6_0_ from characters character0_ where character0_.character_id=?
Hibernate: select user0_.user_id as user_id1_21_0_, user0_.character_id as characte7_21_0_, user0_.user_created_at as user_cre2_21_0_, user0_.user_name as user_nam3_21_0_, user0_.user_phone_number as user_pho4_21_0_, user0_.user_user_id as user_use5_21_0_, user0_.user_user_password as user_use6_21_0_ from user user0_ where user0_.user_id=?
Hibernate: select character0_.character_id as characte1_6_0_, character0_.character_character_name as characte2_6_0_ from characters character0_ where character0_.character_id=?
Hibernate: select count(*) as col_0_0_ from user user0_ where user0_.user_id=?
Hibernate: select character1_.character_id as characte1_6_, character1_.character_character_name as characte2_6_ from user user0_ inner join characters character1_ on user0_.character_id=character1_.character_id where user0_.user_id=?
Hibernate: select permission0_.character_id as characte6_12_0_, permission0_.permission_id as permissi1_12_0_, permission0_.permission_id as permissi1_12_1_, permission0_.character_id as characte6_12_1_, permission0_.permission_name as permissi2_12_1_, permission0_.permission_permission_unit_id as permissi3_12_1_, permission0_.permission_service as permissi4_12_1_, permission0_.permission_status as permissi5_12_1_ from permission permission0_ where permission0_.character_id=?
Hibernate: select count(*) as col_0_0_ from user_joining_pool userjoinin0_
Hibernate: select count(*) as col_0_0_ from user_joining_pool userjoinin0_
2023-06-27 23:51:09.825  INFO 92687 --- [    Test worker] DefaultJoiningPoolManager                : adjust endIdx "20" to "0" maxIdx is "0"
2023-06-27 23:51:09.825  INFO 92687 --- [    Test worker] JoiningPoolCommander                     : startIdx "1"
2023-06-27 23:51:09.825  INFO 92687 --- [    Test worker] JoiningPoolCommander                     : endIdx "0"
Hibernate: select user0_.user_id as col_0_0_ from user user0_ where user0_.user_user_id=? limit ?
Hibernate: select user0_.user_id as col_0_0_ from user user0_ where user0_.user_user_id=? limit ?
Hibernate: select U.* from USER U where U.USER_USER_ID =?
Hibernate: select character0_.character_id as characte1_6_0_, character0_.character_character_name as characte2_6_0_ from characters character0_ where character0_.character_id=?
Hibernate: select user0_.user_id as col_0_0_ from user user0_ where user0_.user_user_id=? limit ?
Hibernate: select user0_.user_id as col_0_0_ from user user0_ where user0_.user_user_id=? limit ?
Hibernate: select U.* from USER U where U.USER_USER_ID =?
Hibernate: select character0_.character_id as characte1_6_0_, character0_.character_character_name as characte2_6_0_ from characters character0_ where character0_.character_id=?
Hibernate: select user0_.user_id as col_0_0_ from user user0_ where user0_.user_user_id=? limit ?
Hibernate: select user0_.user_id as user_id1_21_, user0_.character_id as characte7_21_, user0_.user_created_at as user_cre2_21_, user0_.user_name as user_nam3_21_, user0_.user_phone_number as user_pho4_21_, user0_.user_user_id as user_use5_21_, user0_.user_user_password as user_use6_21_ from user user0_ inner join characters character1_ on user0_.character_id=character1_.character_id where user0_.user_user_id=?
Hibernate: select character0_.character_id as characte1_6_0_, character0_.character_character_name as characte2_6_0_ from characters character0_ where character0_.character_id=?
Hibernate: select rewardtagw0_.user_id as user_id4_16_0_, rewardtagw0_.reward_tag_wrapper_reward_id as reward_t1_16_0_, rewardtagw0_.reward_tag_wrapper_reward_id as reward_t1_16_1_, rewardtagw0_.reward_tag_wrapper_reward_presented_at as reward_t2_16_1_, rewardtagw0_.reward_tag_reward_tag_id as reward_t3_16_1_, rewardtagw0_.user_id as user_id4_16_1_ from reward_tag_wrapper rewardtagw0_ where rewardtagw0_.user_id=?
Hibernate: select user0_.user_id as user_id1_21_0_, user0_.character_id as characte7_21_0_, user0_.user_created_at as user_cre2_21_0_, user0_.user_name as user_nam3_21_0_, user0_.user_phone_number as user_pho4_21_0_, user0_.user_user_id as user_use5_21_0_, user0_.user_user_password as user_use6_21_0_ from user user0_ where user0_.user_id=?
Hibernate: select character0_.character_id as characte1_6_0_, character0_.character_character_name as characte2_6_0_ from characters character0_ where character0_.character_id=?
Hibernate: select count(*) as col_0_0_ from user user0_ where user0_.user_id=?
Hibernate: select character1_.character_id as characte1_6_, character1_.character_character_name as characte2_6_ from user user0_ inner join characters character1_ on user0_.character_id=character1_.character_id where user0_.user_id=?
Hibernate: select permission0_.character_id as characte6_12_0_, permission0_.permission_id as permissi1_12_0_, permission0_.permission_id as permissi1_12_1_, permission0_.character_id as characte6_12_1_, permission0_.permission_name as permissi2_12_1_, permission0_.permission_permission_unit_id as permissi3_12_1_, permission0_.permission_service as permissi4_12_1_, permission0_.permission_status as permissi5_12_1_ from permission permission0_ where permission0_.character_id=?
Hibernate: select count(*) as col_0_0_ from user user0_ where user0_.user_id=?
Hibernate: select user0_.user_id as user_id1_21_, user0_.character_id as characte7_21_, user0_.user_created_at as user_cre2_21_, user0_.user_name as user_nam3_21_, user0_.user_phone_number as user_pho4_21_, user0_.user_user_id as user_use5_21_, user0_.user_user_password as user_use6_21_ from user user0_ where user0_.user_id=?
Hibernate: select character0_.character_id as characte1_6_0_, character0_.character_character_name as characte2_6_0_ from characters character0_ where character0_.character_id=?
Hibernate: select rewardtagw0_.user_id as user_id4_16_0_, rewardtagw0_.reward_tag_wrapper_reward_id as reward_t1_16_0_, rewardtagw0_.reward_tag_wrapper_reward_id as reward_t1_16_1_, rewardtagw0_.reward_tag_wrapper_reward_presented_at as reward_t2_16_1_, rewardtagw0_.reward_tag_reward_tag_id as reward_t3_16_1_, rewardtagw0_.user_id as user_id4_16_1_ from reward_tag_wrapper rewardtagw0_ where rewardtagw0_.user_id=?
Hibernate: select attendance0_.attendance_user_attendance_user_id as col_0_0_ from attendance_user attendance0_ where attendance0_.user_id=? limit ?
Hibernate: DELETE FROM USER WHERE USER_ID = ?
Hibernate: select user0_.user_id as col_0_0_ from user user0_ where user0_.user_user_id=? limit ?
Hibernate: select user0_.user_id as col_0_0_ from user user0_ where user0_.user_user_id=? limit ?
Hibernate: select user0_.user_id as col_0_0_ from user user0_ where user0_.user_user_id=? limit ?
Hibernate: select U.* from USER U where U.USER_USER_ID =?
Hibernate: select character0_.character_id as characte1_6_0_, character0_.character_character_name as characte2_6_0_ from characters character0_ where character0_.character_id=?
Hibernate: select user0_.user_id as user_id1_21_0_, user0_.character_id as characte7_21_0_, user0_.user_created_at as user_cre2_21_0_, user0_.user_name as user_nam3_21_0_, user0_.user_phone_number as user_pho4_21_0_, user0_.user_user_id as user_use5_21_0_, user0_.user_user_password as user_use6_21_0_ from user user0_ where user0_.user_id=?
Hibernate: select character0_.character_id as characte1_6_0_, character0_.character_character_name as characte2_6_0_ from characters character0_ where character0_.character_id=?
Hibernate: select count(*) as col_0_0_ from user user0_ where user0_.user_id=?
Hibernate: select character1_.character_id as characte1_6_, character1_.character_character_name as characte2_6_ from user user0_ inner join characters character1_ on user0_.character_id=character1_.character_id where user0_.user_id=?
Hibernate: select permission0_.character_id as characte6_12_0_, permission0_.permission_id as permissi1_12_0_, permission0_.permission_id as permissi1_12_1_, permission0_.character_id as characte6_12_1_, permission0_.permission_name as permissi2_12_1_, permission0_.permission_permission_unit_id as permissi3_12_1_, permission0_.permission_service as permissi4_12_1_, permission0_.permission_status as permissi5_12_1_ from permission permission0_ where permission0_.character_id=?
Hibernate: select count(*) as col_0_0_ from user_joining_pool userjoinin0_
Hibernate: select count(*) as col_0_0_ from user_joining_pool userjoinin0_
2023-06-27 23:51:09.829  INFO 92687 --- [    Test worker] DefaultJoiningPoolManager                : adjust endIdx "20" to "0" maxIdx is "0"
2023-06-27 23:51:09.829  INFO 92687 --- [    Test worker] JoiningPoolCommander                     : startIdx "1"
2023-06-27 23:51:09.829  INFO 92687 --- [    Test worker] JoiningPoolCommander                     : endIdx "0"
Hibernate: select user0_.user_id as col_0_0_ from user user0_ where user0_.user_user_id=? limit ?
Hibernate: select user0_.user_id as col_0_0_ from user user0_ where user0_.user_user_id=? limit ?
Hibernate: select U.* from USER U where U.USER_USER_ID =?
Hibernate: select character0_.character_id as characte1_6_0_, character0_.character_character_name as characte2_6_0_ from characters character0_ where character0_.character_id=?
Hibernate: select user0_.user_id as col_0_0_ from user user0_ where user0_.user_user_id=? limit ?
Hibernate: select user0_.user_id as col_0_0_ from user user0_ where user0_.user_user_id=? limit ?
Hibernate: select U.* from USER U where U.USER_USER_ID =?
Hibernate: select character0_.character_id as characte1_6_0_, character0_.character_character_name as characte2_6_0_ from characters character0_ where character0_.character_id=?
Hibernate: select user0_.user_id as col_0_0_ from user user0_ where user0_.user_user_id=? limit ?
Hibernate: select userjoinin0_.user_joining_pool_id as col_0_0_ from user_joining_pool userjoinin0_ where userjoinin0_.user_user_id=? limit ?
Hibernate: select character0_.character_id as col_0_0_ from characters character0_ where character0_.character_character_name=? limit ?
Hibernate: insert into user_joining_pool (user_joining_pool_id, user_created_at, user_name, user_phone_number, user_user_id, user_user_password) values (default, ?, ?, ?, ?, ?)

MockHttpServletRequest:
      HTTP Method = POST
      Request URI = /user
       Parameters = {}
          Headers = [Content-Type:"application/json;charset=UTF-8", Accept:"application/json", api-version:"1.0", Content-Length:"94"]
             Body = {"name":"alcuk","user_id":"alcuk_id","user_password":"2gdddddd!","phone_number":"01012341234"}
    Session Attrs = {}

Handler:
             Type = org.waldreg.controller.joiningpool.JoiningPoolController
           Method = org.waldreg.controller.joiningpool.JoiningPoolController#createUser(UserRequest)

Async:
    Async started = false
     Async result = null

Resolved Exception:
             Type = null

ModelAndView:
        View name = null
             View = null
            Model = null

FlashMap:
       Attributes = null

MockHttpServletResponse:
           Status = 200
    Error message = null
          Headers = [Vary:"Origin", "Access-Control-Request-Method", "Access-Control-Request-Headers", Api-version:"1.0"]
     Content type = null
             Body = 
    Forwarded URL = null
   Redirected URL = null
          Cookies = []
Hibernate: select user0_.user_id as col_0_0_ from user user0_ where user0_.user_user_id=? limit ?
Hibernate: select user0_.user_id as col_0_0_ from user user0_ where user0_.user_user_id=? limit ?
Hibernate: select U.* from USER U where U.USER_USER_ID =?
Hibernate: select character0_.character_id as characte1_6_0_, character0_.character_character_name as characte2_6_0_ from characters character0_ where character0_.character_id=?
Hibernate: select user0_.user_id as user_id1_21_0_, user0_.character_id as characte7_21_0_, user0_.user_created_at as user_cre2_21_0_, user0_.user_name as user_nam3_21_0_, user0_.user_phone_number as user_pho4_21_0_, user0_.user_user_id as user_use5_21_0_, user0_.user_user_password as user_use6_21_0_ from user user0_ where user0_.user_id=?
Hibernate: select character0_.character_id as characte1_6_0_, character0_.character_character_name as characte2_6_0_ from characters character0_ where character0_.character_id=?
Hibernate: select count(*) as col_0_0_ from user user0_ where user0_.user_id=?
Hibernate: select character1_.character_id as characte1_6_, character1_.character_character_name as characte2_6_ from user user0_ inner join characters character1_ on user0_.character_id=character1_.character_id where user0_.user_id=?
Hibernate: select permission0_.character_id as characte6_12_0_, permission0_.permission_id as permissi1_12_0_, permission0_.permission_id as permissi1_12_1_, permission0_.character_id as characte6_12_1_, permission0_.permission_name as permissi2_12_1_, permission0_.permission_permission_unit_id as permissi3_12_1_, permission0_.permission_service as permissi4_12_1_, permission0_.permission_status as permissi5_12_1_ from permission permission0_ where permission0_.character_id=?
Hibernate: select count(*) as col_0_0_ from user_joining_pool userjoinin0_
Hibernate: select count(*) as col_0_0_ from user_joining_pool userjoinin0_
2023-06-27 23:51:09.831  INFO 92687 --- [    Test worker] DefaultJoiningPoolManager                : adjust endIdx "20" to "1" maxIdx is "1"
2023-06-27 23:51:09.831  INFO 92687 --- [    Test worker] JoiningPoolCommander                     : startIdx "1"
2023-06-27 23:51:09.831  INFO 92687 --- [    Test worker] JoiningPoolCommander                     : endIdx "1"
Hibernate: select userjoinin0_.user_joining_pool_id as user_joi1_22_, userjoinin0_.user_created_at as user_cre2_22_, userjoinin0_.user_name as user_nam3_22_, userjoinin0_.user_phone_number as user_pho4_22_, userjoinin0_.user_user_id as user_use5_22_, userjoinin0_.user_user_password as user_use6_22_ from user_joining_pool userjoinin0_ limit ?
Hibernate: select user0_.user_id as user_id1_21_0_, user0_.character_id as characte7_21_0_, user0_.user_created_at as user_cre2_21_0_, user0_.user_name as user_nam3_21_0_, user0_.user_phone_number as user_pho4_21_0_, user0_.user_user_id as user_use5_21_0_, user0_.user_user_password as user_use6_21_0_ from user user0_ where user0_.user_id=?
Hibernate: select character0_.character_id as characte1_6_0_, character0_.character_character_name as characte2_6_0_ from characters character0_ where character0_.character_id=?
Hibernate: select count(*) as col_0_0_ from user user0_ where user0_.user_id=?
Hibernate: select character1_.character_id as characte1_6_, character1_.character_character_name as characte2_6_ from user user0_ inner join characters character1_ on user0_.character_id=character1_.character_id where user0_.user_id=?
Hibernate: select permission0_.character_id as characte6_12_0_, permission0_.permission_id as permissi1_12_0_, permission0_.permission_id as permissi1_12_1_, permission0_.character_id as characte6_12_1_, permission0_.permission_name as permissi2_12_1_, permission0_.permission_permission_unit_id as permissi3_12_1_, permission0_.permission_service as permissi4_12_1_, permission0_.permission_status as permissi5_12_1_ from permission permission0_ where permission0_.character_id=?
Hibernate: select userjoinin0_.user_joining_pool_id as col_0_0_ from user_joining_pool userjoinin0_ where userjoinin0_.user_user_id=? limit ?
Hibernate: DELETE FROM USER_JOINING_POOL as JU where JU.USER_USER_ID =?
Hibernate: select user0_.user_id as col_0_0_ from user user0_ where user0_.user_user_id=? limit ?
Hibernate: select user0_.user_id as col_0_0_ from user user0_ where user0_.user_user_id=? limit ?
Hibernate: select U.* from USER U where U.USER_USER_ID =?
Hibernate: select character0_.character_id as characte1_6_0_, character0_.character_character_name as characte2_6_0_ from characters character0_ where character0_.character_id=?
Hibernate: select user0_.user_id as col_0_0_ from user user0_ where user0_.user_user_id=? limit ?
Hibernate: select user0_.user_id as col_0_0_ from user user0_ where user0_.user_user_id=? limit ?
Hibernate: select U.* from USER U where U.USER_USER_ID =?
Hibernate: select character0_.character_id as characte1_6_0_, character0_.character_character_name as characte2_6_0_ from characters character0_ where character0_.character_id=?
Hibernate: select user0_.user_id as col_0_0_ from user user0_ where user0_.user_user_id=? limit ?
Hibernate: select user0_.user_id as user_id1_21_0_, user0_.character_id as characte7_21_0_, user0_.user_created_at as user_cre2_21_0_, user0_.user_name as user_nam3_21_0_, user0_.user_phone_number as user_pho4_21_0_, user0_.user_user_id as user_use5_21_0_, user0_.user_user_password as user_use6_21_0_ from user user0_ where user0_.user_id=?
Hibernate: select character0_.character_id as characte1_6_0_, character0_.character_character_name as characte2_6_0_ from characters character0_ where character0_.character_id=?
Hibernate: select count(*) as col_0_0_ from user user0_ where user0_.user_id=?
Hibernate: select character1_.character_id as characte1_6_, character1_.character_character_name as characte2_6_ from user user0_ inner join characters character1_ on user0_.character_id=character1_.character_id where user0_.user_id=?
Hibernate: select permission0_.character_id as characte6_12_0_, permission0_.permission_id as permissi1_12_0_, permission0_.permission_id as permissi1_12_1_, permission0_.character_id as characte6_12_1_, permission0_.permission_name as permissi2_12_1_, permission0_.permission_permission_unit_id as permissi3_12_1_, permission0_.permission_service as permissi4_12_1_, permission0_.permission_status as permissi5_12_1_ from permission permission0_ where permission0_.character_id=?
Hibernate: select count(*) as col_0_0_ from user user0_ where user0_.user_id=?
Hibernate: select user0_.user_id as col_0_0_ from user user0_ where user0_.user_user_id=? limit ?
Hibernate: select user0_.user_id as col_0_0_ from user user0_ where user0_.user_user_id=? limit ?
Hibernate: select user0_.user_id as col_0_0_ from user user0_ where user0_.user_user_id=? limit ?
Hibernate: select U.* from USER U where U.USER_USER_ID =?
Hibernate: select character0_.character_id as characte1_6_0_, character0_.character_character_name as characte2_6_0_ from characters character0_ where character0_.character_id=?
Hibernate: select user0_.user_id as user_id1_21_0_, user0_.character_id as characte7_21_0_, user0_.user_created_at as user_cre2_21_0_, user0_.user_name as user_nam3_21_0_, user0_.user_phone_number as user_pho4_21_0_, user0_.user_user_id as user_use5_21_0_, user0_.user_user_password as user_use6_21_0_ from user user0_ where user0_.user_id=?
Hibernate: select character0_.character_id as characte1_6_0_, character0_.character_character_name as characte2_6_0_ from characters character0_ where character0_.character_id=?
Hibernate: select count(*) as col_0_0_ from user user0_ where user0_.user_id=?
Hibernate: select character1_.character_id as characte1_6_, character1_.character_character_name as characte2_6_ from user user0_ inner join characters character1_ on user0_.character_id=character1_.character_id where user0_.user_id=?
Hibernate: select permission0_.character_id as characte6_12_0_, permission0_.permission_id as permissi1_12_0_, permission0_.permission_id as permissi1_12_1_, permission0_.character_id as characte6_12_1_, permission0_.permission_name as permissi2_12_1_, permission0_.permission_permission_unit_id as permissi3_12_1_, permission0_.permission_service as permissi4_12_1_, permission0_.permission_status as permissi5_12_1_ from permission permission0_ where permission0_.character_id=?
Hibernate: select count(*) as col_0_0_ from user_joining_pool userjoinin0_
Hibernate: select count(*) as col_0_0_ from user_joining_pool userjoinin0_
2023-06-27 23:51:09.836  INFO 92687 --- [    Test worker] DefaultJoiningPoolManager                : adjust endIdx "20" to "0" maxIdx is "0"
2023-06-27 23:51:09.836  INFO 92687 --- [    Test worker] JoiningPoolCommander                     : startIdx "1"
2023-06-27 23:51:09.836  INFO 92687 --- [    Test worker] JoiningPoolCommander                     : endIdx "0"
Hibernate: select user0_.user_id as col_0_0_ from user user0_ where user0_.user_user_id=? limit ?
Hibernate: select user0_.user_id as col_0_0_ from user user0_ where user0_.user_user_id=? limit ?
Hibernate: select U.* from USER U where U.USER_USER_ID =?
Hibernate: select character0_.character_id as characte1_6_0_, character0_.character_character_name as characte2_6_0_ from characters character0_ where character0_.character_id=?
Hibernate: select user0_.user_id as col_0_0_ from user user0_ where user0_.user_user_id=? limit ?
Hibernate: select user0_.user_id as col_0_0_ from user user0_ where user0_.user_user_id=? limit ?
Hibernate: select U.* from USER U where U.USER_USER_ID =?
Hibernate: select character0_.character_id as characte1_6_0_, character0_.character_character_name as characte2_6_0_ from characters character0_ where character0_.character_id=?
Hibernate: select user0_.user_id as col_0_0_ from user user0_ where user0_.user_user_id=? limit ?
Hibernate: select userjoinin0_.user_joining_pool_id as col_0_0_ from user_joining_pool userjoinin0_ where userjoinin0_.user_user_id=? limit ?
Hibernate: select character0_.character_id as col_0_0_ from characters character0_ where character0_.character_character_name=? limit ?
Hibernate: insert into user_joining_pool (user_joining_pool_id, user_created_at, user_name, user_phone_number, user_user_id, user_user_password) values (default, ?, ?, ?, ?, ?)
Hibernate: select user0_.user_id as col_0_0_ from user user0_ where user0_.user_user_id=? limit ?
Hibernate: select user0_.user_id as col_0_0_ from user user0_ where user0_.user_user_id=? limit ?
Hibernate: select U.* from USER U where U.USER_USER_ID =?
Hibernate: select character0_.character_id as characte1_6_0_, character0_.character_character_name as characte2_6_0_ from characters character0_ where character0_.character_id=?
Hibernate: select user0_.user_id as user_id1_21_0_, user0_.character_id as characte7_21_0_, user0_.user_created_at as user_cre2_21_0_, user0_.user_name as user_nam3_21_0_, user0_.user_phone_number as user_pho4_21_0_, user0_.user_user_id as user_use5_21_0_, user0_.user_user_password as user_use6_21_0_ from user user0_ where user0_.user_id=?
Hibernate: select character0_.character_id as characte1_6_0_, character0_.character_character_name as characte2_6_0_ from characters character0_ where character0_.character_id=?
Hibernate: select count(*) as col_0_0_ from user user0_ where user0_.user_id=?
Hibernate: select character1_.character_id as characte1_6_, character1_.character_character_name as characte2_6_ from user user0_ inner join characters character1_ on user0_.character_id=character1_.character_id where user0_.user_id=?
Hibernate: select permission0_.character_id as characte6_12_0_, permission0_.permission_id as permissi1_12_0_, permission0_.permission_id as permissi1_12_1_, permission0_.character_id as characte6_12_1_, permission0_.permission_name as permissi2_12_1_, permission0_.permission_permission_unit_id as permissi3_12_1_, permission0_.permission_service as permissi4_12_1_, permission0_.permission_status as permissi5_12_1_ from permission permission0_ where permission0_.character_id=?
Hibernate: select count(*) as col_0_0_ from user_joining_pool userjoinin0_
Hibernate: select count(*) as col_0_0_ from user_joining_pool userjoinin0_
2023-06-27 23:51:09.838  INFO 92687 --- [    Test worker] DefaultJoiningPoolManager                : adjust endIdx "5" to "1" maxIdx is "1"
2023-06-27 23:51:09.838  INFO 92687 --- [    Test worker] JoiningPoolCommander                     : startIdx "1"
2023-06-27 23:51:09.838  INFO 92687 --- [    Test worker] JoiningPoolCommander                     : endIdx "1"
Hibernate: select userjoinin0_.user_joining_pool_id as user_joi1_22_, userjoinin0_.user_created_at as user_cre2_22_, userjoinin0_.user_name as user_nam3_22_, userjoinin0_.user_phone_number as user_pho4_22_, userjoinin0_.user_user_id as user_use5_22_, userjoinin0_.user_user_password as user_use6_22_ from user_joining_pool userjoinin0_ limit ?
Hibernate: select user0_.user_id as user_id1_21_0_, user0_.character_id as characte7_21_0_, user0_.user_created_at as user_cre2_21_0_, user0_.user_name as user_nam3_21_0_, user0_.user_phone_number as user_pho4_21_0_, user0_.user_user_id as user_use5_21_0_, user0_.user_user_password as user_use6_21_0_ from user user0_ where user0_.user_id=?
Hibernate: select character0_.character_id as characte1_6_0_, character0_.character_character_name as characte2_6_0_ from characters character0_ where character0_.character_id=?
Hibernate: select count(*) as col_0_0_ from user user0_ where user0_.user_id=?
Hibernate: select character1_.character_id as characte1_6_, character1_.character_character_name as characte2_6_ from user user0_ inner join characters character1_ on user0_.character_id=character1_.character_id where user0_.user_id=?
Hibernate: select permission0_.character_id as characte6_12_0_, permission0_.permission_id as permissi1_12_0_, permission0_.permission_id as permissi1_12_1_, permission0_.character_id as characte6_12_1_, permission0_.permission_name as permissi2_12_1_, permission0_.permission_permission_unit_id as permissi3_12_1_, permission0_.permission_service as permissi4_12_1_, permission0_.permission_status as permissi5_12_1_ from permission permission0_ where permission0_.character_id=?
Hibernate: select userjoinin0_.user_joining_pool_id as col_0_0_ from user_joining_pool userjoinin0_ where userjoinin0_.user_user_id=? limit ?
Hibernate: select userjoinin0_.user_joining_pool_id as user_joi1_22_, userjoinin0_.user_created_at as user_cre2_22_, userjoinin0_.user_name as user_nam3_22_, userjoinin0_.user_phone_number as user_pho4_22_, userjoinin0_.user_user_id as user_use5_22_, userjoinin0_.user_user_password as user_use6_22_ from user_joining_pool userjoinin0_ where userjoinin0_.user_user_id=?
Hibernate: select character0_.character_id as characte1_6_, character0_.character_character_name as characte2_6_ from characters character0_ where character0_.character_character_name=?
Hibernate: insert into user (user_id, character_id, user_created_at, user_name, user_phone_number, user_user_id, user_user_password) values (default, ?, ?, ?, ?, ?, ?)
Hibernate: DELETE FROM USER_JOINING_POOL as JU where JU.USER_USER_ID =?
Hibernate: select user0_.user_id as col_0_0_ from user user0_ where user0_.user_user_id=? limit ?
Hibernate: select user0_.user_id as col_0_0_ from user user0_ where user0_.user_user_id=? limit ?
Hibernate: select U.* from USER U where U.USER_USER_ID =?
Hibernate: select character0_.character_id as characte1_6_0_, character0_.character_character_name as characte2_6_0_ from characters character0_ where character0_.character_id=?
Hibernate: select user0_.user_id as col_0_0_ from user user0_ where user0_.user_user_id=? limit ?
Hibernate: select user0_.user_id as col_0_0_ from user user0_ where user0_.user_user_id=? limit ?
Hibernate: select U.* from USER U where U.USER_USER_ID =?
Hibernate: select character0_.character_id as characte1_6_0_, character0_.character_character_name as characte2_6_0_ from characters character0_ where character0_.character_id=?
Hibernate: select user0_.user_id as col_0_0_ from user user0_ where user0_.user_user_id=? limit ?
Hibernate: select userjoinin0_.user_joining_pool_id as col_0_0_ from user_joining_pool userjoinin0_ where userjoinin0_.user_user_id=? limit ?
Hibernate: select character0_.character_id as col_0_0_ from characters character0_ where character0_.character_character_name=? limit ?
Hibernate: insert into user_joining_pool (user_joining_pool_id, user_created_at, user_name, user_phone_number, user_user_id, user_user_password) values (default, ?, ?, ?, ?, ?)
Hibernate: select user0_.user_id as user_id1_21_0_, user0_.character_id as characte7_21_0_, user0_.user_created_at as user_cre2_21_0_, user0_.user_name as user_nam3_21_0_, user0_.user_phone_number as user_pho4_21_0_, user0_.user_user_id as user_use5_21_0_, user0_.user_user_password as user_use6_21_0_ from user user0_ where user0_.user_id=?
Hibernate: select character0_.character_id as characte1_6_0_, character0_.character_character_name as characte2_6_0_ from characters character0_ where character0_.character_id=?
Hibernate: select count(*) as col_0_0_ from user user0_ where user0_.user_id=?
Hibernate: select character1_.character_id as characte1_6_, character1_.character_character_name as characte2_6_ from user user0_ inner join characters character1_ on user0_.character_id=character1_.character_id where user0_.user_id=?
Hibernate: select permission0_.character_id as characte6_12_0_, permission0_.permission_id as permissi1_12_0_, permission0_.permission_id as permissi1_12_1_, permission0_.character_id as characte6_12_1_, permission0_.permission_name as permissi2_12_1_, permission0_.permission_permission_unit_id as permissi3_12_1_, permission0_.permission_service as permissi4_12_1_, permission0_.permission_status as permissi5_12_1_ from permission permission0_ where permission0_.character_id=?
Hibernate: select count(*) as col_0_0_ from user_joining_pool userjoinin0_
Hibernate: select count(*) as col_0_0_ from user_joining_pool userjoinin0_
2023-06-27 23:51:09.841  INFO 92687 --- [    Test worker] DefaultJoiningPoolManager                : adjust endIdx "5" to "1" maxIdx is "1"
2023-06-27 23:51:09.841  INFO 92687 --- [    Test worker] JoiningPoolCommander                     : startIdx "1"
2023-06-27 23:51:09.841  INFO 92687 --- [    Test worker] JoiningPoolCommander                     : endIdx "1"
Hibernate: select userjoinin0_.user_joining_pool_id as user_joi1_22_, userjoinin0_.user_created_at as user_cre2_22_, userjoinin0_.user_name as user_nam3_22_, userjoinin0_.user_phone_number as user_pho4_22_, userjoinin0_.user_user_id as user_use5_22_, userjoinin0_.user_user_password as user_use6_22_ from user_joining_pool userjoinin0_ limit ?
Hibernate: select user0_.user_id as user_id1_21_0_, user0_.character_id as characte7_21_0_, user0_.user_created_at as user_cre2_21_0_, user0_.user_name as user_nam3_21_0_, user0_.user_phone_number as user_pho4_21_0_, user0_.user_user_id as user_use5_21_0_, user0_.user_user_password as user_use6_21_0_ from user user0_ where user0_.user_id=?
Hibernate: select character0_.character_id as characte1_6_0_, character0_.character_character_name as characte2_6_0_ from characters character0_ where character0_.character_id=?
Hibernate: select count(*) as col_0_0_ from user user0_ where user0_.user_id=?
Hibernate: select character1_.character_id as characte1_6_, character1_.character_character_name as characte2_6_ from user user0_ inner join characters character1_ on user0_.character_id=character1_.character_id where user0_.user_id=?
Hibernate: select permission0_.character_id as characte6_12_0_, permission0_.permission_id as permissi1_12_0_, permission0_.permission_id as permissi1_12_1_, permission0_.character_id as characte6_12_1_, permission0_.permission_name as permissi2_12_1_, permission0_.permission_permission_unit_id as permissi3_12_1_, permission0_.permission_service as permissi4_12_1_, permission0_.permission_status as permissi5_12_1_ from permission permission0_ where permission0_.character_id=?
Hibernate: select user0_.user_id as col_0_0_ from user user0_ where user0_.user_user_id=? limit ?
Hibernate: select user0_.user_id as col_0_0_ from user user0_ where user0_.user_user_id=? limit ?
Hibernate: select U.* from USER U where U.USER_USER_ID =?
Hibernate: select character0_.character_id as characte1_6_0_, character0_.character_character_name as characte2_6_0_ from characters character0_ where character0_.character_id=?
Hibernate: select user0_.user_id as user_id1_21_0_, user0_.character_id as characte7_21_0_, user0_.user_created_at as user_cre2_21_0_, user0_.user_name as user_nam3_21_0_, user0_.user_phone_number as user_pho4_21_0_, user0_.user_user_id as user_use5_21_0_, user0_.user_user_password as user_use6_21_0_ from user user0_ where user0_.user_id=?
Hibernate: select character0_.character_id as characte1_6_0_, character0_.character_character_name as characte2_6_0_ from characters character0_ where character0_.character_id=?
Hibernate: select count(*) as col_0_0_ from user user0_ where user0_.user_id=?
Hibernate: select character1_.character_id as characte1_6_, character1_.character_character_name as characte2_6_ from user user0_ inner join characters character1_ on user0_.character_id=character1_.character_id where user0_.user_id=?
Hibernate: select permission0_.character_id as characte6_12_0_, permission0_.permission_id as permissi1_12_0_, permission0_.permission_id as permissi1_12_1_, permission0_.character_id as characte6_12_1_, permission0_.permission_name as permissi2_12_1_, permission0_.permission_permission_unit_id as permissi3_12_1_, permission0_.permission_service as permissi4_12_1_, permission0_.permission_status as permissi5_12_1_ from permission permission0_ where permission0_.character_id=?
Hibernate: select count(*) as col_0_0_ from user_joining_pool userjoinin0_
Hibernate: select count(*) as col_0_0_ from user_joining_pool userjoinin0_
2023-06-27 23:51:09.842  INFO 92687 --- [    Test worker] DefaultJoiningPoolManager                : adjust endIdx "20" to "1" maxIdx is "1"
2023-06-27 23:51:09.842  INFO 92687 --- [    Test worker] JoiningPoolCommander                     : startIdx "1"
2023-06-27 23:51:09.842  INFO 92687 --- [    Test worker] JoiningPoolCommander                     : endIdx "1"
Hibernate: select userjoinin0_.user_joining_pool_id as user_joi1_22_, userjoinin0_.user_created_at as user_cre2_22_, userjoinin0_.user_name as user_nam3_22_, userjoinin0_.user_phone_number as user_pho4_22_, userjoinin0_.user_user_id as user_use5_22_, userjoinin0_.user_user_password as user_use6_22_ from user_joining_pool userjoinin0_ limit ?
Hibernate: select user0_.user_id as user_id1_21_0_, user0_.character_id as characte7_21_0_, user0_.user_created_at as user_cre2_21_0_, user0_.user_name as user_nam3_21_0_, user0_.user_phone_number as user_pho4_21_0_, user0_.user_user_id as user_use5_21_0_, user0_.user_user_password as user_use6_21_0_ from user user0_ where user0_.user_id=?
Hibernate: select character0_.character_id as characte1_6_0_, character0_.character_character_name as characte2_6_0_ from characters character0_ where character0_.character_id=?
Hibernate: select count(*) as col_0_0_ from user user0_ where user0_.user_id=?
[...]
Hibernate: select user0_.user_id as col_0_0_ from user user0_ where user0_.user_user_id=? limit ?
Hibernate: select user0_.user_id as col_0_0_ from user user0_ where user0_.user_user_id=? limit ?
Hibernate: select U.* from USER U where U.USER_USER_ID =?
Hibernate: select character0_.character_id as characte1_6_0_, character0_.character_character_name as characte2_6_0_ from characters character0_ where character0_.character_id=?
Hibernate: select user0_.user_id as col_0_0_ from user user0_ where user0_.user_user_id=? limit ?
Hibernate: select user0_.user_id as col_0_0_ from user user0_ where user0_.user_user_id=? limit ?
Hibernate: select U.* from USER U where U.USER_USER_ID =?
Hibernate: select character0_.character_id as characte1_6_0_, character0_.character_character_name as characte2_6_0_ from characters character0_ where character0_.character_id=?
Hibernate: select user0_.user_id as col_0_0_ from user user0_ where user0_.user_user_id=? limit ?
Hibernate: select user0_.user_id as col_0_0_ from user user0_ where user0_.user_user_id=? limit ?
Hibernate: select U.* from USER U where U.USER_USER_ID =?
Hibernate: select character0_.character_id as characte1_6_0_, character0_.character_character_name as characte2_6_0_ from characters character0_ where character0_.character_id=?
Hibernate: select user0_.user_id as col_0_0_ from user user0_ where user0_.user_user_id=? limit ?
Hibernate: select userjoinin0_.user_joining_pool_id as col_0_0_ from user_joining_pool userjoinin0_ where userjoinin0_.user_user_id=? limit ?
Hibernate: select character0_.character_id as col_0_0_ from characters character0_ where character0_.character_character_name=? limit ?
Hibernate: insert into user_joining_pool (user_joining_pool_id, user_created_at, user_name, user_phone_number, user_user_id, user_user_password) values (default, ?, ?, ?, ?, ?)
Hibernate: select user0_.user_id as user_id1_21_0_, user0_.character_id as characte7_21_0_, user0_.user_created_at as user_cre2_21_0_, user0_.user_name as user_nam3_21_0_, user0_.user_phone_number as user_pho4_21_0_, user0_.user_user_id as user_use5_21_0_, user0_.user_user_password as user_use6_21_0_ from user user0_ where user0_.user_id=?
Hibernate: select character0_.character_id as characte1_6_0_, character0_.character_character_name as characte2_6_0_ from characters character0_ where character0_.character_id=?
Hibernate: select count(*) as col_0_0_ from user user0_ where user0_.user_id=?
Hibernate: select character1_.character_id as characte1_6_, character1_.character_character_name as characte2_6_ from user user0_ inner join characters character1_ on user0_.character_id=character1_.character_id where user0_.user_id=?
Hibernate: select permission0_.character_id as characte6_12_0_, permission0_.permission_id as permissi1_12_0_, permission0_.permission_id as permissi1_12_1_, permission0_.character_id as characte6_12_1_, permission0_.permission_name as permissi2_12_1_, permission0_.permission_permission_unit_id as permissi3_12_1_, permission0_.permission_service as permissi4_12_1_, permission0_.permission_status as permissi5_12_1_ from permission permission0_ where permission0_.character_id=?
Hibernate: select count(*) as col_0_0_ from user user0_ where user0_.user_id=?

MockHttpServletRequest:
      HTTP Method = DELETE
      Request URI = /user/999
       Parameters = {}
          Headers = [Accept:"application/json", api-version:"1.0", Authorization:"Bearer eyJhbGciOiJIUzI1NiJ9.eyJzdWIiOiIxIiwiaWF0IjoxNjg3ODc3NDcwLCJleHAiOjE2ODc4ODEwNzB9.myRxKvV5hKyhoQs0qcAYrqRGu-JGvGbfdetdDUJoiIk"]
             Body = null
    Session Attrs = {}

Handler:
             Type = org.waldreg.controller.user.UserController
           Method = org.waldreg.controller.user.UserController#deleteUser(int)

Async:
    Async started = false
     Async result = null

Resolved Exception:
             Type = org.waldreg.user.exception.UnknownIdException

ModelAndView:
        View name = null
             View = null
            Model = null

FlashMap:
       Attributes = null

MockHttpServletResponse:
           Status = 400
    Error message = null
          Headers = [Vary:"Origin", "Access-Control-Request-Method", "Access-Control-Request-Headers", Api-version:"1.0", Content-Type:"application/json"]
     Content type = application/json
             Body = {"code":"USER-408","messages":"Unknown id \"999\"","document_url":"docs.waldreg.org"}
    Forwarded URL = null
   Redirected URL = null
          Cookies = []
Hibernate: select user0_.user_id as col_0_0_ from user user0_ where user0_.user_user_id=? limit ?
Hibernate: select user0_.user_id as col_0_0_ from user user0_ where user0_.user_user_id=? limit ?
Hibernate: select U.* from USER U where U.USER_USER_ID =?
Hibernate: select character0_.character_id as characte1_6_0_, character0_.character_character_name as characte2_6_0_ from characters character0_ where character0_.character_id=?
Hibernate: select user0_.user_id as user_id1_21_0_, user0_.character_id as characte7_21_0_, user0_.user_created_at as user_cre2_21_0_, user0_.user_name as user_nam3_21_0_, user0_.user_phone_number as user_pho4_21_0_, user0_.user_user_id as user_use5_21_0_, user0_.user_user_password as user_use6_21_0_ from user user0_ where user0_.user_id=?
Hibernate: select character0_.character_id as characte1_6_0_, character0_.character_character_name as characte2_6_0_ from characters character0_ where character0_.character_id=?
Hibernate: select count(*) as col_0_0_ from user user0_ where user0_.user_id=?
Hibernate: select character1_.character_id as characte1_6_, character1_.character_character_name as characte2_6_ from user user0_ inner join characters character1_ on user0_.character_id=character1_.character_id where user0_.user_id=?
Hibernate: select permission0_.character_id as characte6_12_0_, permission0_.permission_id as permissi1_12_0_, permission0_.permission_id as permissi1_12_1_, permission0_.character_id as characte6_12_1_, permission0_.permission_name as permissi2_12_1_, permission0_.permission_permission_unit_id as permissi3_12_1_, permission0_.permission_service as permissi4_12_1_, permission0_.permission_status as permissi5_12_1_ from permission permission0_ where permission0_.character_id=?
Hibernate: select count(*) as col_0_0_ from user_joining_pool userjoinin0_
Hibernate: select count(*) as col_0_0_ from user_joining_pool userjoinin0_
2023-06-27 23:51:10.245  INFO 92687 --- [    Test worker] DefaultJoiningPoolManager                : adjust endIdx "20" to "1" maxIdx is "1"
2023-06-27 23:51:10.245  INFO 92687 --- [    Test worker] JoiningPoolCommander                     : startIdx "1"
2023-06-27 23:51:10.245  INFO 92687 --- [    Test worker] JoiningPoolCommander                     : endIdx "1"
Hibernate: select userjoinin0_.user_joining_pool_id as user_joi1_22_, userjoinin0_.user_created_at as user_cre2_22_, userjoinin0_.user_name as user_nam3_22_, userjoinin0_.user_phone_number as user_pho4_22_, userjoinin0_.user_user_id as user_use5_22_, userjoinin0_.user_user_password as user_use6_22_ from user_joining_pool userjoinin0_ limit ?
Hibernate: select user0_.user_id as user_id1_21_0_, user0_.character_id as characte7_21_0_, user0_.user_created_at as user_cre2_21_0_, user0_.user_name as user_nam3_21_0_, user0_.user_phone_number as user_pho4_21_0_, user0_.user_user_id as user_use5_21_0_, user0_.user_user_password as user_use6_21_0_ from user user0_ where user0_.user_id=?
Hibernate: select character0_.character_id as characte1_6_0_, character0_.character_character_name as characte2_6_0_ from characters character0_ where character0_.character_id=?
Hibernate: select count(*) as col_0_0_ from user user0_ where user0_.user_id=?
Hibernate: select character1_.character_id as characte1_6_, character1_.character_character_name as characte2_6_ from user user0_ inner join characters character1_ on user0_.character_id=character1_.character_id where user0_.user_id=?
Hibernate: select permission0_.character_id as characte6_12_0_, permission0_.permission_id as permissi1_12_0_, permission0_.permission_id as permissi1_12_1_, permission0_.character_id as characte6_12_1_, permission0_.permission_name as permissi2_12_1_, permission0_.permission_permission_unit_id as permissi3_12_1_, permission0_.permission_service as permissi4_12_1_, permission0_.permission_status as permissi5_12_1_ from permission permission0_ where permission0_.character_id=?
Hibernate: select userjoinin0_.user_joining_pool_id as col_0_0_ from user_joining_pool userjoinin0_ where userjoinin0_.user_user_id=? limit ?
Hibernate: DELETE FROM USER_JOINING_POOL as JU where JU.USER_USER_ID =?
Hibernate: select user0_.user_id as col_0_0_ from user user0_ where user0_.user_user_id=? limit ?
Hibernate: select user0_.user_id as col_0_0_ from user user0_ where user0_.user_user_id=? limit ?
Hibernate: select U.* from USER U where U.USER_USER_ID =?
Hibernate: select character0_.character_id as characte1_6_0_, character0_.character_character_name as characte2_6_0_ from characters character0_ where character0_.character_id=?
Hibernate: select user0_.user_id as col_0_0_ from user user0_ where user0_.user_user_id=? limit ?
Hibernate: select user0_.user_id as col_0_0_ from user user0_ where user0_.user_user_id=? limit ?
Hibernate: select U.* from USER U where U.USER_USER_ID =?
Hibernate: select character0_.character_id as characte1_6_0_, character0_.character_character_name as characte2_6_0_ from characters character0_ where character0_.character_id=?
Hibernate: select user0_.user_id as col_0_0_ from user user0_ where user0_.user_user_id=? limit ?
Hibernate: select user0_.user_id as user_id1_21_0_, user0_.character_id as characte7_21_0_, user0_.user_created_at as user_cre2_21_0_, user0_.user_name as user_nam3_21_0_, user0_.user_phone_number as user_pho4_21_0_, user0_.user_user_id as user_use5_21_0_, user0_.user_user_password as user_use6_21_0_ from user user0_ where user0_.user_id=?
Hibernate: select character0_.character_id as characte1_6_0_, character0_.character_character_name as characte2_6_0_ from characters character0_ where character0_.character_id=?
Hibernate: select count(*) as col_0_0_ from user user0_ where user0_.user_id=?
Hibernate: select character1_.character_id as characte1_6_, character1_.character_character_name as characte2_6_ from user user0_ inner join characters character1_ on user0_.character_id=character1_.character_id where user0_.user_id=?
Hibernate: select permission0_.character_id as characte6_12_0_, permission0_.permission_id as permissi1_12_0_, permission0_.permission_id as permissi1_12_1_, permission0_.character_id as characte6_12_1_, permission0_.permission_name as permissi2_12_1_, permission0_.permission_permission_unit_id as permissi3_12_1_, permission0_.permission_service as permissi4_12_1_, permission0_.permission_status as permissi5_12_1_ from permission permission0_ where permission0_.character_id=?
Hibernate: select count(*) as col_0_0_ from user user0_ where user0_.user_id=?
Hibernate: select user0_.user_id as col_0_0_ from user user0_ where user0_.user_user_id=? limit ?
Hibernate: select user0_.user_id as col_0_0_ from user user0_ where user0_.user_user_id=? limit ?
Hibernate: select user0_.user_id as col_0_0_ from user user0_ where user0_.user_user_id=? limit ?
Hibernate: select U.* from USER U where U.USER_USER_ID =?
Hibernate: select character0_.character_id as characte1_6_0_, character0_.character_character_name as characte2_6_0_ from characters character0_ where character0_.character_id=?
Hibernate: select user0_.user_id as user_id1_21_0_, user0_.character_id as characte7_21_0_, user0_.user_created_at as user_cre2_21_0_, user0_.user_name as user_nam3_21_0_, user0_.user_phone_number as user_pho4_21_0_, user0_.user_user_id as user_use5_21_0_, user0_.user_user_password as user_use6_21_0_ from user user0_ where user0_.user_id=?
Hibernate: select character0_.character_id as characte1_6_0_, character0_.character_character_name as characte2_6_0_ from characters character0_ where character0_.character_id=?
Hibernate: select count(*) as col_0_0_ from user user0_ where user0_.user_id=?
Hibernate: select character1_.character_id as characte1_6_, character1_.character_character_name as characte2_6_ from user user0_ inner join characters character1_ on user0_.character_id=character1_.character_id where user0_.user_id=?
Hibernate: select permission0_.character_id as characte6_12_0_, permission0_.permission_id as permissi1_12_0_, permission0_.permission_id as permissi1_12_1_, permission0_.character_id as characte6_12_1_, permission0_.permission_name as permissi2_12_1_, permission0_.permission_permission_unit_id as permissi3_12_1_, permission0_.permission_service as permissi4_12_1_, permission0_.permission_status as permissi5_12_1_ from permission permission0_ where permission0_.character_id=?
Hibernate: select count(*) as col_0_0_ from user_joining_pool userjoinin0_
Hibernate: select count(*) as col_0_0_ from user_joining_pool userjoinin0_
2023-06-27 23:51:10.250  INFO 92687 --- [    Test worker] DefaultJoiningPoolManager                : adjust endIdx "20" to "0" maxIdx is "0"
2023-06-27 23:51:10.250  INFO 92687 --- [    Test worker] JoiningPoolCommander                     : startIdx "1"
2023-06-27 23:51:10.250  INFO 92687 --- [    Test worker] JoiningPoolCommander                     : endIdx "0"
Hibernate: select user0_.user_id as col_0_0_ from user user0_ where user0_.user_user_id=? limit ?
Hibernate: select user0_.user_id as col_0_0_ from user user0_ where user0_.user_user_id=? limit ?
Hibernate: select U.* from USER U where U.USER_USER_ID =?
Hibernate: select character0_.character_id as characte1_6_0_, character0_.character_character_name as characte2_6_0_ from characters character0_ where character0_.character_id=?
Hibernate: select user0_.user_id as col_0_0_ from user user0_ where user0_.user_user_id=? limit ?
Hibernate: select user0_.user_id as col_0_0_ from user user0_ where user0_.user_user_id=? limit ?
Hibernate: select U.* from USER U where U.USER_USER_ID =?
Hibernate: select character0_.character_id as characte1_6_0_, character0_.character_character_name as characte2_6_0_ from characters character0_ where character0_.character_id=?
Hibernate: select user0_.user_id as col_0_0_ from user user0_ where user0_.user_user_id=? limit ?
Hibernate: select user0_.user_id as col_0_0_ from user user0_ where user0_.user_user_id=? limit ?
Hibernate: select U.* from USER U where U.USER_USER_ID =?
Hibernate: select character0_.character_id as characte1_6_0_, character0_.character_character_name as characte2_6_0_ from characters character0_ where character0_.character_id=?
Hibernate: select user0_.user_id as user_id1_21_0_, user0_.character_id as characte7_21_0_, user0_.user_created_at as user_cre2_21_0_, user0_.user_name as user_nam3_21_0_, user0_.user_phone_number as user_pho4_21_0_, user0_.user_user_id as user_use5_21_0_, user0_.user_user_password as user_use6_21_0_ from user user0_ where user0_.user_id=?
Hibernate: select character0_.character_id as characte1_6_0_, character0_.character_character_name as characte2_6_0_ from characters character0_ where character0_.character_id=?
Hibernate: select count(*) as col_0_0_ from user user0_ where user0_.user_id=?
Hibernate: update user set character_id=?, user_created_at=?, user_name=?, user_phone_number=?, user_user_id=?, user_user_password=? where user_id=?
Hibernate: select user0_.user_id as user_id1_21_0_, user0_.character_id as characte7_21_0_, user0_.user_created_at as user_cre2_21_0_, user0_.user_name as user_nam3_21_0_, user0_.user_phone_number as user_pho4_21_0_, user0_.user_user_id as user_use5_21_0_, user0_.user_user_password as user_use6_21_0_ from user user0_ where user0_.user_id=?
Hibernate: select character0_.character_id as characte1_6_0_, character0_.character_character_name as characte2_6_0_ from characters character0_ where character0_.character_id=?
Hibernate: select count(*) as col_0_0_ from user user0_ where user0_.user_id=?
Hibernate: update user set character_id=?, user_created_at=?, user_name=?, user_phone_number=?, user_user_id=?, user_user_password=? where user_id=?

MockHttpServletRequest:
      HTTP Method = PUT
      Request URI = /user
       Parameters = {}
          Headers = [Content-Type:"application/json;charset=UTF-8", Accept:"application/json", api-version:"1.0", Authorization:"Bearer eyJhbGciOiJIUzI1NiJ9.eyJzdWIiOiIxIiwiaWF0IjoxNjg3ODc3NDcwLCJleHAiOjE2ODc4ODEwNzB9.myRxKvV5hKyhoQs0qcAYrqRGu-JGvGbfdetdDUJoiIk", password:"0000", Content-Length:"74"]
             Body = {"name":"Admin","user_password":"alcuk2234!","phone_number":"01000000000"}
    Session Attrs = {}

Handler:
             Type = org.waldreg.controller.user.UserController
           Method = org.waldreg.controller.user.UserController#updateUser(UpdateUserRequest)

Async:
    Async started = false
     Async result = null

Resolved Exception:
             Type = null

ModelAndView:
        View name = null
             View = null
            Model = null

FlashMap:
       Attributes = null

MockHttpServletResponse:
           Status = 200
    Error message = null
          Headers = [Vary:"Origin", "Access-Control-Request-Method", "Access-Control-Request-Headers", Api-version:"1.0"]
     Content type = null
             Body = 
    Forwarded URL = null
   Redirected URL = null
          Cookies = []

MockHttpServletRequest:
      HTTP Method = PUT
      Request URI = /user
       Parameters = {}
          Headers = [Content-Type:"application/json;charset=UTF-8", Accept:"application/json", api-version:"1.0", Authorization:"Bearer eyJhbGciOiJIUzI1NiJ9.eyJzdWIiOiIxIiwiaWF0IjoxNjg3ODc3NDcwLCJleHAiOjE2ODc4ODEwNzB9.myRxKvV5hKyhoQs0qcAYrqRGu-JGvGbfdetdDUJoiIk", password:"alcuk2234!", Content-Length:"74"]
             Body = {"name":"Admin","user_password":"alcuk2233!","phone_number":"01000000000"}
    Session Attrs = {}

Handler:
             Type = org.waldreg.controller.user.UserController
           Method = org.waldreg.controller.user.UserController#updateUser(UpdateUserRequest)

Async:
    Async started = false
     Async result = null

Resolved Exception:
             Type = null

ModelAndView:
        View name = null
             View = null
            Model = null

FlashMap:
       Attributes = null

MockHttpServletResponse:
           Status = 200
    Error message = null
          Headers = [Vary:"Origin", "Access-Control-Request-Method", "Access-Control-Request-Headers", Api-version:"1.0"]
     Content type = null
             Body = 
    Forwarded URL = null
   Redirected URL = null
          Cookies = []
Hibernate: select user0_.user_id as col_0_0_ from user user0_ where user0_.user_user_id=? limit ?
Hibernate: select user0_.user_id as col_0_0_ from user user0_ where user0_.user_user_id=? limit ?
Hibernate: select U.* from USER U where U.USER_USER_ID =?
Hibernate: select character0_.character_id as characte1_6_0_, character0_.character_character_name as characte2_6_0_ from characters character0_ where character0_.character_id=?
Hibernate: select user0_.user_id as col_0_0_ from user user0_ where user0_.user_user_id=? limit ?
Hibernate: select user0_.user_id as col_0_0_ from user user0_ where user0_.user_user_id=? limit ?
Hibernate: select U.* from USER U where U.USER_USER_ID =?
Hibernate: select character0_.character_id as characte1_6_0_, character0_.character_character_name as characte2_6_0_ from characters character0_ where character0_.character_id=?
Hibernate: select user0_.user_id as col_0_0_ from user user0_ where user0_.user_user_id=? limit ?
Hibernate: select user0_.user_id as col_0_0_ from user user0_ where user0_.user_user_id=? limit ?
Hibernate: select U.* from USER U where U.USER_USER_ID =?
Hibernate: select character0_.character_id as characte1_6_0_, character0_.character_character_name as characte2_6_0_ from characters character0_ where character0_.character_id=?
]]></system-out>
  <system-err><![CDATA[]]></system-err>
</testsuite>
