<?xml version="1.0" encoding="UTF-8"?>
<testsuite name="org.waldreg.character.management.DefaultCharacterManagerTest" tests="10" skipped="0" failures="0" errors="0" timestamp="2023-01-15T12:38:34" hostname="xb-apple.local" time="0.057">
  <properties/>
  <testcase name="특정 Character 조회 성공 테스트" classname="org.waldreg.character.management.DefaultCharacterManagerTest" time="0.022"/>
  <testcase name="Character 수정 실패 테스트 - 존재하지 않는 권한을 수정하려고 할 경우" classname="org.waldreg.character.management.DefaultCharacterManagerTest" time="0.005"/>
  <testcase name="새로운 Character 추가 실패 테스트 - permission name 이 갖고있는 permission status 가 아님" classname="org.waldreg.character.management.DefaultCharacterManagerTest" time="0.005"/>
  <testcase name="유저 id에 속한 Character 조회 테스트" classname="org.waldreg.character.management.DefaultCharacterManagerTest" time="0.002"/>
  <testcase name="Character 삭제 성공 테스트" classname="org.waldreg.character.management.DefaultCharacterManagerTest" time="0.002"/>
  <testcase name="Character 수정 실패 테스트 - 해당 권한에 해당하지 않는 permission status 로 변경하려고 시도하는 경우" classname="org.waldreg.character.management.DefaultCharacterManagerTest" time="0.002"/>
  <testcase name="새로운 Character 추가 실패 테스트 - permission name 에 해당하는 permission 을 찾을 수 없음" classname="org.waldreg.character.management.DefaultCharacterManagerTest" time="0.002"/>
  <testcase name="새로운 Character 추가 성공 테스트" classname="org.waldreg.character.management.DefaultCharacterManagerTest" time="0.002"/>
  <testcase name="Character 목록 조회 성공 테스트" classname="org.waldreg.character.management.DefaultCharacterManagerTest" time="0.004"/>
  <testcase name="Character 수정 성공 테스트" classname="org.waldreg.character.management.DefaultCharacterManagerTest" time="0.002"/>
  <system-out><![CDATA[21:38:34.166 [Test worker] DEBUG org.springframework.test.context.BootstrapUtils - Instantiating CacheAwareContextLoaderDelegate from class [org.springframework.test.context.cache.DefaultCacheAwareContextLoaderDelegate]
21:38:34.171 [Test worker] DEBUG org.springframework.test.context.BootstrapUtils - Instantiating BootstrapContext using constructor [public org.springframework.test.context.support.DefaultBootstrapContext(java.lang.Class,org.springframework.test.context.CacheAwareContextLoaderDelegate)]
21:38:34.181 [Test worker] DEBUG org.springframework.test.context.BootstrapUtils - Instantiating TestContextBootstrapper for test class [org.waldreg.character.management.DefaultCharacterManagerTest] from class [org.springframework.test.context.support.DefaultTestContextBootstrapper]
21:38:34.190 [Test worker] DEBUG org.springframework.test.context.support.AbstractDelegatingSmartContextLoader - Delegating to AnnotationConfigContextLoader to process context configuration [ContextConfigurationAttributes@640f11a1 declaringClass = 'org.waldreg.character.management.DefaultCharacterManagerTest', classes = '{class org.waldreg.character.management.DefaultCharacterManager, class org.waldreg.character.permission.management.PermissionUnitManager}', locations = '{}', inheritLocations = true, initializers = '{}', inheritInitializers = true, name = [null], contextLoaderClass = 'org.springframework.test.context.ContextLoader'].
21:38:34.208 [Test worker] DEBUG org.springframework.test.context.support.ActiveProfilesUtils - Could not find an 'annotation declaring class' for annotation type [org.springframework.test.context.ActiveProfiles] and class [org.waldreg.character.management.DefaultCharacterManagerTest]
21:38:34.208 [Test worker] DEBUG org.springframework.test.context.support.DefaultTestContextBootstrapper - @TestExecutionListeners is not present for class [org.waldreg.character.management.DefaultCharacterManagerTest]: using defaults.
21:38:34.209 [Test worker] INFO org.springframework.test.context.support.DefaultTestContextBootstrapper - Loaded default TestExecutionListener class names from location [META-INF/spring.factories]: [org.springframework.boot.test.autoconfigure.restdocs.RestDocsTestExecutionListener, org.springframework.boot.test.autoconfigure.web.client.MockRestServiceServerResetTestExecutionListener, org.springframework.boot.test.autoconfigure.web.servlet.MockMvcPrintOnlyOnFailureTestExecutionListener, org.springframework.boot.test.autoconfigure.web.servlet.WebDriverTestExecutionListener, org.springframework.boot.test.autoconfigure.webservices.client.MockWebServiceServerTestExecutionListener, org.springframework.boot.test.mock.mockito.MockitoTestExecutionListener, org.springframework.boot.test.mock.mockito.ResetMocksTestExecutionListener, org.springframework.test.context.web.ServletTestExecutionListener, org.springframework.test.context.support.DirtiesContextBeforeModesTestExecutionListener, org.springframework.test.context.event.ApplicationEventsTestExecutionListener, org.springframework.test.context.support.DependencyInjectionTestExecutionListener, org.springframework.test.context.support.DirtiesContextTestExecutionListener, org.springframework.test.context.transaction.TransactionalTestExecutionListener, org.springframework.test.context.jdbc.SqlScriptsTestExecutionListener, org.springframework.test.context.event.EventPublishingTestExecutionListener]
21:38:34.213 [Test worker] DEBUG org.springframework.test.context.support.DefaultTestContextBootstrapper - Skipping candidate TestExecutionListener [org.springframework.test.context.transaction.TransactionalTestExecutionListener] due to a missing dependency. Specify custom listener classes or make the default listener classes and their required dependencies available. Offending class: [org/springframework/transaction/interceptor/TransactionAttributeSource]
21:38:34.213 [Test worker] DEBUG org.springframework.test.context.support.DefaultTestContextBootstrapper - Skipping candidate TestExecutionListener [org.springframework.test.context.jdbc.SqlScriptsTestExecutionListener] due to a missing dependency. Specify custom listener classes or make the default listener classes and their required dependencies available. Offending class: [org/springframework/transaction/interceptor/TransactionAttribute]
21:38:34.213 [Test worker] INFO org.springframework.test.context.support.DefaultTestContextBootstrapper - Using TestExecutionListeners: [org.springframework.test.context.web.ServletTestExecutionListener@1dd0e7c4, org.springframework.test.context.support.DirtiesContextBeforeModesTestExecutionListener@7894f09b, org.springframework.test.context.event.ApplicationEventsTestExecutionListener@3d484181, org.springframework.boot.test.mock.mockito.MockitoTestExecutionListener@6111ba37, org.springframework.test.context.support.DependencyInjectionTestExecutionListener@7be58f16, org.springframework.test.context.support.DirtiesContextTestExecutionListener@242aa8d9, org.springframework.test.context.event.EventPublishingTestExecutionListener@5b11a194, org.springframework.boot.test.autoconfigure.restdocs.RestDocsTestExecutionListener@37bd68c3, org.springframework.boot.test.autoconfigure.web.client.MockRestServiceServerResetTestExecutionListener@60f7cc1d, org.springframework.boot.test.autoconfigure.web.servlet.MockMvcPrintOnlyOnFailureTestExecutionListener@11eadcba, org.springframework.boot.test.autoconfigure.web.servlet.WebDriverTestExecutionListener@4721d212, org.springframework.boot.test.autoconfigure.webservices.client.MockWebServiceServerTestExecutionListener@1b065145, org.springframework.boot.test.mock.mockito.ResetMocksTestExecutionListener@45cff11c]
21:38:34.214 [Test worker] DEBUG org.springframework.test.context.support.AbstractDirtiesContextTestExecutionListener - Before test class: context [DefaultTestContext@636e8cc testClass = DefaultCharacterManagerTest, testInstance = [null], testMethod = [null], testException = [null], mergedContextConfiguration = [MergedContextConfiguration@f79a760 testClass = DefaultCharacterManagerTest, locations = '{}', classes = '{class org.waldreg.character.management.DefaultCharacterManager, class org.waldreg.character.permission.management.PermissionUnitManager}', contextInitializerClasses = '[]', activeProfiles = '{}', propertySourceLocations = '{}', propertySourceProperties = '{}', contextCustomizers = set[org.springframework.boot.test.autoconfigure.actuate.metrics.MetricsExportContextCustomizerFactory$DisableMetricExportContextCustomizer@3eeb318f, org.springframework.boot.test.autoconfigure.properties.PropertyMappingContextCustomizer@0, org.springframework.boot.test.autoconfigure.web.servlet.WebDriverContextCustomizerFactory$Customizer@7b8233cd, org.springframework.boot.test.context.filter.ExcludeFilterContextCustomizer@4da602fc, org.springframework.boot.test.json.DuplicateJsonObjectContextCustomizerFactory$DuplicateJsonObjectContextCustomizer@4c398c80, org.springframework.boot.test.mock.mockito.MockitoContextCustomizer@22cc028a], contextLoader = 'org.springframework.test.context.support.DelegatingSmartContextLoader', parent = [null]], attributes = map[[empty]]], class annotated with @DirtiesContext [false] with mode [null].
21:38:34.219 [Test worker] DEBUG org.springframework.test.context.support.AbstractDelegatingSmartContextLoader - Delegating to AnnotationConfigContextLoader to load context from [MergedContextConfiguration@f79a760 testClass = DefaultCharacterManagerTest, locations = '{}', classes = '{class org.waldreg.character.management.DefaultCharacterManager, class org.waldreg.character.permission.management.PermissionUnitManager}', contextInitializerClasses = '[]', activeProfiles = '{}', propertySourceLocations = '{}', propertySourceProperties = '{}', contextCustomizers = set[org.springframework.boot.test.autoconfigure.actuate.metrics.MetricsExportContextCustomizerFactory$DisableMetricExportContextCustomizer@3eeb318f, org.springframework.boot.test.autoconfigure.properties.PropertyMappingContextCustomizer@0, org.springframework.boot.test.autoconfigure.web.servlet.WebDriverContextCustomizerFactory$Customizer@7b8233cd, org.springframework.boot.test.context.filter.ExcludeFilterContextCustomizer@4da602fc, org.springframework.boot.test.json.DuplicateJsonObjectContextCustomizerFactory$DuplicateJsonObjectContextCustomizer@4c398c80, org.springframework.boot.test.mock.mockito.MockitoContextCustomizer@22cc028a], contextLoader = 'org.springframework.test.context.support.DelegatingSmartContextLoader', parent = [null]].
21:38:34.219 [Test worker] DEBUG org.springframework.test.context.support.AbstractGenericContextLoader - Loading ApplicationContext for merged context configuration [[MergedContextConfiguration@f79a760 testClass = DefaultCharacterManagerTest, locations = '{}', classes = '{class org.waldreg.character.management.DefaultCharacterManager, class org.waldreg.character.permission.management.PermissionUnitManager}', contextInitializerClasses = '[]', activeProfiles = '{}', propertySourceLocations = '{}', propertySourceProperties = '{}', contextCustomizers = set[org.springframework.boot.test.autoconfigure.actuate.metrics.MetricsExportContextCustomizerFactory$DisableMetricExportContextCustomizer@3eeb318f, org.springframework.boot.test.autoconfigure.properties.PropertyMappingContextCustomizer@0, org.springframework.boot.test.autoconfigure.web.servlet.WebDriverContextCustomizerFactory$Customizer@7b8233cd, org.springframework.boot.test.context.filter.ExcludeFilterContextCustomizer@4da602fc, org.springframework.boot.test.json.DuplicateJsonObjectContextCustomizerFactory$DuplicateJsonObjectContextCustomizer@4c398c80, org.springframework.boot.test.mock.mockito.MockitoContextCustomizer@22cc028a], contextLoader = 'org.springframework.test.context.support.DelegatingSmartContextLoader', parent = [null]]].
21:38:34.233 [Test worker] DEBUG org.springframework.core.env.StandardEnvironment - Activating profiles []
21:38:34.233 [Test worker] DEBUG org.springframework.test.context.support.AnnotationConfigContextLoader - Registering component classes: {class org.waldreg.character.management.DefaultCharacterManager, class org.waldreg.character.permission.management.PermissionUnitManager}
21:38:34.251 [Test worker] DEBUG org.springframework.context.support.GenericApplicationContext - Refreshing org.springframework.context.support.GenericApplicationContext@470a696f
21:38:34.255 [Test worker] DEBUG org.springframework.beans.factory.support.DefaultListableBeanFactory - Creating shared instance of singleton bean 'org.springframework.context.annotation.internalConfigurationAnnotationProcessor'
21:38:34.267 [Test worker] DEBUG org.springframework.beans.factory.support.DefaultListableBeanFactory - Creating shared instance of singleton bean 'org.springframework.boot.test.mock.mockito.MockitoPostProcessor'
21:38:34.443 [Test worker] DEBUG org.springframework.beans.factory.support.DefaultListableBeanFactory - Creating shared instance of singleton bean 'org.springframework.context.event.internalEventListenerProcessor'
21:38:34.444 [Test worker] DEBUG org.springframework.beans.factory.support.DefaultListableBeanFactory - Creating shared instance of singleton bean 'org.springframework.context.event.internalEventListenerFactory'
21:38:34.444 [Test worker] DEBUG org.springframework.beans.factory.support.DefaultListableBeanFactory - Creating shared instance of singleton bean 'org.springframework.context.annotation.internalAutowiredAnnotationProcessor'
21:38:34.445 [Test worker] DEBUG org.springframework.beans.factory.support.DefaultListableBeanFactory - Creating shared instance of singleton bean 'org.springframework.context.annotation.internalCommonAnnotationProcessor'
21:38:34.447 [Test worker] DEBUG org.springframework.beans.factory.support.DefaultListableBeanFactory - Creating shared instance of singleton bean 'org.springframework.boot.test.mock.mockito.MockitoPostProcessor$SpyPostProcessor'
21:38:34.451 [Test worker] DEBUG org.springframework.beans.factory.support.DefaultListableBeanFactory - Creating shared instance of singleton bean 'defaultCharacterManager'
21:38:34.456 [Test worker] DEBUG org.springframework.beans.factory.support.DefaultListableBeanFactory - Creating shared instance of singleton bean 'permissionUnitManager'
21:38:34.467 [Test worker] DEBUG org.springframework.beans.factory.support.DefaultListableBeanFactory - Autowiring by type from bean name 'defaultCharacterManager' via constructor to bean named 'org.waldreg.character.spi.CharacterRepository#0'
21:38:34.467 [Test worker] DEBUG org.springframework.beans.factory.support.DefaultListableBeanFactory - Autowiring by type from bean name 'defaultCharacterManager' via constructor to bean named 'permissionUnitManager'
21:38:34.472 [Test worker] DEBUG org.springframework.test.context.cache.DefaultCacheAwareContextLoaderDelegate - Storing ApplicationContext [1191864687] in cache under key [[MergedContextConfiguration@f79a760 testClass = DefaultCharacterManagerTest, locations = '{}', classes = '{class org.waldreg.character.management.DefaultCharacterManager, class org.waldreg.character.permission.management.PermissionUnitManager}', contextInitializerClasses = '[]', activeProfiles = '{}', propertySourceLocations = '{}', propertySourceProperties = '{}', contextCustomizers = set[org.springframework.boot.test.autoconfigure.actuate.metrics.MetricsExportContextCustomizerFactory$DisableMetricExportContextCustomizer@3eeb318f, org.springframework.boot.test.autoconfigure.properties.PropertyMappingContextCustomizer@0, org.springframework.boot.test.autoconfigure.web.servlet.WebDriverContextCustomizerFactory$Customizer@7b8233cd, org.springframework.boot.test.context.filter.ExcludeFilterContextCustomizer@4da602fc, org.springframework.boot.test.json.DuplicateJsonObjectContextCustomizerFactory$DuplicateJsonObjectContextCustomizer@4c398c80, org.springframework.boot.test.mock.mockito.MockitoContextCustomizer@22cc028a], contextLoader = 'org.springframework.test.context.support.DelegatingSmartContextLoader', parent = [null]]]
21:38:34.473 [Test worker] DEBUG org.springframework.test.context.cache - Spring test ApplicationContext cache statistics: [DefaultContextCache@3419e23b size = 1, maxSize = 32, parentContextCount = 0, hitCount = 0, missCount = 1]
21:38:34.473 [Test worker] DEBUG org.springframework.test.context.support.DependencyInjectionTestExecutionListener - Performing dependency injection for test context [[DefaultTestContext@636e8cc testClass = DefaultCharacterManagerTest, testInstance = org.waldreg.character.management.DefaultCharacterManagerTest@67a3bd51, testMethod = [null], testException = [null], mergedContextConfiguration = [MergedContextConfiguration@f79a760 testClass = DefaultCharacterManagerTest, locations = '{}', classes = '{class org.waldreg.character.management.DefaultCharacterManager, class org.waldreg.character.permission.management.PermissionUnitManager}', contextInitializerClasses = '[]', activeProfiles = '{}', propertySourceLocations = '{}', propertySourceProperties = '{}', contextCustomizers = set[org.springframework.boot.test.autoconfigure.actuate.metrics.MetricsExportContextCustomizerFactory$DisableMetricExportContextCustomizer@3eeb318f, org.springframework.boot.test.autoconfigure.properties.PropertyMappingContextCustomizer@0, org.springframework.boot.test.autoconfigure.web.servlet.WebDriverContextCustomizerFactory$Customizer@7b8233cd, org.springframework.boot.test.context.filter.ExcludeFilterContextCustomizer@4da602fc, org.springframework.boot.test.json.DuplicateJsonObjectContextCustomizerFactory$DuplicateJsonObjectContextCustomizer@4c398c80, org.springframework.boot.test.mock.mockito.MockitoContextCustomizer@22cc028a], contextLoader = 'org.springframework.test.context.support.DelegatingSmartContextLoader', parent = [null]], attributes = map['org.springframework.test.context.event.ApplicationEventsTestExecutionListener.recordApplicationEvents' -> false]]].
21:38:34.474 [Test worker] DEBUG org.springframework.test.context.cache.DefaultCacheAwareContextLoaderDelegate - Retrieved ApplicationContext [1191864687] from cache with key [[MergedContextConfiguration@f79a760 testClass = DefaultCharacterManagerTest, locations = '{}', classes = '{class org.waldreg.character.management.DefaultCharacterManager, class org.waldreg.character.permission.management.PermissionUnitManager}', contextInitializerClasses = '[]', activeProfiles = '{}', propertySourceLocations = '{}', propertySourceProperties = '{}', contextCustomizers = set[org.springframework.boot.test.autoconfigure.actuate.metrics.MetricsExportContextCustomizerFactory$DisableMetricExportContextCustomizer@3eeb318f, org.springframework.boot.test.autoconfigure.properties.PropertyMappingContextCustomizer@0, org.springframework.boot.test.autoconfigure.web.servlet.WebDriverContextCustomizerFactory$Customizer@7b8233cd, org.springframework.boot.test.context.filter.ExcludeFilterContextCustomizer@4da602fc, org.springframework.boot.test.json.DuplicateJsonObjectContextCustomizerFactory$DuplicateJsonObjectContextCustomizer@4c398c80, org.springframework.boot.test.mock.mockito.MockitoContextCustomizer@22cc028a], contextLoader = 'org.springframework.test.context.support.DelegatingSmartContextLoader', parent = [null]]]
21:38:34.474 [Test worker] DEBUG org.springframework.test.context.cache - Spring test ApplicationContext cache statistics: [DefaultContextCache@3419e23b size = 1, maxSize = 32, parentContextCount = 0, hitCount = 1, missCount = 1]
21:38:34.476 [Test worker] DEBUG org.springframework.test.context.cache.DefaultCacheAwareContextLoaderDelegate - Retrieved ApplicationContext [1191864687] from cache with key [[MergedContextConfiguration@f79a760 testClass = DefaultCharacterManagerTest, locations = '{}', classes = '{class org.waldreg.character.management.DefaultCharacterManager, class org.waldreg.character.permission.management.PermissionUnitManager}', contextInitializerClasses = '[]', activeProfiles = '{}', propertySourceLocations = '{}', propertySourceProperties = '{}', contextCustomizers = set[org.springframework.boot.test.autoconfigure.actuate.metrics.MetricsExportContextCustomizerFactory$DisableMetricExportContextCustomizer@3eeb318f, org.springframework.boot.test.autoconfigure.properties.PropertyMappingContextCustomizer@0, org.springframework.boot.test.autoconfigure.web.servlet.WebDriverContextCustomizerFactory$Customizer@7b8233cd, org.springframework.boot.test.context.filter.ExcludeFilterContextCustomizer@4da602fc, org.springframework.boot.test.json.DuplicateJsonObjectContextCustomizerFactory$DuplicateJsonObjectContextCustomizer@4c398c80, org.springframework.boot.test.mock.mockito.MockitoContextCustomizer@22cc028a], contextLoader = 'org.springframework.test.context.support.DelegatingSmartContextLoader', parent = [null]]]
21:38:34.476 [Test worker] DEBUG org.springframework.test.context.cache - Spring test ApplicationContext cache statistics: [DefaultContextCache@3419e23b size = 1, maxSize = 32, parentContextCount = 0, hitCount = 2, missCount = 1]
21:38:34.477 [Test worker] DEBUG org.springframework.test.context.support.AbstractDirtiesContextTestExecutionListener - Before test method: context [DefaultTestContext@636e8cc testClass = DefaultCharacterManagerTest, testInstance = org.waldreg.character.management.DefaultCharacterManagerTest@67a3bd51, testMethod = READ_CHARACTER_SUCCESS_TEST@DefaultCharacterManagerTest, testException = [null], mergedContextConfiguration = [MergedContextConfiguration@f79a760 testClass = DefaultCharacterManagerTest, locations = '{}', classes = '{class org.waldreg.character.management.DefaultCharacterManager, class org.waldreg.character.permission.management.PermissionUnitManager}', contextInitializerClasses = '[]', activeProfiles = '{}', propertySourceLocations = '{}', propertySourceProperties = '{}', contextCustomizers = set[org.springframework.boot.test.autoconfigure.actuate.metrics.MetricsExportContextCustomizerFactory$DisableMetricExportContextCustomizer@3eeb318f, org.springframework.boot.test.autoconfigure.properties.PropertyMappingContextCustomizer@0, org.springframework.boot.test.autoconfigure.web.servlet.WebDriverContextCustomizerFactory$Customizer@7b8233cd, org.springframework.boot.test.context.filter.ExcludeFilterContextCustomizer@4da602fc, org.springframework.boot.test.json.DuplicateJsonObjectContextCustomizerFactory$DuplicateJsonObjectContextCustomizer@4c398c80, org.springframework.boot.test.mock.mockito.MockitoContextCustomizer@22cc028a], contextLoader = 'org.springframework.test.context.support.DelegatingSmartContextLoader', parent = [null]], attributes = map['org.springframework.test.context.event.ApplicationEventsTestExecutionListener.recordApplicationEvents' -> false]], class annotated with @DirtiesContext [false] with mode [null], method annotated with @DirtiesContext [false] with mode [null].
21:38:34.478 [Test worker] DEBUG org.springframework.test.context.cache.DefaultCacheAwareContextLoaderDelegate - Retrieved ApplicationContext [1191864687] from cache with key [[MergedContextConfiguration@f79a760 testClass = DefaultCharacterManagerTest, locations = '{}', classes = '{class org.waldreg.character.management.DefaultCharacterManager, class org.waldreg.character.permission.management.PermissionUnitManager}', contextInitializerClasses = '[]', activeProfiles = '{}', propertySourceLocations = '{}', propertySourceProperties = '{}', contextCustomizers = set[org.springframework.boot.test.autoconfigure.actuate.metrics.MetricsExportContextCustomizerFactory$DisableMetricExportContextCustomizer@3eeb318f, org.springframework.boot.test.autoconfigure.properties.PropertyMappingContextCustomizer@0, org.springframework.boot.test.autoconfigure.web.servlet.WebDriverContextCustomizerFactory$Customizer@7b8233cd, org.springframework.boot.test.context.filter.ExcludeFilterContextCustomizer@4da602fc, org.springframework.boot.test.json.DuplicateJsonObjectContextCustomizerFactory$DuplicateJsonObjectContextCustomizer@4c398c80, org.springframework.boot.test.mock.mockito.MockitoContextCustomizer@22cc028a], contextLoader = 'org.springframework.test.context.support.DelegatingSmartContextLoader', parent = [null]]]
21:38:34.478 [Test worker] DEBUG org.springframework.test.context.cache - Spring test ApplicationContext cache statistics: [DefaultContextCache@3419e23b size = 1, maxSize = 32, parentContextCount = 0, hitCount = 3, missCount = 1]
21:38:34.478 [Test worker] DEBUG org.springframework.test.context.cache.DefaultCacheAwareContextLoaderDelegate - Retrieved ApplicationContext [1191864687] from cache with key [[MergedContextConfiguration@f79a760 testClass = DefaultCharacterManagerTest, locations = '{}', classes = '{class org.waldreg.character.management.DefaultCharacterManager, class org.waldreg.character.permission.management.PermissionUnitManager}', contextInitializerClasses = '[]', activeProfiles = '{}', propertySourceLocations = '{}', propertySourceProperties = '{}', contextCustomizers = set[org.springframework.boot.test.autoconfigure.actuate.metrics.MetricsExportContextCustomizerFactory$DisableMetricExportContextCustomizer@3eeb318f, org.springframework.boot.test.autoconfigure.properties.PropertyMappingContextCustomizer@0, org.springframework.boot.test.autoconfigure.web.servlet.WebDriverContextCustomizerFactory$Customizer@7b8233cd, org.springframework.boot.test.context.filter.ExcludeFilterContextCustomizer@4da602fc, org.springframework.boot.test.json.DuplicateJsonObjectContextCustomizerFactory$DuplicateJsonObjectContextCustomizer@4c398c80, org.springframework.boot.test.mock.mockito.MockitoContextCustomizer@22cc028a], contextLoader = 'org.springframework.test.context.support.DelegatingSmartContextLoader', parent = [null]]]
21:38:34.478 [Test worker] DEBUG org.springframework.test.context.cache - Spring test ApplicationContext cache statistics: [DefaultContextCache@3419e23b size = 1, maxSize = 32, parentContextCount = 0, hitCount = 4, missCount = 1]
21:38:34.485 [Test worker] DEBUG org.springframework.test.context.cache.DefaultCacheAwareContextLoaderDelegate - Retrieved ApplicationContext [1191864687] from cache with key [[MergedContextConfiguration@f79a760 testClass = DefaultCharacterManagerTest, locations = '{}', classes = '{class org.waldreg.character.management.DefaultCharacterManager, class org.waldreg.character.permission.management.PermissionUnitManager}', contextInitializerClasses = '[]', activeProfiles = '{}', propertySourceLocations = '{}', propertySourceProperties = '{}', contextCustomizers = set[org.springframework.boot.test.autoconfigure.actuate.metrics.MetricsExportContextCustomizerFactory$DisableMetricExportContextCustomizer@3eeb318f, org.springframework.boot.test.autoconfigure.properties.PropertyMappingContextCustomizer@0, org.springframework.boot.test.autoconfigure.web.servlet.WebDriverContextCustomizerFactory$Customizer@7b8233cd, org.springframework.boot.test.context.filter.ExcludeFilterContextCustomizer@4da602fc, org.springframework.boot.test.json.DuplicateJsonObjectContextCustomizerFactory$DuplicateJsonObjectContextCustomizer@4c398c80, org.springframework.boot.test.mock.mockito.MockitoContextCustomizer@22cc028a], contextLoader = 'org.springframework.test.context.support.DelegatingSmartContextLoader', parent = [null]]]
21:38:34.485 [Test worker] DEBUG org.springframework.test.context.cache - Spring test ApplicationContext cache statistics: [DefaultContextCache@3419e23b size = 1, maxSize = 32, parentContextCount = 0, hitCount = 5, missCount = 1]
21:38:34.493 [Test worker] DEBUG org.springframework.test.context.cache.DefaultCacheAwareContextLoaderDelegate - Retrieved ApplicationContext [1191864687] from cache with key [[MergedContextConfiguration@f79a760 testClass = DefaultCharacterManagerTest, locations = '{}', classes = '{class org.waldreg.character.management.DefaultCharacterManager, class org.waldreg.character.permission.management.PermissionUnitManager}', contextInitializerClasses = '[]', activeProfiles = '{}', propertySourceLocations = '{}', propertySourceProperties = '{}', contextCustomizers = set[org.springframework.boot.test.autoconfigure.actuate.metrics.MetricsExportContextCustomizerFactory$DisableMetricExportContextCustomizer@3eeb318f, org.springframework.boot.test.autoconfigure.properties.PropertyMappingContextCustomizer@0, org.springframework.boot.test.autoconfigure.web.servlet.WebDriverContextCustomizerFactory$Customizer@7b8233cd, org.springframework.boot.test.context.filter.ExcludeFilterContextCustomizer@4da602fc, org.springframework.boot.test.json.DuplicateJsonObjectContextCustomizerFactory$DuplicateJsonObjectContextCustomizer@4c398c80, org.springframework.boot.test.mock.mockito.MockitoContextCustomizer@22cc028a], contextLoader = 'org.springframework.test.context.support.DelegatingSmartContextLoader', parent = [null]]]
21:38:34.493 [Test worker] DEBUG org.springframework.test.context.cache - Spring test ApplicationContext cache statistics: [DefaultContextCache@3419e23b size = 1, maxSize = 32, parentContextCount = 0, hitCount = 6, missCount = 1]
21:38:34.494 [Test worker] DEBUG org.springframework.test.context.cache.DefaultCacheAwareContextLoaderDelegate - Retrieved ApplicationContext [1191864687] from cache with key [[MergedContextConfiguration@f79a760 testClass = DefaultCharacterManagerTest, locations = '{}', classes = '{class org.waldreg.character.management.DefaultCharacterManager, class org.waldreg.character.permission.management.PermissionUnitManager}', contextInitializerClasses = '[]', activeProfiles = '{}', propertySourceLocations = '{}', propertySourceProperties = '{}', contextCustomizers = set[org.springframework.boot.test.autoconfigure.actuate.metrics.MetricsExportContextCustomizerFactory$DisableMetricExportContextCustomizer@3eeb318f, org.springframework.boot.test.autoconfigure.properties.PropertyMappingContextCustomizer@0, org.springframework.boot.test.autoconfigure.web.servlet.WebDriverContextCustomizerFactory$Customizer@7b8233cd, org.springframework.boot.test.context.filter.ExcludeFilterContextCustomizer@4da602fc, org.springframework.boot.test.json.DuplicateJsonObjectContextCustomizerFactory$DuplicateJsonObjectContextCustomizer@4c398c80, org.springframework.boot.test.mock.mockito.MockitoContextCustomizer@22cc028a], contextLoader = 'org.springframework.test.context.support.DelegatingSmartContextLoader', parent = [null]]]
21:38:34.494 [Test worker] DEBUG org.springframework.test.context.cache - Spring test ApplicationContext cache statistics: [DefaultContextCache@3419e23b size = 1, maxSize = 32, parentContextCount = 0, hitCount = 7, missCount = 1]
21:38:34.494 [Test worker] DEBUG org.springframework.test.context.cache.DefaultCacheAwareContextLoaderDelegate - Retrieved ApplicationContext [1191864687] from cache with key [[MergedContextConfiguration@f79a760 testClass = DefaultCharacterManagerTest, locations = '{}', classes = '{class org.waldreg.character.management.DefaultCharacterManager, class org.waldreg.character.permission.management.PermissionUnitManager}', contextInitializerClasses = '[]', activeProfiles = '{}', propertySourceLocations = '{}', propertySourceProperties = '{}', contextCustomizers = set[org.springframework.boot.test.autoconfigure.actuate.metrics.MetricsExportContextCustomizerFactory$DisableMetricExportContextCustomizer@3eeb318f, org.springframework.boot.test.autoconfigure.properties.PropertyMappingContextCustomizer@0, org.springframework.boot.test.autoconfigure.web.servlet.WebDriverContextCustomizerFactory$Customizer@7b8233cd, org.springframework.boot.test.context.filter.ExcludeFilterContextCustomizer@4da602fc, org.springframework.boot.test.json.DuplicateJsonObjectContextCustomizerFactory$DuplicateJsonObjectContextCustomizer@4c398c80, org.springframework.boot.test.mock.mockito.MockitoContextCustomizer@22cc028a], contextLoader = 'org.springframework.test.context.support.DelegatingSmartContextLoader', parent = [null]]]
21:38:34.494 [Test worker] DEBUG org.springframework.test.context.cache - Spring test ApplicationContext cache statistics: [DefaultContextCache@3419e23b size = 1, maxSize = 32, parentContextCount = 0, hitCount = 8, missCount = 1]
21:38:34.494 [Test worker] DEBUG org.springframework.test.context.cache.DefaultCacheAwareContextLoaderDelegate - Retrieved ApplicationContext [1191864687] from cache with key [[MergedContextConfiguration@f79a760 testClass = DefaultCharacterManagerTest, locations = '{}', classes = '{class org.waldreg.character.management.DefaultCharacterManager, class org.waldreg.character.permission.management.PermissionUnitManager}', contextInitializerClasses = '[]', activeProfiles = '{}', propertySourceLocations = '{}', propertySourceProperties = '{}', contextCustomizers = set[org.springframework.boot.test.autoconfigure.actuate.metrics.MetricsExportContextCustomizerFactory$DisableMetricExportContextCustomizer@3eeb318f, org.springframework.boot.test.autoconfigure.properties.PropertyMappingContextCustomizer@0, org.springframework.boot.test.autoconfigure.web.servlet.WebDriverContextCustomizerFactory$Customizer@7b8233cd, org.springframework.boot.test.context.filter.ExcludeFilterContextCustomizer@4da602fc, org.springframework.boot.test.json.DuplicateJsonObjectContextCustomizerFactory$DuplicateJsonObjectContextCustomizer@4c398c80, org.springframework.boot.test.mock.mockito.MockitoContextCustomizer@22cc028a], contextLoader = 'org.springframework.test.context.support.DelegatingSmartContextLoader', parent = [null]]]
21:38:34.494 [Test worker] DEBUG org.springframework.test.context.cache - Spring test ApplicationContext cache statistics: [DefaultContextCache@3419e23b size = 1, maxSize = 32, parentContextCount = 0, hitCount = 9, missCount = 1]
21:38:34.495 [Test worker] DEBUG org.springframework.test.context.cache.DefaultCacheAwareContextLoaderDelegate - Retrieved ApplicationContext [1191864687] from cache with key [[MergedContextConfiguration@f79a760 testClass = DefaultCharacterManagerTest, locations = '{}', classes = '{class org.waldreg.character.management.DefaultCharacterManager, class org.waldreg.character.permission.management.PermissionUnitManager}', contextInitializerClasses = '[]', activeProfiles = '{}', propertySourceLocations = '{}', propertySourceProperties = '{}', contextCustomizers = set[org.springframework.boot.test.autoconfigure.actuate.metrics.MetricsExportContextCustomizerFactory$DisableMetricExportContextCustomizer@3eeb318f, org.springframework.boot.test.autoconfigure.properties.PropertyMappingContextCustomizer@0, org.springframework.boot.test.autoconfigure.web.servlet.WebDriverContextCustomizerFactory$Customizer@7b8233cd, org.springframework.boot.test.context.filter.ExcludeFilterContextCustomizer@4da602fc, org.springframework.boot.test.json.DuplicateJsonObjectContextCustomizerFactory$DuplicateJsonObjectContextCustomizer@4c398c80, org.springframework.boot.test.mock.mockito.MockitoContextCustomizer@22cc028a], contextLoader = 'org.springframework.test.context.support.DelegatingSmartContextLoader', parent = [null]]]
21:38:34.495 [Test worker] DEBUG org.springframework.test.context.cache - Spring test ApplicationContext cache statistics: [DefaultContextCache@3419e23b size = 1, maxSize = 32, parentContextCount = 0, hitCount = 10, missCount = 1]
21:38:34.496 [Test worker] DEBUG org.springframework.test.context.cache.DefaultCacheAwareContextLoaderDelegate - Retrieved ApplicationContext [1191864687] from cache with key [[MergedContextConfiguration@f79a760 testClass = DefaultCharacterManagerTest, locations = '{}', classes = '{class org.waldreg.character.management.DefaultCharacterManager, class org.waldreg.character.permission.management.PermissionUnitManager}', contextInitializerClasses = '[]', activeProfiles = '{}', propertySourceLocations = '{}', propertySourceProperties = '{}', contextCustomizers = set[org.springframework.boot.test.autoconfigure.actuate.metrics.MetricsExportContextCustomizerFactory$DisableMetricExportContextCustomizer@3eeb318f, org.springframework.boot.test.autoconfigure.properties.PropertyMappingContextCustomizer@0, org.springframework.boot.test.autoconfigure.web.servlet.WebDriverContextCustomizerFactory$Customizer@7b8233cd, org.springframework.boot.test.context.filter.ExcludeFilterContextCustomizer@4da602fc, org.springframework.boot.test.json.DuplicateJsonObjectContextCustomizerFactory$DuplicateJsonObjectContextCustomizer@4c398c80, org.springframework.boot.test.mock.mockito.MockitoContextCustomizer@22cc028a], contextLoader = 'org.springframework.test.context.support.DelegatingSmartContextLoader', parent = [null]]]
21:38:34.496 [Test worker] DEBUG org.springframework.test.context.cache - Spring test ApplicationContext cache statistics: [DefaultContextCache@3419e23b size = 1, maxSize = 32, parentContextCount = 0, hitCount = 11, missCount = 1]
21:38:34.496 [Test worker] DEBUG org.springframework.test.context.support.AbstractDirtiesContextTestExecutionListener - After test method: context [DefaultTestContext@636e8cc testClass = DefaultCharacterManagerTest, testInstance = org.waldreg.character.management.DefaultCharacterManagerTest@67a3bd51, testMethod = READ_CHARACTER_SUCCESS_TEST@DefaultCharacterManagerTest, testException = [null], mergedContextConfiguration = [MergedContextConfiguration@f79a760 testClass = DefaultCharacterManagerTest, locations = '{}', classes = '{class org.waldreg.character.management.DefaultCharacterManager, class org.waldreg.character.permission.management.PermissionUnitManager}', contextInitializerClasses = '[]', activeProfiles = '{}', propertySourceLocations = '{}', propertySourceProperties = '{}', contextCustomizers = set[org.springframework.boot.test.autoconfigure.actuate.metrics.MetricsExportContextCustomizerFactory$DisableMetricExportContextCustomizer@3eeb318f, org.springframework.boot.test.autoconfigure.properties.PropertyMappingContextCustomizer@0, org.springframework.boot.test.autoconfigure.web.servlet.WebDriverContextCustomizerFactory$Customizer@7b8233cd, org.springframework.boot.test.context.filter.ExcludeFilterContextCustomizer@4da602fc, org.springframework.boot.test.json.DuplicateJsonObjectContextCustomizerFactory$DuplicateJsonObjectContextCustomizer@4c398c80, org.springframework.boot.test.mock.mockito.MockitoContextCustomizer@22cc028a], contextLoader = 'org.springframework.test.context.support.DelegatingSmartContextLoader', parent = [null]], attributes = map['org.springframework.test.context.event.ApplicationEventsTestExecutionListener.recordApplicationEvents' -> false]], class annotated with @DirtiesContext [false] with mode [null], method annotated with @DirtiesContext [false] with mode [null].
21:38:34.499 [Test worker] DEBUG org.springframework.test.context.cache.DefaultCacheAwareContextLoaderDelegate - Retrieved ApplicationContext [1191864687] from cache with key [[MergedContextConfiguration@f79a760 testClass = DefaultCharacterManagerTest, locations = '{}', classes = '{class org.waldreg.character.management.DefaultCharacterManager, class org.waldreg.character.permission.management.PermissionUnitManager}', contextInitializerClasses = '[]', activeProfiles = '{}', propertySourceLocations = '{}', propertySourceProperties = '{}', contextCustomizers = set[org.springframework.boot.test.autoconfigure.actuate.metrics.MetricsExportContextCustomizerFactory$DisableMetricExportContextCustomizer@3eeb318f, org.springframework.boot.test.autoconfigure.properties.PropertyMappingContextCustomizer@0, org.springframework.boot.test.autoconfigure.web.servlet.WebDriverContextCustomizerFactory$Customizer@7b8233cd, org.springframework.boot.test.context.filter.ExcludeFilterContextCustomizer@4da602fc, org.springframework.boot.test.json.DuplicateJsonObjectContextCustomizerFactory$DuplicateJsonObjectContextCustomizer@4c398c80, org.springframework.boot.test.mock.mockito.MockitoContextCustomizer@22cc028a], contextLoader = 'org.springframework.test.context.support.DelegatingSmartContextLoader', parent = [null]]]
21:38:34.499 [Test worker] DEBUG org.springframework.test.context.cache - Spring test ApplicationContext cache statistics: [DefaultContextCache@3419e23b size = 1, maxSize = 32, parentContextCount = 0, hitCount = 12, missCount = 1]
21:38:34.499 [Test worker] DEBUG org.springframework.test.context.support.DependencyInjectionTestExecutionListener - Performing dependency injection for test context [[DefaultTestContext@636e8cc testClass = DefaultCharacterManagerTest, testInstance = org.waldreg.character.management.DefaultCharacterManagerTest@4715ae33, testMethod = [null], testException = [null], mergedContextConfiguration = [MergedContextConfiguration@f79a760 testClass = DefaultCharacterManagerTest, locations = '{}', classes = '{class org.waldreg.character.management.DefaultCharacterManager, class org.waldreg.character.permission.management.PermissionUnitManager}', contextInitializerClasses = '[]', activeProfiles = '{}', propertySourceLocations = '{}', propertySourceProperties = '{}', contextCustomizers = set[org.springframework.boot.test.autoconfigure.actuate.metrics.MetricsExportContextCustomizerFactory$DisableMetricExportContextCustomizer@3eeb318f, org.springframework.boot.test.autoconfigure.properties.PropertyMappingContextCustomizer@0, org.springframework.boot.test.autoconfigure.web.servlet.WebDriverContextCustomizerFactory$Customizer@7b8233cd, org.springframework.boot.test.context.filter.ExcludeFilterContextCustomizer@4da602fc, org.springframework.boot.test.json.DuplicateJsonObjectContextCustomizerFactory$DuplicateJsonObjectContextCustomizer@4c398c80, org.springframework.boot.test.mock.mockito.MockitoContextCustomizer@22cc028a], contextLoader = 'org.springframework.test.context.support.DelegatingSmartContextLoader', parent = [null]], attributes = map['org.springframework.test.context.event.ApplicationEventsTestExecutionListener.recordApplicationEvents' -> false]]].
21:38:34.499 [Test worker] DEBUG org.springframework.test.context.cache.DefaultCacheAwareContextLoaderDelegate - Retrieved ApplicationContext [1191864687] from cache with key [[MergedContextConfiguration@f79a760 testClass = DefaultCharacterManagerTest, locations = '{}', classes = '{class org.waldreg.character.management.DefaultCharacterManager, class org.waldreg.character.permission.management.PermissionUnitManager}', contextInitializerClasses = '[]', activeProfiles = '{}', propertySourceLocations = '{}', propertySourceProperties = '{}', contextCustomizers = set[org.springframework.boot.test.autoconfigure.actuate.metrics.MetricsExportContextCustomizerFactory$DisableMetricExportContextCustomizer@3eeb318f, org.springframework.boot.test.autoconfigure.properties.PropertyMappingContextCustomizer@0, org.springframework.boot.test.autoconfigure.web.servlet.WebDriverContextCustomizerFactory$Customizer@7b8233cd, org.springframework.boot.test.context.filter.ExcludeFilterContextCustomizer@4da602fc, org.springframework.boot.test.json.DuplicateJsonObjectContextCustomizerFactory$DuplicateJsonObjectContextCustomizer@4c398c80, org.springframework.boot.test.mock.mockito.MockitoContextCustomizer@22cc028a], contextLoader = 'org.springframework.test.context.support.DelegatingSmartContextLoader', parent = [null]]]
21:38:34.499 [Test worker] DEBUG org.springframework.test.context.cache - Spring test ApplicationContext cache statistics: [DefaultContextCache@3419e23b size = 1, maxSize = 32, parentContextCount = 0, hitCount = 13, missCount = 1]
21:38:34.499 [Test worker] DEBUG org.springframework.test.context.cache.DefaultCacheAwareContextLoaderDelegate - Retrieved ApplicationContext [1191864687] from cache with key [[MergedContextConfiguration@f79a760 testClass = DefaultCharacterManagerTest, locations = '{}', classes = '{class org.waldreg.character.management.DefaultCharacterManager, class org.waldreg.character.permission.management.PermissionUnitManager}', contextInitializerClasses = '[]', activeProfiles = '{}', propertySourceLocations = '{}', propertySourceProperties = '{}', contextCustomizers = set[org.springframework.boot.test.autoconfigure.actuate.metrics.MetricsExportContextCustomizerFactory$DisableMetricExportContextCustomizer@3eeb318f, org.springframework.boot.test.autoconfigure.properties.PropertyMappingContextCustomizer@0, org.springframework.boot.test.autoconfigure.web.servlet.WebDriverContextCustomizerFactory$Customizer@7b8233cd, org.springframework.boot.test.context.filter.ExcludeFilterContextCustomizer@4da602fc, org.springframework.boot.test.json.DuplicateJsonObjectContextCustomizerFactory$DuplicateJsonObjectContextCustomizer@4c398c80, org.springframework.boot.test.mock.mockito.MockitoContextCustomizer@22cc028a], contextLoader = 'org.springframework.test.context.support.DelegatingSmartContextLoader', parent = [null]]]
21:38:34.499 [Test worker] DEBUG org.springframework.test.context.cache - Spring test ApplicationContext cache statistics: [DefaultContextCache@3419e23b size = 1, maxSize = 32, parentContextCount = 0, hitCount = 14, missCount = 1]
21:38:34.500 [Test worker] DEBUG org.springframework.test.context.support.AbstractDirtiesContextTestExecutionListener - Before test method: context [DefaultTestContext@636e8cc testClass = DefaultCharacterManagerTest, testInstance = org.waldreg.character.management.DefaultCharacterManagerTest@4715ae33, testMethod = UPDATE_CHARACTER_FAIL_UNKNOWN_PERMISSION_TEST@DefaultCharacterManagerTest, testException = [null], mergedContextConfiguration = [MergedContextConfiguration@f79a760 testClass = DefaultCharacterManagerTest, locations = '{}', classes = '{class org.waldreg.character.management.DefaultCharacterManager, class org.waldreg.character.permission.management.PermissionUnitManager}', contextInitializerClasses = '[]', activeProfiles = '{}', propertySourceLocations = '{}', propertySourceProperties = '{}', contextCustomizers = set[org.springframework.boot.test.autoconfigure.actuate.metrics.MetricsExportContextCustomizerFactory$DisableMetricExportContextCustomizer@3eeb318f, org.springframework.boot.test.autoconfigure.properties.PropertyMappingContextCustomizer@0, org.springframework.boot.test.autoconfigure.web.servlet.WebDriverContextCustomizerFactory$Customizer@7b8233cd, org.springframework.boot.test.context.filter.ExcludeFilterContextCustomizer@4da602fc, org.springframework.boot.test.json.DuplicateJsonObjectContextCustomizerFactory$DuplicateJsonObjectContextCustomizer@4c398c80, org.springframework.boot.test.mock.mockito.MockitoContextCustomizer@22cc028a], contextLoader = 'org.springframework.test.context.support.DelegatingSmartContextLoader', parent = [null]], attributes = map['org.springframework.test.context.event.ApplicationEventsTestExecutionListener.recordApplicationEvents' -> false]], class annotated with @DirtiesContext [false] with mode [null], method annotated with @DirtiesContext [false] with mode [null].
21:38:34.500 [Test worker] DEBUG org.springframework.test.context.cache.DefaultCacheAwareContextLoaderDelegate - Retrieved ApplicationContext [1191864687] from cache with key [[MergedContextConfiguration@f79a760 testClass = DefaultCharacterManagerTest, locations = '{}', classes = '{class org.waldreg.character.management.DefaultCharacterManager, class org.waldreg.character.permission.management.PermissionUnitManager}', contextInitializerClasses = '[]', activeProfiles = '{}', propertySourceLocations = '{}', propertySourceProperties = '{}', contextCustomizers = set[org.springframework.boot.test.autoconfigure.actuate.metrics.MetricsExportContextCustomizerFactory$DisableMetricExportContextCustomizer@3eeb318f, org.springframework.boot.test.autoconfigure.properties.PropertyMappingContextCustomizer@0, org.springframework.boot.test.autoconfigure.web.servlet.WebDriverContextCustomizerFactory$Customizer@7b8233cd, org.springframework.boot.test.context.filter.ExcludeFilterContextCustomizer@4da602fc, org.springframework.boot.test.json.DuplicateJsonObjectContextCustomizerFactory$DuplicateJsonObjectContextCustomizer@4c398c80, org.springframework.boot.test.mock.mockito.MockitoContextCustomizer@22cc028a], contextLoader = 'org.springframework.test.context.support.DelegatingSmartContextLoader', parent = [null]]]
21:38:34.500 [Test worker] DEBUG org.springframework.test.context.cache - Spring test ApplicationContext cache statistics: [DefaultContextCache@3419e23b size = 1, maxSize = 32, parentContextCount = 0, hitCount = 15, missCount = 1]
21:38:34.500 [Test worker] DEBUG org.springframework.test.context.cache.DefaultCacheAwareContextLoaderDelegate - Retrieved ApplicationContext [1191864687] from cache with key [[MergedContextConfiguration@f79a760 testClass = DefaultCharacterManagerTest, locations = '{}', classes = '{class org.waldreg.character.management.DefaultCharacterManager, class org.waldreg.character.permission.management.PermissionUnitManager}', contextInitializerClasses = '[]', activeProfiles = '{}', propertySourceLocations = '{}', propertySourceProperties = '{}', contextCustomizers = set[org.springframework.boot.test.autoconfigure.actuate.metrics.MetricsExportContextCustomizerFactory$DisableMetricExportContextCustomizer@3eeb318f, org.springframework.boot.test.autoconfigure.properties.PropertyMappingContextCustomizer@0, org.springframework.boot.test.autoconfigure.web.servlet.WebDriverContextCustomizerFactory$Customizer@7b8233cd, org.springframework.boot.test.context.filter.ExcludeFilterContextCustomizer@4da602fc, org.springframework.boot.test.json.DuplicateJsonObjectContextCustomizerFactory$DuplicateJsonObjectContextCustomizer@4c398c80, org.springframework.boot.test.mock.mockito.MockitoContextCustomizer@22cc028a], contextLoader = 'org.springframework.test.context.support.DelegatingSmartContextLoader', parent = [null]]]
21:38:34.500 [Test worker] DEBUG org.springframework.test.context.cache - Spring test ApplicationContext cache statistics: [DefaultContextCache@3419e23b size = 1, maxSize = 32, parentContextCount = 0, hitCount = 16, missCount = 1]
21:38:34.500 [Test worker] DEBUG org.springframework.test.context.cache.DefaultCacheAwareContextLoaderDelegate - Retrieved ApplicationContext [1191864687] from cache with key [[MergedContextConfiguration@f79a760 testClass = DefaultCharacterManagerTest, locations = '{}', classes = '{class org.waldreg.character.management.DefaultCharacterManager, class org.waldreg.character.permission.management.PermissionUnitManager}', contextInitializerClasses = '[]', activeProfiles = '{}', propertySourceLocations = '{}', propertySourceProperties = '{}', contextCustomizers = set[org.springframework.boot.test.autoconfigure.actuate.metrics.MetricsExportContextCustomizerFactory$DisableMetricExportContextCustomizer@3eeb318f, org.springframework.boot.test.autoconfigure.properties.PropertyMappingContextCustomizer@0, org.springframework.boot.test.autoconfigure.web.servlet.WebDriverContextCustomizerFactory$Customizer@7b8233cd, org.springframework.boot.test.context.filter.ExcludeFilterContextCustomizer@4da602fc, org.springframework.boot.test.json.DuplicateJsonObjectContextCustomizerFactory$DuplicateJsonObjectContextCustomizer@4c398c80, org.springframework.boot.test.mock.mockito.MockitoContextCustomizer@22cc028a], contextLoader = 'org.springframework.test.context.support.DelegatingSmartContextLoader', parent = [null]]]
21:38:34.500 [Test worker] DEBUG org.springframework.test.context.cache - Spring test ApplicationContext cache statistics: [DefaultContextCache@3419e23b size = 1, maxSize = 32, parentContextCount = 0, hitCount = 17, missCount = 1]
21:38:34.502 [Test worker] DEBUG org.springframework.test.context.cache.DefaultCacheAwareContextLoaderDelegate - Retrieved ApplicationContext [1191864687] from cache with key [[MergedContextConfiguration@f79a760 testClass = DefaultCharacterManagerTest, locations = '{}', classes = '{class org.waldreg.character.management.DefaultCharacterManager, class org.waldreg.character.permission.management.PermissionUnitManager}', contextInitializerClasses = '[]', activeProfiles = '{}', propertySourceLocations = '{}', propertySourceProperties = '{}', contextCustomizers = set[org.springframework.boot.test.autoconfigure.actuate.metrics.MetricsExportContextCustomizerFactory$DisableMetricExportContextCustomizer@3eeb318f, org.springframework.boot.test.autoconfigure.properties.PropertyMappingContextCustomizer@0, org.springframework.boot.test.autoconfigure.web.servlet.WebDriverContextCustomizerFactory$Customizer@7b8233cd, org.springframework.boot.test.context.filter.ExcludeFilterContextCustomizer@4da602fc, org.springframework.boot.test.json.DuplicateJsonObjectContextCustomizerFactory$DuplicateJsonObjectContextCustomizer@4c398c80, org.springframework.boot.test.mock.mockito.MockitoContextCustomizer@22cc028a], contextLoader = 'org.springframework.test.context.support.DelegatingSmartContextLoader', parent = [null]]]
21:38:34.503 [Test worker] DEBUG org.springframework.test.context.cache - Spring test ApplicationContext cache statistics: [DefaultContextCache@3419e23b size = 1, maxSize = 32, parentContextCount = 0, hitCount = 18, missCount = 1]
21:38:34.503 [Test worker] DEBUG org.springframework.test.context.cache.DefaultCacheAwareContextLoaderDelegate - Retrieved ApplicationContext [1191864687] from cache with key [[MergedContextConfiguration@f79a760 testClass = DefaultCharacterManagerTest, locations = '{}', classes = '{class org.waldreg.character.management.DefaultCharacterManager, class org.waldreg.character.permission.management.PermissionUnitManager}', contextInitializerClasses = '[]', activeProfiles = '{}', propertySourceLocations = '{}', propertySourceProperties = '{}', contextCustomizers = set[org.springframework.boot.test.autoconfigure.actuate.metrics.MetricsExportContextCustomizerFactory$DisableMetricExportContextCustomizer@3eeb318f, org.springframework.boot.test.autoconfigure.properties.PropertyMappingContextCustomizer@0, org.springframework.boot.test.autoconfigure.web.servlet.WebDriverContextCustomizerFactory$Customizer@7b8233cd, org.springframework.boot.test.context.filter.ExcludeFilterContextCustomizer@4da602fc, org.springframework.boot.test.json.DuplicateJsonObjectContextCustomizerFactory$DuplicateJsonObjectContextCustomizer@4c398c80, org.springframework.boot.test.mock.mockito.MockitoContextCustomizer@22cc028a], contextLoader = 'org.springframework.test.context.support.DelegatingSmartContextLoader', parent = [null]]]
21:38:34.503 [Test worker] DEBUG org.springframework.test.context.cache - Spring test ApplicationContext cache statistics: [DefaultContextCache@3419e23b size = 1, maxSize = 32, parentContextCount = 0, hitCount = 19, missCount = 1]
21:38:34.503 [Test worker] DEBUG org.springframework.test.context.cache.DefaultCacheAwareContextLoaderDelegate - Retrieved ApplicationContext [1191864687] from cache with key [[MergedContextConfiguration@f79a760 testClass = DefaultCharacterManagerTest, locations = '{}', classes = '{class org.waldreg.character.management.DefaultCharacterManager, class org.waldreg.character.permission.management.PermissionUnitManager}', contextInitializerClasses = '[]', activeProfiles = '{}', propertySourceLocations = '{}', propertySourceProperties = '{}', contextCustomizers = set[org.springframework.boot.test.autoconfigure.actuate.metrics.MetricsExportContextCustomizerFactory$DisableMetricExportContextCustomizer@3eeb318f, org.springframework.boot.test.autoconfigure.properties.PropertyMappingContextCustomizer@0, org.springframework.boot.test.autoconfigure.web.servlet.WebDriverContextCustomizerFactory$Customizer@7b8233cd, org.springframework.boot.test.context.filter.ExcludeFilterContextCustomizer@4da602fc, org.springframework.boot.test.json.DuplicateJsonObjectContextCustomizerFactory$DuplicateJsonObjectContextCustomizer@4c398c80, org.springframework.boot.test.mock.mockito.MockitoContextCustomizer@22cc028a], contextLoader = 'org.springframework.test.context.support.DelegatingSmartContextLoader', parent = [null]]]
21:38:34.503 [Test worker] DEBUG org.springframework.test.context.cache - Spring test ApplicationContext cache statistics: [DefaultContextCache@3419e23b size = 1, maxSize = 32, parentContextCount = 0, hitCount = 20, missCount = 1]
21:38:34.503 [Test worker] DEBUG org.springframework.test.context.cache.DefaultCacheAwareContextLoaderDelegate - Retrieved ApplicationContext [1191864687] from cache with key [[MergedContextConfiguration@f79a760 testClass = DefaultCharacterManagerTest, locations = '{}', classes = '{class org.waldreg.character.management.DefaultCharacterManager, class org.waldreg.character.permission.management.PermissionUnitManager}', contextInitializerClasses = '[]', activeProfiles = '{}', propertySourceLocations = '{}', propertySourceProperties = '{}', contextCustomizers = set[org.springframework.boot.test.autoconfigure.actuate.metrics.MetricsExportContextCustomizerFactory$DisableMetricExportContextCustomizer@3eeb318f, org.springframework.boot.test.autoconfigure.properties.PropertyMappingContextCustomizer@0, org.springframework.boot.test.autoconfigure.web.servlet.WebDriverContextCustomizerFactory$Customizer@7b8233cd, org.springframework.boot.test.context.filter.ExcludeFilterContextCustomizer@4da602fc, org.springframework.boot.test.json.DuplicateJsonObjectContextCustomizerFactory$DuplicateJsonObjectContextCustomizer@4c398c80, org.springframework.boot.test.mock.mockito.MockitoContextCustomizer@22cc028a], contextLoader = 'org.springframework.test.context.support.DelegatingSmartContextLoader', parent = [null]]]
21:38:34.503 [Test worker] DEBUG org.springframework.test.context.cache - Spring test ApplicationContext cache statistics: [DefaultContextCache@3419e23b size = 1, maxSize = 32, parentContextCount = 0, hitCount = 21, missCount = 1]
21:38:34.503 [Test worker] DEBUG org.springframework.test.context.cache.DefaultCacheAwareContextLoaderDelegate - Retrieved ApplicationContext [1191864687] from cache with key [[MergedContextConfiguration@f79a760 testClass = DefaultCharacterManagerTest, locations = '{}', classes = '{class org.waldreg.character.management.DefaultCharacterManager, class org.waldreg.character.permission.management.PermissionUnitManager}', contextInitializerClasses = '[]', activeProfiles = '{}', propertySourceLocations = '{}', propertySourceProperties = '{}', contextCustomizers = set[org.springframework.boot.test.autoconfigure.actuate.metrics.MetricsExportContextCustomizerFactory$DisableMetricExportContextCustomizer@3eeb318f, org.springframework.boot.test.autoconfigure.properties.PropertyMappingContextCustomizer@0, org.springframework.boot.test.autoconfigure.web.servlet.WebDriverContextCustomizerFactory$Customizer@7b8233cd, org.springframework.boot.test.context.filter.ExcludeFilterContextCustomizer@4da602fc, org.springframework.boot.test.json.DuplicateJsonObjectContextCustomizerFactory$DuplicateJsonObjectContextCustomizer@4c398c80, org.springframework.boot.test.mock.mockito.MockitoContextCustomizer@22cc028a], contextLoader = 'org.springframework.test.context.support.DelegatingSmartContextLoader', parent = [null]]]
21:38:34.503 [Test worker] DEBUG org.springframework.test.context.cache - Spring test ApplicationContext cache statistics: [DefaultContextCache@3419e23b size = 1, maxSize = 32, parentContextCount = 0, hitCount = 22, missCount = 1]
21:38:34.504 [Test worker] DEBUG org.springframework.test.context.cache.DefaultCacheAwareContextLoaderDelegate - Retrieved ApplicationContext [1191864687] from cache with key [[MergedContextConfiguration@f79a760 testClass = DefaultCharacterManagerTest, locations = '{}', classes = '{class org.waldreg.character.management.DefaultCharacterManager, class org.waldreg.character.permission.management.PermissionUnitManager}', contextInitializerClasses = '[]', activeProfiles = '{}', propertySourceLocations = '{}', propertySourceProperties = '{}', contextCustomizers = set[org.springframework.boot.test.autoconfigure.actuate.metrics.MetricsExportContextCustomizerFactory$DisableMetricExportContextCustomizer@3eeb318f, org.springframework.boot.test.autoconfigure.properties.PropertyMappingContextCustomizer@0, org.springframework.boot.test.autoconfigure.web.servlet.WebDriverContextCustomizerFactory$Customizer@7b8233cd, org.springframework.boot.test.context.filter.ExcludeFilterContextCustomizer@4da602fc, org.springframework.boot.test.json.DuplicateJsonObjectContextCustomizerFactory$DuplicateJsonObjectContextCustomizer@4c398c80, org.springframework.boot.test.mock.mockito.MockitoContextCustomizer@22cc028a], contextLoader = 'org.springframework.test.context.support.DelegatingSmartContextLoader', parent = [null]]]
21:38:34.504 [Test worker] DEBUG org.springframework.test.context.cache - Spring test ApplicationContext cache statistics: [DefaultContextCache@3419e23b size = 1, maxSize = 32, parentContextCount = 0, hitCount = 23, missCount = 1]
21:38:34.504 [Test worker] DEBUG org.springframework.test.context.support.AbstractDirtiesContextTestExecutionListener - After test method: context [DefaultTestContext@636e8cc testClass = DefaultCharacterManagerTest, testInstance = org.waldreg.character.management.DefaultCharacterManagerTest@4715ae33, testMethod = UPDATE_CHARACTER_FAIL_UNKNOWN_PERMISSION_TEST@DefaultCharacterManagerTest, testException = [null], mergedContextConfiguration = [MergedContextConfiguration@f79a760 testClass = DefaultCharacterManagerTest, locations = '{}', classes = '{class org.waldreg.character.management.DefaultCharacterManager, class org.waldreg.character.permission.management.PermissionUnitManager}', contextInitializerClasses = '[]', activeProfiles = '{}', propertySourceLocations = '{}', propertySourceProperties = '{}', contextCustomizers = set[org.springframework.boot.test.autoconfigure.actuate.metrics.MetricsExportContextCustomizerFactory$DisableMetricExportContextCustomizer@3eeb318f, org.springframework.boot.test.autoconfigure.properties.PropertyMappingContextCustomizer@0, org.springframework.boot.test.autoconfigure.web.servlet.WebDriverContextCustomizerFactory$Customizer@7b8233cd, org.springframework.boot.test.context.filter.ExcludeFilterContextCustomizer@4da602fc, org.springframework.boot.test.json.DuplicateJsonObjectContextCustomizerFactory$DuplicateJsonObjectContextCustomizer@4c398c80, org.springframework.boot.test.mock.mockito.MockitoContextCustomizer@22cc028a], contextLoader = 'org.springframework.test.context.support.DelegatingSmartContextLoader', parent = [null]], attributes = map['org.springframework.test.context.event.ApplicationEventsTestExecutionListener.recordApplicationEvents' -> false]], class annotated with @DirtiesContext [false] with mode [null], method annotated with @DirtiesContext [false] with mode [null].
21:38:34.504 [Test worker] DEBUG org.springframework.test.context.cache.DefaultCacheAwareContextLoaderDelegate - Retrieved ApplicationContext [1191864687] from cache with key [[MergedContextConfiguration@f79a760 testClass = DefaultCharacterManagerTest, locations = '{}', classes = '{class org.waldreg.character.management.DefaultCharacterManager, class org.waldreg.character.permission.management.PermissionUnitManager}', contextInitializerClasses = '[]', activeProfiles = '{}', propertySourceLocations = '{}', propertySourceProperties = '{}', contextCustomizers = set[org.springframework.boot.test.autoconfigure.actuate.metrics.MetricsExportContextCustomizerFactory$DisableMetricExportContextCustomizer@3eeb318f, org.springframework.boot.test.autoconfigure.properties.PropertyMappingContextCustomizer@0, org.springframework.boot.test.autoconfigure.web.servlet.WebDriverContextCustomizerFactory$Customizer@7b8233cd, org.springframework.boot.test.context.filter.ExcludeFilterContextCustomizer@4da602fc, org.springframework.boot.test.json.DuplicateJsonObjectContextCustomizerFactory$DuplicateJsonObjectContextCustomizer@4c398c80, org.springframework.boot.test.mock.mockito.MockitoContextCustomizer@22cc028a], contextLoader = 'org.springframework.test.context.support.DelegatingSmartContextLoader', parent = [null]]]
21:38:34.504 [Test worker] DEBUG org.springframework.test.context.cache - Spring test ApplicationContext cache statistics: [DefaultContextCache@3419e23b size = 1, maxSize = 32, parentContextCount = 0, hitCount = 24, missCount = 1]
21:38:34.504 [Test worker] DEBUG org.springframework.test.context.support.DependencyInjectionTestExecutionListener - Performing dependency injection for test context [[DefaultTestContext@636e8cc testClass = DefaultCharacterManagerTest, testInstance = org.waldreg.character.management.DefaultCharacterManagerTest@320a8ebf, testMethod = [null], testException = [null], mergedContextConfiguration = [MergedContextConfiguration@f79a760 testClass = DefaultCharacterManagerTest, locations = '{}', classes = '{class org.waldreg.character.management.DefaultCharacterManager, class org.waldreg.character.permission.management.PermissionUnitManager}', contextInitializerClasses = '[]', activeProfiles = '{}', propertySourceLocations = '{}', propertySourceProperties = '{}', contextCustomizers = set[org.springframework.boot.test.autoconfigure.actuate.metrics.MetricsExportContextCustomizerFactory$DisableMetricExportContextCustomizer@3eeb318f, org.springframework.boot.test.autoconfigure.properties.PropertyMappingContextCustomizer@0, org.springframework.boot.test.autoconfigure.web.servlet.WebDriverContextCustomizerFactory$Customizer@7b8233cd, org.springframework.boot.test.context.filter.ExcludeFilterContextCustomizer@4da602fc, org.springframework.boot.test.json.DuplicateJsonObjectContextCustomizerFactory$DuplicateJsonObjectContextCustomizer@4c398c80, org.springframework.boot.test.mock.mockito.MockitoContextCustomizer@22cc028a], contextLoader = 'org.springframework.test.context.support.DelegatingSmartContextLoader', parent = [null]], attributes = map['org.springframework.test.context.event.ApplicationEventsTestExecutionListener.recordApplicationEvents' -> false]]].
21:38:34.504 [Test worker] DEBUG org.springframework.test.context.cache.DefaultCacheAwareContextLoaderDelegate - Retrieved ApplicationContext [1191864687] from cache with key [[MergedContextConfiguration@f79a760 testClass = DefaultCharacterManagerTest, locations = '{}', classes = '{class org.waldreg.character.management.DefaultCharacterManager, class org.waldreg.character.permission.management.PermissionUnitManager}', contextInitializerClasses = '[]', activeProfiles = '{}', propertySourceLocations = '{}', propertySourceProperties = '{}', contextCustomizers = set[org.springframework.boot.test.autoconfigure.actuate.metrics.MetricsExportContextCustomizerFactory$DisableMetricExportContextCustomizer@3eeb318f, org.springframework.boot.test.autoconfigure.properties.PropertyMappingContextCustomizer@0, org.springframework.boot.test.autoconfigure.web.servlet.WebDriverContextCustomizerFactory$Customizer@7b8233cd, org.springframework.boot.test.context.filter.ExcludeFilterContextCustomizer@4da602fc, org.springframework.boot.test.json.DuplicateJsonObjectContextCustomizerFactory$DuplicateJsonObjectContextCustomizer@4c398c80, org.springframework.boot.test.mock.mockito.MockitoContextCustomizer@22cc028a], contextLoader = 'org.springframework.test.context.support.DelegatingSmartContextLoader', parent = [null]]]
21:38:34.504 [Test worker] DEBUG org.springframework.test.context.cache - Spring test ApplicationContext cache statistics: [DefaultContextCache@3419e23b size = 1, maxSize = 32, parentContextCount = 0, hitCount = 25, missCount = 1]
21:38:34.505 [Test worker] DEBUG org.springframework.test.context.cache.DefaultCacheAwareContextLoaderDelegate - Retrieved ApplicationContext [1191864687] from cache with key [[MergedContextConfiguration@f79a760 testClass = DefaultCharacterManagerTest, locations = '{}', classes = '{class org.waldreg.character.management.DefaultCharacterManager, class org.waldreg.character.permission.management.PermissionUnitManager}', contextInitializerClasses = '[]', activeProfiles = '{}', propertySourceLocations = '{}', propertySourceProperties = '{}', contextCustomizers = set[org.springframework.boot.test.autoconfigure.actuate.metrics.MetricsExportContextCustomizerFactory$DisableMetricExportContextCustomizer@3eeb318f, org.springframework.boot.test.autoconfigure.properties.PropertyMappingContextCustomizer@0, org.springframework.boot.test.autoconfigure.web.servlet.WebDriverContextCustomizerFactory$Customizer@7b8233cd, org.springframework.boot.test.context.filter.ExcludeFilterContextCustomizer@4da602fc, org.springframework.boot.test.json.DuplicateJsonObjectContextCustomizerFactory$DuplicateJsonObjectContextCustomizer@4c398c80, org.springframework.boot.test.mock.mockito.MockitoContextCustomizer@22cc028a], contextLoader = 'org.springframework.test.context.support.DelegatingSmartContextLoader', parent = [null]]]
21:38:34.505 [Test worker] DEBUG org.springframework.test.context.cache - Spring test ApplicationContext cache statistics: [DefaultContextCache@3419e23b size = 1, maxSize = 32, parentContextCount = 0, hitCount = 26, missCount = 1]
21:38:34.505 [Test worker] DEBUG org.springframework.test.context.support.AbstractDirtiesContextTestExecutionListener - Before test method: context [DefaultTestContext@636e8cc testClass = DefaultCharacterManagerTest, testInstance = org.waldreg.character.management.DefaultCharacterManagerTest@320a8ebf, testMethod = CREATE_NEW_CHARACTER_FAIL_INVALID_STATUS_NAME_TEST@DefaultCharacterManagerTest, testException = [null], mergedContextConfiguration = [MergedContextConfiguration@f79a760 testClass = DefaultCharacterManagerTest, locations = '{}', classes = '{class org.waldreg.character.management.DefaultCharacterManager, class org.waldreg.character.permission.management.PermissionUnitManager}', contextInitializerClasses = '[]', activeProfiles = '{}', propertySourceLocations = '{}', propertySourceProperties = '{}', contextCustomizers = set[org.springframework.boot.test.autoconfigure.actuate.metrics.MetricsExportContextCustomizerFactory$DisableMetricExportContextCustomizer@3eeb318f, org.springframework.boot.test.autoconfigure.properties.PropertyMappingContextCustomizer@0, org.springframework.boot.test.autoconfigure.web.servlet.WebDriverContextCustomizerFactory$Customizer@7b8233cd, org.springframework.boot.test.context.filter.ExcludeFilterContextCustomizer@4da602fc, org.springframework.boot.test.json.DuplicateJsonObjectContextCustomizerFactory$DuplicateJsonObjectContextCustomizer@4c398c80, org.springframework.boot.test.mock.mockito.MockitoContextCustomizer@22cc028a], contextLoader = 'org.springframework.test.context.support.DelegatingSmartContextLoader', parent = [null]], attributes = map['org.springframework.test.context.event.ApplicationEventsTestExecutionListener.recordApplicationEvents' -> false]], class annotated with @DirtiesContext [false] with mode [null], method annotated with @DirtiesContext [false] with mode [null].
21:38:34.505 [Test worker] DEBUG org.springframework.test.context.cache.DefaultCacheAwareContextLoaderDelegate - Retrieved ApplicationContext [1191864687] from cache with key [[MergedContextConfiguration@f79a760 testClass = DefaultCharacterManagerTest, locations = '{}', classes = '{class org.waldreg.character.management.DefaultCharacterManager, class org.waldreg.character.permission.management.PermissionUnitManager}', contextInitializerClasses = '[]', activeProfiles = '{}', propertySourceLocations = '{}', propertySourceProperties = '{}', contextCustomizers = set[org.springframework.boot.test.autoconfigure.actuate.metrics.MetricsExportContextCustomizerFactory$DisableMetricExportContextCustomizer@3eeb318f, org.springframework.boot.test.autoconfigure.properties.PropertyMappingContextCustomizer@0, org.springframework.boot.test.autoconfigure.web.servlet.WebDriverContextCustomizerFactory$Customizer@7b8233cd, org.springframework.boot.test.context.filter.ExcludeFilterContextCustomizer@4da602fc, org.springframework.boot.test.json.DuplicateJsonObjectContextCustomizerFactory$DuplicateJsonObjectContextCustomizer@4c398c80, org.springframework.boot.test.mock.mockito.MockitoContextCustomizer@22cc028a], contextLoader = 'org.springframework.test.context.support.DelegatingSmartContextLoader', parent = [null]]]
21:38:34.505 [Test worker] DEBUG org.springframework.test.context.cache - Spring test ApplicationContext cache statistics: [DefaultContextCache@3419e23b size = 1, maxSize = 32, parentContextCount = 0, hitCount = 27, missCount = 1]
21:38:34.505 [Test worker] DEBUG org.springframework.test.context.cache.DefaultCacheAwareContextLoaderDelegate - Retrieved ApplicationContext [1191864687] from cache with key [[MergedContextConfiguration@f79a760 testClass = DefaultCharacterManagerTest, locations = '{}', classes = '{class org.waldreg.character.management.DefaultCharacterManager, class org.waldreg.character.permission.management.PermissionUnitManager}', contextInitializerClasses = '[]', activeProfiles = '{}', propertySourceLocations = '{}', propertySourceProperties = '{}', contextCustomizers = set[org.springframework.boot.test.autoconfigure.actuate.metrics.MetricsExportContextCustomizerFactory$DisableMetricExportContextCustomizer@3eeb318f, org.springframework.boot.test.autoconfigure.properties.PropertyMappingContextCustomizer@0, org.springframework.boot.test.autoconfigure.web.servlet.WebDriverContextCustomizerFactory$Customizer@7b8233cd, org.springframework.boot.test.context.filter.ExcludeFilterContextCustomizer@4da602fc, org.springframework.boot.test.json.DuplicateJsonObjectContextCustomizerFactory$DuplicateJsonObjectContextCustomizer@4c398c80, org.springframework.boot.test.mock.mockito.MockitoContextCustomizer@22cc028a], contextLoader = 'org.springframework.test.context.support.DelegatingSmartContextLoader', parent = [null]]]
21:38:34.505 [Test worker] DEBUG org.springframework.test.context.cache - Spring test ApplicationContext cache statistics: [DefaultContextCache@3419e23b size = 1, maxSize = 32, parentContextCount = 0, hitCount = 28, missCount = 1]
21:38:34.506 [Test worker] DEBUG org.springframework.test.context.cache.DefaultCacheAwareContextLoaderDelegate - Retrieved ApplicationContext [1191864687] from cache with key [[MergedContextConfiguration@f79a760 testClass = DefaultCharacterManagerTest, locations = '{}', classes = '{class org.waldreg.character.management.DefaultCharacterManager, class org.waldreg.character.permission.management.PermissionUnitManager}', contextInitializerClasses = '[]', activeProfiles = '{}', propertySourceLocations = '{}', propertySourceProperties = '{}', contextCustomizers = set[org.springframework.boot.test.autoconfigure.actuate.metrics.MetricsExportContextCustomizerFactory$DisableMetricExportContextCustomizer@3eeb318f, org.springframework.boot.test.autoconfigure.properties.PropertyMappingContextCustomizer@0, org.springframework.boot.test.autoconfigure.web.servlet.WebDriverContextCustomizerFactory$Customizer@7b8233cd, org.springframework.boot.test.context.filter.ExcludeFilterContextCustomizer@4da602fc, org.springframework.boot.test.json.DuplicateJsonObjectContextCustomizerFactory$DuplicateJsonObjectContextCustomizer@4c398c80, org.springframework.boot.test.mock.mockito.MockitoContextCustomizer@22cc028a], contextLoader = 'org.springframework.test.context.support.DelegatingSmartContextLoader', parent = [null]]]
21:38:34.506 [Test worker] DEBUG org.springframework.test.context.cache - Spring test ApplicationContext cache statistics: [DefaultContextCache@3419e23b size = 1, maxSize = 32, parentContextCount = 0, hitCount = 29, missCount = 1]
21:38:34.509 [Test worker] DEBUG org.springframework.test.context.cache.DefaultCacheAwareContextLoaderDelegate - Retrieved ApplicationContext [1191864687] from cache with key [[MergedContextConfiguration@f79a760 testClass = DefaultCharacterManagerTest, locations = '{}', classes = '{class org.waldreg.character.management.DefaultCharacterManager, class org.waldreg.character.permission.management.PermissionUnitManager}', contextInitializerClasses = '[]', activeProfiles = '{}', propertySourceLocations = '{}', propertySourceProperties = '{}', contextCustomizers = set[org.springframework.boot.test.autoconfigure.actuate.metrics.MetricsExportContextCustomizerFactory$DisableMetricExportContextCustomizer@3eeb318f, org.springframework.boot.test.autoconfigure.properties.PropertyMappingContextCustomizer@0, org.springframework.boot.test.autoconfigure.web.servlet.WebDriverContextCustomizerFactory$Customizer@7b8233cd, org.springframework.boot.test.context.filter.ExcludeFilterContextCustomizer@4da602fc, org.springframework.boot.test.json.DuplicateJsonObjectContextCustomizerFactory$DuplicateJsonObjectContextCustomizer@4c398c80, org.springframework.boot.test.mock.mockito.MockitoContextCustomizer@22cc028a], contextLoader = 'org.springframework.test.context.support.DelegatingSmartContextLoader', parent = [null]]]
21:38:34.509 [Test worker] DEBUG org.springframework.test.context.cache - Spring test ApplicationContext cache statistics: [DefaultContextCache@3419e23b size = 1, maxSize = 32, parentContextCount = 0, hitCount = 30, missCount = 1]
21:38:34.509 [Test worker] DEBUG org.springframework.test.context.cache.DefaultCacheAwareContextLoaderDelegate - Retrieved ApplicationContext [1191864687] from cache with key [[MergedContextConfiguration@f79a760 testClass = DefaultCharacterManagerTest, locations = '{}', classes = '{class org.waldreg.character.management.DefaultCharacterManager, class org.waldreg.character.permission.management.PermissionUnitManager}', contextInitializerClasses = '[]', activeProfiles = '{}', propertySourceLocations = '{}', propertySourceProperties = '{}', contextCustomizers = set[org.springframework.boot.test.autoconfigure.actuate.metrics.MetricsExportContextCustomizerFactory$DisableMetricExportContextCustomizer@3eeb318f, org.springframework.boot.test.autoconfigure.properties.PropertyMappingContextCustomizer@0, org.springframework.boot.test.autoconfigure.web.servlet.WebDriverContextCustomizerFactory$Customizer@7b8233cd, org.springframework.boot.test.context.filter.ExcludeFilterContextCustomizer@4da602fc, org.springframework.boot.test.json.DuplicateJsonObjectContextCustomizerFactory$DuplicateJsonObjectContextCustomizer@4c398c80, org.springframework.boot.test.mock.mockito.MockitoContextCustomizer@22cc028a], contextLoader = 'org.springframework.test.context.support.DelegatingSmartContextLoader', parent = [null]]]
21:38:34.509 [Test worker] DEBUG org.springframework.test.context.cache - Spring test ApplicationContext cache statistics: [DefaultContextCache@3419e23b size = 1, maxSize = 32, parentContextCount = 0, hitCount = 31, missCount = 1]
21:38:34.509 [Test worker] DEBUG org.springframework.test.context.cache.DefaultCacheAwareContextLoaderDelegate - Retrieved ApplicationContext [1191864687] from cache with key [[MergedContextConfiguration@f79a760 testClass = DefaultCharacterManagerTest, locations = '{}', classes = '{class org.waldreg.character.management.DefaultCharacterManager, class org.waldreg.character.permission.management.PermissionUnitManager}', contextInitializerClasses = '[]', activeProfiles = '{}', propertySourceLocations = '{}', propertySourceProperties = '{}', contextCustomizers = set[org.springframework.boot.test.autoconfigure.actuate.metrics.MetricsExportContextCustomizerFactory$DisableMetricExportContextCustomizer@3eeb318f, org.springframework.boot.test.autoconfigure.properties.PropertyMappingContextCustomizer@0, org.springframework.boot.test.autoconfigure.web.servlet.WebDriverContextCustomizerFactory$Customizer@7b8233cd, org.springframework.boot.test.context.filter.ExcludeFilterContextCustomizer@4da602fc, org.springframework.boot.test.json.DuplicateJsonObjectContextCustomizerFactory$DuplicateJsonObjectContextCustomizer@4c398c80, org.springframework.boot.test.mock.mockito.MockitoContextCustomizer@22cc028a], contextLoader = 'org.springframework.test.context.support.DelegatingSmartContextLoader', parent = [null]]]
21:38:34.509 [Test worker] DEBUG org.springframework.test.context.cache - Spring test ApplicationContext cache statistics: [DefaultContextCache@3419e23b size = 1, maxSize = 32, parentContextCount = 0, hitCount = 32, missCount = 1]
[...]
21:38:34.531 [Test worker] DEBUG org.springframework.test.context.cache.DefaultCacheAwareContextLoaderDelegate - Retrieved ApplicationContext [1191864687] from cache with key [[MergedContextConfiguration@f79a760 testClass = DefaultCharacterManagerTest, locations = '{}', classes = '{class org.waldreg.character.management.DefaultCharacterManager, class org.waldreg.character.permission.management.PermissionUnitManager}', contextInitializerClasses = '[]', activeProfiles = '{}', propertySourceLocations = '{}', propertySourceProperties = '{}', contextCustomizers = set[org.springframework.boot.test.autoconfigure.actuate.metrics.MetricsExportContextCustomizerFactory$DisableMetricExportContextCustomizer@3eeb318f, org.springframework.boot.test.autoconfigure.properties.PropertyMappingContextCustomizer@0, org.springframework.boot.test.autoconfigure.web.servlet.WebDriverContextCustomizerFactory$Customizer@7b8233cd, org.springframework.boot.test.context.filter.ExcludeFilterContextCustomizer@4da602fc, org.springframework.boot.test.json.DuplicateJsonObjectContextCustomizerFactory$DuplicateJsonObjectContextCustomizer@4c398c80, org.springframework.boot.test.mock.mockito.MockitoContextCustomizer@22cc028a], contextLoader = 'org.springframework.test.context.support.DelegatingSmartContextLoader', parent = [null]]]
21:38:34.531 [Test worker] DEBUG org.springframework.test.context.cache - Spring test ApplicationContext cache statistics: [DefaultContextCache@3419e23b size = 1, maxSize = 32, parentContextCount = 0, hitCount = 111, missCount = 1]
21:38:34.531 [Test worker] DEBUG org.springframework.test.context.cache.DefaultCacheAwareContextLoaderDelegate - Retrieved ApplicationContext [1191864687] from cache with key [[MergedContextConfiguration@f79a760 testClass = DefaultCharacterManagerTest, locations = '{}', classes = '{class org.waldreg.character.management.DefaultCharacterManager, class org.waldreg.character.permission.management.PermissionUnitManager}', contextInitializerClasses = '[]', activeProfiles = '{}', propertySourceLocations = '{}', propertySourceProperties = '{}', contextCustomizers = set[org.springframework.boot.test.autoconfigure.actuate.metrics.MetricsExportContextCustomizerFactory$DisableMetricExportContextCustomizer@3eeb318f, org.springframework.boot.test.autoconfigure.properties.PropertyMappingContextCustomizer@0, org.springframework.boot.test.autoconfigure.web.servlet.WebDriverContextCustomizerFactory$Customizer@7b8233cd, org.springframework.boot.test.context.filter.ExcludeFilterContextCustomizer@4da602fc, org.springframework.boot.test.json.DuplicateJsonObjectContextCustomizerFactory$DuplicateJsonObjectContextCustomizer@4c398c80, org.springframework.boot.test.mock.mockito.MockitoContextCustomizer@22cc028a], contextLoader = 'org.springframework.test.context.support.DelegatingSmartContextLoader', parent = [null]]]
21:38:34.531 [Test worker] DEBUG org.springframework.test.context.cache - Spring test ApplicationContext cache statistics: [DefaultContextCache@3419e23b size = 1, maxSize = 32, parentContextCount = 0, hitCount = 112, missCount = 1]
21:38:34.532 [Test worker] DEBUG org.springframework.test.context.cache.DefaultCacheAwareContextLoaderDelegate - Retrieved ApplicationContext [1191864687] from cache with key [[MergedContextConfiguration@f79a760 testClass = DefaultCharacterManagerTest, locations = '{}', classes = '{class org.waldreg.character.management.DefaultCharacterManager, class org.waldreg.character.permission.management.PermissionUnitManager}', contextInitializerClasses = '[]', activeProfiles = '{}', propertySourceLocations = '{}', propertySourceProperties = '{}', contextCustomizers = set[org.springframework.boot.test.autoconfigure.actuate.metrics.MetricsExportContextCustomizerFactory$DisableMetricExportContextCustomizer@3eeb318f, org.springframework.boot.test.autoconfigure.properties.PropertyMappingContextCustomizer@0, org.springframework.boot.test.autoconfigure.web.servlet.WebDriverContextCustomizerFactory$Customizer@7b8233cd, org.springframework.boot.test.context.filter.ExcludeFilterContextCustomizer@4da602fc, org.springframework.boot.test.json.DuplicateJsonObjectContextCustomizerFactory$DuplicateJsonObjectContextCustomizer@4c398c80, org.springframework.boot.test.mock.mockito.MockitoContextCustomizer@22cc028a], contextLoader = 'org.springframework.test.context.support.DelegatingSmartContextLoader', parent = [null]]]
21:38:34.532 [Test worker] DEBUG org.springframework.test.context.cache - Spring test ApplicationContext cache statistics: [DefaultContextCache@3419e23b size = 1, maxSize = 32, parentContextCount = 0, hitCount = 113, missCount = 1]
21:38:34.532 [Test worker] DEBUG org.springframework.test.context.cache.DefaultCacheAwareContextLoaderDelegate - Retrieved ApplicationContext [1191864687] from cache with key [[MergedContextConfiguration@f79a760 testClass = DefaultCharacterManagerTest, locations = '{}', classes = '{class org.waldreg.character.management.DefaultCharacterManager, class org.waldreg.character.permission.management.PermissionUnitManager}', contextInitializerClasses = '[]', activeProfiles = '{}', propertySourceLocations = '{}', propertySourceProperties = '{}', contextCustomizers = set[org.springframework.boot.test.autoconfigure.actuate.metrics.MetricsExportContextCustomizerFactory$DisableMetricExportContextCustomizer@3eeb318f, org.springframework.boot.test.autoconfigure.properties.PropertyMappingContextCustomizer@0, org.springframework.boot.test.autoconfigure.web.servlet.WebDriverContextCustomizerFactory$Customizer@7b8233cd, org.springframework.boot.test.context.filter.ExcludeFilterContextCustomizer@4da602fc, org.springframework.boot.test.json.DuplicateJsonObjectContextCustomizerFactory$DuplicateJsonObjectContextCustomizer@4c398c80, org.springframework.boot.test.mock.mockito.MockitoContextCustomizer@22cc028a], contextLoader = 'org.springframework.test.context.support.DelegatingSmartContextLoader', parent = [null]]]
21:38:34.532 [Test worker] DEBUG org.springframework.test.context.cache - Spring test ApplicationContext cache statistics: [DefaultContextCache@3419e23b size = 1, maxSize = 32, parentContextCount = 0, hitCount = 114, missCount = 1]
21:38:34.532 [Test worker] DEBUG org.springframework.test.context.cache.DefaultCacheAwareContextLoaderDelegate - Retrieved ApplicationContext [1191864687] from cache with key [[MergedContextConfiguration@f79a760 testClass = DefaultCharacterManagerTest, locations = '{}', classes = '{class org.waldreg.character.management.DefaultCharacterManager, class org.waldreg.character.permission.management.PermissionUnitManager}', contextInitializerClasses = '[]', activeProfiles = '{}', propertySourceLocations = '{}', propertySourceProperties = '{}', contextCustomizers = set[org.springframework.boot.test.autoconfigure.actuate.metrics.MetricsExportContextCustomizerFactory$DisableMetricExportContextCustomizer@3eeb318f, org.springframework.boot.test.autoconfigure.properties.PropertyMappingContextCustomizer@0, org.springframework.boot.test.autoconfigure.web.servlet.WebDriverContextCustomizerFactory$Customizer@7b8233cd, org.springframework.boot.test.context.filter.ExcludeFilterContextCustomizer@4da602fc, org.springframework.boot.test.json.DuplicateJsonObjectContextCustomizerFactory$DuplicateJsonObjectContextCustomizer@4c398c80, org.springframework.boot.test.mock.mockito.MockitoContextCustomizer@22cc028a], contextLoader = 'org.springframework.test.context.support.DelegatingSmartContextLoader', parent = [null]]]
21:38:34.532 [Test worker] DEBUG org.springframework.test.context.cache - Spring test ApplicationContext cache statistics: [DefaultContextCache@3419e23b size = 1, maxSize = 32, parentContextCount = 0, hitCount = 115, missCount = 1]
21:38:34.532 [Test worker] DEBUG org.springframework.test.context.cache.DefaultCacheAwareContextLoaderDelegate - Retrieved ApplicationContext [1191864687] from cache with key [[MergedContextConfiguration@f79a760 testClass = DefaultCharacterManagerTest, locations = '{}', classes = '{class org.waldreg.character.management.DefaultCharacterManager, class org.waldreg.character.permission.management.PermissionUnitManager}', contextInitializerClasses = '[]', activeProfiles = '{}', propertySourceLocations = '{}', propertySourceProperties = '{}', contextCustomizers = set[org.springframework.boot.test.autoconfigure.actuate.metrics.MetricsExportContextCustomizerFactory$DisableMetricExportContextCustomizer@3eeb318f, org.springframework.boot.test.autoconfigure.properties.PropertyMappingContextCustomizer@0, org.springframework.boot.test.autoconfigure.web.servlet.WebDriverContextCustomizerFactory$Customizer@7b8233cd, org.springframework.boot.test.context.filter.ExcludeFilterContextCustomizer@4da602fc, org.springframework.boot.test.json.DuplicateJsonObjectContextCustomizerFactory$DuplicateJsonObjectContextCustomizer@4c398c80, org.springframework.boot.test.mock.mockito.MockitoContextCustomizer@22cc028a], contextLoader = 'org.springframework.test.context.support.DelegatingSmartContextLoader', parent = [null]]]
21:38:34.532 [Test worker] DEBUG org.springframework.test.context.cache - Spring test ApplicationContext cache statistics: [DefaultContextCache@3419e23b size = 1, maxSize = 32, parentContextCount = 0, hitCount = 116, missCount = 1]
21:38:34.532 [Test worker] DEBUG org.springframework.test.context.cache.DefaultCacheAwareContextLoaderDelegate - Retrieved ApplicationContext [1191864687] from cache with key [[MergedContextConfiguration@f79a760 testClass = DefaultCharacterManagerTest, locations = '{}', classes = '{class org.waldreg.character.management.DefaultCharacterManager, class org.waldreg.character.permission.management.PermissionUnitManager}', contextInitializerClasses = '[]', activeProfiles = '{}', propertySourceLocations = '{}', propertySourceProperties = '{}', contextCustomizers = set[org.springframework.boot.test.autoconfigure.actuate.metrics.MetricsExportContextCustomizerFactory$DisableMetricExportContextCustomizer@3eeb318f, org.springframework.boot.test.autoconfigure.properties.PropertyMappingContextCustomizer@0, org.springframework.boot.test.autoconfigure.web.servlet.WebDriverContextCustomizerFactory$Customizer@7b8233cd, org.springframework.boot.test.context.filter.ExcludeFilterContextCustomizer@4da602fc, org.springframework.boot.test.json.DuplicateJsonObjectContextCustomizerFactory$DuplicateJsonObjectContextCustomizer@4c398c80, org.springframework.boot.test.mock.mockito.MockitoContextCustomizer@22cc028a], contextLoader = 'org.springframework.test.context.support.DelegatingSmartContextLoader', parent = [null]]]
21:38:34.532 [Test worker] DEBUG org.springframework.test.context.cache - Spring test ApplicationContext cache statistics: [DefaultContextCache@3419e23b size = 1, maxSize = 32, parentContextCount = 0, hitCount = 117, missCount = 1]
21:38:34.532 [Test worker] DEBUG org.springframework.test.context.cache.DefaultCacheAwareContextLoaderDelegate - Retrieved ApplicationContext [1191864687] from cache with key [[MergedContextConfiguration@f79a760 testClass = DefaultCharacterManagerTest, locations = '{}', classes = '{class org.waldreg.character.management.DefaultCharacterManager, class org.waldreg.character.permission.management.PermissionUnitManager}', contextInitializerClasses = '[]', activeProfiles = '{}', propertySourceLocations = '{}', propertySourceProperties = '{}', contextCustomizers = set[org.springframework.boot.test.autoconfigure.actuate.metrics.MetricsExportContextCustomizerFactory$DisableMetricExportContextCustomizer@3eeb318f, org.springframework.boot.test.autoconfigure.properties.PropertyMappingContextCustomizer@0, org.springframework.boot.test.autoconfigure.web.servlet.WebDriverContextCustomizerFactory$Customizer@7b8233cd, org.springframework.boot.test.context.filter.ExcludeFilterContextCustomizer@4da602fc, org.springframework.boot.test.json.DuplicateJsonObjectContextCustomizerFactory$DuplicateJsonObjectContextCustomizer@4c398c80, org.springframework.boot.test.mock.mockito.MockitoContextCustomizer@22cc028a], contextLoader = 'org.springframework.test.context.support.DelegatingSmartContextLoader', parent = [null]]]
21:38:34.533 [Test worker] DEBUG org.springframework.test.context.cache - Spring test ApplicationContext cache statistics: [DefaultContextCache@3419e23b size = 1, maxSize = 32, parentContextCount = 0, hitCount = 118, missCount = 1]
21:38:34.533 [Test worker] DEBUG org.springframework.test.context.cache.DefaultCacheAwareContextLoaderDelegate - Retrieved ApplicationContext [1191864687] from cache with key [[MergedContextConfiguration@f79a760 testClass = DefaultCharacterManagerTest, locations = '{}', classes = '{class org.waldreg.character.management.DefaultCharacterManager, class org.waldreg.character.permission.management.PermissionUnitManager}', contextInitializerClasses = '[]', activeProfiles = '{}', propertySourceLocations = '{}', propertySourceProperties = '{}', contextCustomizers = set[org.springframework.boot.test.autoconfigure.actuate.metrics.MetricsExportContextCustomizerFactory$DisableMetricExportContextCustomizer@3eeb318f, org.springframework.boot.test.autoconfigure.properties.PropertyMappingContextCustomizer@0, org.springframework.boot.test.autoconfigure.web.servlet.WebDriverContextCustomizerFactory$Customizer@7b8233cd, org.springframework.boot.test.context.filter.ExcludeFilterContextCustomizer@4da602fc, org.springframework.boot.test.json.DuplicateJsonObjectContextCustomizerFactory$DuplicateJsonObjectContextCustomizer@4c398c80, org.springframework.boot.test.mock.mockito.MockitoContextCustomizer@22cc028a], contextLoader = 'org.springframework.test.context.support.DelegatingSmartContextLoader', parent = [null]]]
21:38:34.533 [Test worker] DEBUG org.springframework.test.context.cache - Spring test ApplicationContext cache statistics: [DefaultContextCache@3419e23b size = 1, maxSize = 32, parentContextCount = 0, hitCount = 119, missCount = 1]
21:38:34.533 [Test worker] DEBUG org.springframework.test.context.support.AbstractDirtiesContextTestExecutionListener - After test method: context [DefaultTestContext@636e8cc testClass = DefaultCharacterManagerTest, testInstance = org.waldreg.character.management.DefaultCharacterManagerTest@2133661d, testMethod = UPDATE_CHARACTER_SUCCESS_TEST@DefaultCharacterManagerTest, testException = [null], mergedContextConfiguration = [MergedContextConfiguration@f79a760 testClass = DefaultCharacterManagerTest, locations = '{}', classes = '{class org.waldreg.character.management.DefaultCharacterManager, class org.waldreg.character.permission.management.PermissionUnitManager}', contextInitializerClasses = '[]', activeProfiles = '{}', propertySourceLocations = '{}', propertySourceProperties = '{}', contextCustomizers = set[org.springframework.boot.test.autoconfigure.actuate.metrics.MetricsExportContextCustomizerFactory$DisableMetricExportContextCustomizer@3eeb318f, org.springframework.boot.test.autoconfigure.properties.PropertyMappingContextCustomizer@0, org.springframework.boot.test.autoconfigure.web.servlet.WebDriverContextCustomizerFactory$Customizer@7b8233cd, org.springframework.boot.test.context.filter.ExcludeFilterContextCustomizer@4da602fc, org.springframework.boot.test.json.DuplicateJsonObjectContextCustomizerFactory$DuplicateJsonObjectContextCustomizer@4c398c80, org.springframework.boot.test.mock.mockito.MockitoContextCustomizer@22cc028a], contextLoader = 'org.springframework.test.context.support.DelegatingSmartContextLoader', parent = [null]], attributes = map['org.springframework.test.context.event.ApplicationEventsTestExecutionListener.recordApplicationEvents' -> false]], class annotated with @DirtiesContext [false] with mode [null], method annotated with @DirtiesContext [false] with mode [null].
21:38:34.534 [Test worker] DEBUG org.springframework.test.context.cache.DefaultCacheAwareContextLoaderDelegate - Retrieved ApplicationContext [1191864687] from cache with key [[MergedContextConfiguration@f79a760 testClass = DefaultCharacterManagerTest, locations = '{}', classes = '{class org.waldreg.character.management.DefaultCharacterManager, class org.waldreg.character.permission.management.PermissionUnitManager}', contextInitializerClasses = '[]', activeProfiles = '{}', propertySourceLocations = '{}', propertySourceProperties = '{}', contextCustomizers = set[org.springframework.boot.test.autoconfigure.actuate.metrics.MetricsExportContextCustomizerFactory$DisableMetricExportContextCustomizer@3eeb318f, org.springframework.boot.test.autoconfigure.properties.PropertyMappingContextCustomizer@0, org.springframework.boot.test.autoconfigure.web.servlet.WebDriverContextCustomizerFactory$Customizer@7b8233cd, org.springframework.boot.test.context.filter.ExcludeFilterContextCustomizer@4da602fc, org.springframework.boot.test.json.DuplicateJsonObjectContextCustomizerFactory$DuplicateJsonObjectContextCustomizer@4c398c80, org.springframework.boot.test.mock.mockito.MockitoContextCustomizer@22cc028a], contextLoader = 'org.springframework.test.context.support.DelegatingSmartContextLoader', parent = [null]]]
21:38:34.534 [Test worker] DEBUG org.springframework.test.context.cache - Spring test ApplicationContext cache statistics: [DefaultContextCache@3419e23b size = 1, maxSize = 32, parentContextCount = 0, hitCount = 120, missCount = 1]
21:38:34.534 [Test worker] DEBUG org.springframework.test.context.support.AbstractDirtiesContextTestExecutionListener - After test class: context [DefaultTestContext@636e8cc testClass = DefaultCharacterManagerTest, testInstance = [null], testMethod = [null], testException = [null], mergedContextConfiguration = [MergedContextConfiguration@f79a760 testClass = DefaultCharacterManagerTest, locations = '{}', classes = '{class org.waldreg.character.management.DefaultCharacterManager, class org.waldreg.character.permission.management.PermissionUnitManager}', contextInitializerClasses = '[]', activeProfiles = '{}', propertySourceLocations = '{}', propertySourceProperties = '{}', contextCustomizers = set[org.springframework.boot.test.autoconfigure.actuate.metrics.MetricsExportContextCustomizerFactory$DisableMetricExportContextCustomizer@3eeb318f, org.springframework.boot.test.autoconfigure.properties.PropertyMappingContextCustomizer@0, org.springframework.boot.test.autoconfigure.web.servlet.WebDriverContextCustomizerFactory$Customizer@7b8233cd, org.springframework.boot.test.context.filter.ExcludeFilterContextCustomizer@4da602fc, org.springframework.boot.test.json.DuplicateJsonObjectContextCustomizerFactory$DuplicateJsonObjectContextCustomizer@4c398c80, org.springframework.boot.test.mock.mockito.MockitoContextCustomizer@22cc028a], contextLoader = 'org.springframework.test.context.support.DelegatingSmartContextLoader', parent = [null]], attributes = map['org.springframework.test.context.event.ApplicationEventsTestExecutionListener.recordApplicationEvents' -> false]], class annotated with @DirtiesContext [false] with mode [null].
]]></system-out>
  <system-err><![CDATA[]]></system-err>
</testsuite>
